[2024-04-18 14:02:24,710] INFO [Controller id=0] Processing automatic preferred replica leader election (kafka.controller.KafkaController)
[2024-04-18 14:02:24,710] TRACE [Controller id=0] Checking need to trigger auto leader balancing (kafka.controller.KafkaController)
[2024-04-18 14:02:24,711] DEBUG [Controller id=0] Topics not in preferred replica for broker 0 HashMap() (kafka.controller.KafkaController)
[2024-04-18 14:02:24,711] TRACE [Controller id=0] Leader imbalance ratio for broker 0 is 0.0 (kafka.controller.KafkaController)
[2024-04-18 14:07:24,711] INFO [Controller id=0] Processing automatic preferred replica leader election (kafka.controller.KafkaController)
[2024-04-18 14:07:24,712] TRACE [Controller id=0] Checking need to trigger auto leader balancing (kafka.controller.KafkaController)
[2024-04-18 14:07:24,713] DEBUG [Controller id=0] Topics not in preferred replica for broker 0 HashMap() (kafka.controller.KafkaController)
[2024-04-18 14:07:24,713] TRACE [Controller id=0] Leader imbalance ratio for broker 0 is 0.0 (kafka.controller.KafkaController)
[2024-04-18 14:12:24,713] INFO [Controller id=0] Processing automatic preferred replica leader election (kafka.controller.KafkaController)
[2024-04-18 14:12:24,713] TRACE [Controller id=0] Checking need to trigger auto leader balancing (kafka.controller.KafkaController)
[2024-04-18 14:12:24,714] DEBUG [Controller id=0] Topics not in preferred replica for broker 0 HashMap() (kafka.controller.KafkaController)
[2024-04-18 14:12:24,714] TRACE [Controller id=0] Leader imbalance ratio for broker 0 is 0.0 (kafka.controller.KafkaController)
[2024-04-18 14:16:34,449] DEBUG [Controller id=0] Delete topics listener fired for topics okx_api_perpetual_gta_btc to be deleted (kafka.controller.KafkaController)
[2024-04-18 14:16:34,449] INFO [Controller id=0] Starting topic deletion for topics okx_api_perpetual_gta_btc (kafka.controller.KafkaController)
[2024-04-18 14:16:34,451] INFO [Topic Deletion Manager 0] Handling deletion for topics okx_api_perpetual_gta_btc (kafka.controller.TopicDeletionManager)
[2024-04-18 14:16:34,453] INFO [Topic Deletion Manager 0] Deletion of topic okx_api_perpetual_gta_btc (re)started (kafka.controller.TopicDeletionManager)
[2024-04-18 14:16:34,461] INFO [RequestSendThread controllerId=0] Controller 0 connected to localhost:9092 (id: 0 rack: null) for sending state change requests (kafka.controller.RequestSendThread)
[2024-04-18 14:16:34,559] DEBUG [Controller id=0] Delete topics listener fired for topics okx_api_option_oi_btcusd,okx_api_perpetual_gta_btc,bybit_api_option_option_oioption_btc to be deleted (kafka.controller.KafkaController)
[2024-04-18 14:16:34,559] INFO [Controller id=0] Starting topic deletion for topics okx_api_option_oi_btcusd,okx_api_perpetual_gta_btc,bybit_api_option_option_oioption_btc (kafka.controller.KafkaController)
[2024-04-18 14:16:34,559] INFO [Topic Deletion Manager 0] Handling deletion for topics okx_api_perpetual_gta_btc,okx_api_option_oi_btcusd,bybit_api_option_option_oioption_btc (kafka.controller.TopicDeletionManager)
[2024-04-18 14:16:34,560] INFO [Topic Deletion Manager 0] Deletion of topic okx_api_option_oi_btcusd (re)started (kafka.controller.TopicDeletionManager)
[2024-04-18 14:16:34,561] INFO [Topic Deletion Manager 0] Deletion of topic bybit_api_option_option_oioption_btc (re)started (kafka.controller.TopicDeletionManager)
[2024-04-18 14:16:34,849] DEBUG [Controller id=0] Delete topic callback invoked on StopReplica response received from broker 0: request error = NONE, partition errors = HashMap(okx_api_perpetual_gta_btc-2 -> NONE, okx_api_perpetual_gta_btc-4 -> NONE, okx_api_perpetual_gta_btc-0 -> NONE, okx_api_perpetual_gta_btc-1 -> NONE, okx_api_perpetual_gta_btc-6 -> NONE, okx_api_perpetual_gta_btc-7 -> NONE, okx_api_perpetual_gta_btc-3 -> NONE, okx_api_perpetual_gta_btc-5 -> NONE, okx_api_perpetual_gta_btc-9 -> NONE, okx_api_perpetual_gta_btc-8 -> NONE) (kafka.controller.KafkaController)
[2024-04-18 14:16:34,851] DEBUG [Topic Deletion Manager 0] Deletion successfully completed for replicas [Topic=okx_api_perpetual_gta_btc,Partition=3,Replica=0],[Topic=okx_api_perpetual_gta_btc,Partition=7,Replica=0],[Topic=okx_api_perpetual_gta_btc,Partition=9,Replica=0],[Topic=okx_api_perpetual_gta_btc,Partition=2,Replica=0],[Topic=okx_api_perpetual_gta_btc,Partition=6,Replica=0],[Topic=okx_api_perpetual_gta_btc,Partition=8,Replica=0],[Topic=okx_api_perpetual_gta_btc,Partition=1,Replica=0],[Topic=okx_api_perpetual_gta_btc,Partition=0,Replica=0],[Topic=okx_api_perpetual_gta_btc,Partition=5,Replica=0],[Topic=okx_api_perpetual_gta_btc,Partition=4,Replica=0] (kafka.controller.TopicDeletionManager)
[2024-04-18 14:16:34,852] INFO [Topic Deletion Manager 0] Handling deletion for topics okx_api_perpetual_gta_btc,okx_api_option_oi_btcusd,bybit_api_option_option_oioption_btc (kafka.controller.TopicDeletionManager)
[2024-04-18 14:16:35,220] INFO [Topic Deletion Manager 0] Deletion of topic okx_api_perpetual_gta_btc successfully completed (kafka.controller.TopicDeletionManager)
[2024-04-18 14:16:35,223] INFO [Controller id=0] New topics: [Set()], deleted topics: [HashSet()], new partition replica assignment [Set()] (kafka.controller.KafkaController)
[2024-04-18 14:16:35,225] DEBUG [Controller id=0] Delete topics listener fired for topics okx_api_option_oi_btcusd,bybit_api_option_option_oioption_btc to be deleted (kafka.controller.KafkaController)
[2024-04-18 14:16:35,225] INFO [Controller id=0] Starting topic deletion for topics okx_api_option_oi_btcusd,bybit_api_option_option_oioption_btc (kafka.controller.KafkaController)
[2024-04-18 14:16:35,225] INFO [Topic Deletion Manager 0] Handling deletion for topics okx_api_option_oi_btcusd,bybit_api_option_option_oioption_btc (kafka.controller.TopicDeletionManager)
[2024-04-18 14:16:35,325] DEBUG [Controller id=0] Delete topic callback invoked on StopReplica response received from broker 0: request error = NONE, partition errors = HashMap(okx_api_option_oi_btcusd-0 -> NONE, bybit_api_option_option_oioption_btc-4 -> NONE, bybit_api_option_option_oioption_btc-0 -> NONE, bybit_api_option_option_oioption_btc-1 -> NONE, okx_api_option_oi_btcusd-1 -> NONE, bybit_api_option_option_oioption_btc-2 -> NONE, okx_api_option_oi_btcusd-9 -> NONE, okx_api_option_oi_btcusd-5 -> NONE, bybit_api_option_option_oioption_btc-5 -> NONE, bybit_api_option_option_oioption_btc-7 -> NONE, okx_api_option_oi_btcusd-8 -> NONE, okx_api_option_oi_btcusd-4 -> NONE, bybit_api_option_option_oioption_btc-8 -> NONE, bybit_api_option_option_oioption_btc-6 -> NONE, okx_api_option_oi_btcusd-3 -> NONE, okx_api_option_oi_btcusd-7 -> NONE, bybit_api_option_option_oioption_btc-9 -> NONE, bybit_api_option_option_oioption_btc-3 -> NONE, okx_api_option_oi_btcusd-2 -> NONE, okx_api_option_oi_btcusd-6 -> NONE) (kafka.controller.KafkaController)
[2024-04-18 14:16:35,326] DEBUG [Topic Deletion Manager 0] Deletion successfully completed for replicas [Topic=bybit_api_option_option_oioption_btc,Partition=3,Replica=0],[Topic=okx_api_option_oi_btcusd,Partition=0,Replica=0],[Topic=bybit_api_option_option_oioption_btc,Partition=5,Replica=0],[Topic=bybit_api_option_option_oioption_btc,Partition=7,Replica=0],[Topic=bybit_api_option_option_oioption_btc,Partition=6,Replica=0],[Topic=okx_api_option_oi_btcusd,Partition=1,Replica=0],[Topic=okx_api_option_oi_btcusd,Partition=8,Replica=0],[Topic=bybit_api_option_option_oioption_btc,Partition=9,Replica=0],[Topic=bybit_api_option_option_oioption_btc,Partition=4,Replica=0],[Topic=okx_api_option_oi_btcusd,Partition=6,Replica=0],[Topic=bybit_api_option_option_oioption_btc,Partition=0,Replica=0],[Topic=okx_api_option_oi_btcusd,Partition=7,Replica=0],[Topic=bybit_api_option_option_oioption_btc,Partition=1,Replica=0],[Topic=bybit_api_option_option_oioption_btc,Partition=2,Replica=0],[Topic=okx_api_option_oi_btcusd,Partition=5,Replica=0],[Topic=okx_api_option_oi_btcusd,Partition=9,Replica=0],[Topic=bybit_api_option_option_oioption_btc,Partition=8,Replica=0],[Topic=okx_api_option_oi_btcusd,Partition=3,Replica=0],[Topic=okx_api_option_oi_btcusd,Partition=2,Replica=0],[Topic=okx_api_option_oi_btcusd,Partition=4,Replica=0] (kafka.controller.TopicDeletionManager)
[2024-04-18 14:16:35,327] INFO [Topic Deletion Manager 0] Handling deletion for topics okx_api_option_oi_btcusd,bybit_api_option_option_oioption_btc (kafka.controller.TopicDeletionManager)
[2024-04-18 14:16:35,528] INFO [Topic Deletion Manager 0] Deletion of topic okx_api_option_oi_btcusd successfully completed (kafka.controller.TopicDeletionManager)
[2024-04-18 14:16:35,717] INFO [Topic Deletion Manager 0] Deletion of topic bybit_api_option_option_oioption_btc successfully completed (kafka.controller.TopicDeletionManager)
[2024-04-18 14:16:35,718] INFO [Controller id=0] New topics: [Set()], deleted topics: [HashSet()], new partition replica assignment [Set()] (kafka.controller.KafkaController)
[2024-04-18 14:16:35,718] DEBUG [Controller id=0] Delete topics listener fired for topics  to be deleted (kafka.controller.KafkaController)
[2024-04-18 14:17:24,715] INFO [Controller id=0] Processing automatic preferred replica leader election (kafka.controller.KafkaController)
[2024-04-18 14:17:24,715] TRACE [Controller id=0] Checking need to trigger auto leader balancing (kafka.controller.KafkaController)
[2024-04-18 14:22:24,715] INFO [Controller id=0] Processing automatic preferred replica leader election (kafka.controller.KafkaController)
[2024-04-18 14:22:24,715] TRACE [Controller id=0] Checking need to trigger auto leader balancing (kafka.controller.KafkaController)
[2024-04-18 14:27:24,715] INFO [Controller id=0] Processing automatic preferred replica leader election (kafka.controller.KafkaController)
[2024-04-18 14:27:24,716] TRACE [Controller id=0] Checking need to trigger auto leader balancing (kafka.controller.KafkaController)
[2024-04-18 14:32:24,716] INFO [Controller id=0] Processing automatic preferred replica leader election (kafka.controller.KafkaController)
[2024-04-18 14:32:24,716] TRACE [Controller id=0] Checking need to trigger auto leader balancing (kafka.controller.KafkaController)
[2024-04-18 14:37:24,716] INFO [Controller id=0] Processing automatic preferred replica leader election (kafka.controller.KafkaController)
[2024-04-18 14:37:24,716] TRACE [Controller id=0] Checking need to trigger auto leader balancing (kafka.controller.KafkaController)
