[2024-04-30T12:51:26.349+0000][gc,heap] Heap region size: 1M
[2024-04-30T12:51:26.362+0000][gc     ] Using G1
[2024-04-30T12:51:26.362+0000][gc,heap,coops] Heap address: 0x00000000c0000000, size: 1024 MB, Compressed Oops mode: 32-bit
[2024-04-30T12:51:27.020+0000][gc,start     ] GC(0) Pause Young (Concurrent Start) (Metadata GC Threshold)
[2024-04-30T12:51:27.022+0000][gc,task      ] GC(0) Using 13 workers of 13 for evacuation
[2024-04-30T12:51:27.029+0000][gc,phases    ] GC(0)   Pre Evacuate Collection Set: 0.1ms
[2024-04-30T12:51:27.029+0000][gc,phases    ] GC(0)   Evacuate Collection Set: 6.1ms
[2024-04-30T12:51:27.029+0000][gc,phases    ] GC(0)   Post Evacuate Collection Set: 0.5ms
[2024-04-30T12:51:27.029+0000][gc,phases    ] GC(0)   Other: 1.8ms
[2024-04-30T12:51:27.029+0000][gc,heap      ] GC(0) Eden regions: 47->0(44)
[2024-04-30T12:51:27.029+0000][gc,heap      ] GC(0) Survivor regions: 0->7(7)
[2024-04-30T12:51:27.029+0000][gc,heap      ] GC(0) Old regions: 0->1
[2024-04-30T12:51:27.029+0000][gc,heap      ] GC(0) Humongous regions: 0->0
[2024-04-30T12:51:27.029+0000][gc,metaspace ] GC(0) Metaspace: 20695K(21248K)->20695K(21248K) NonClass: 18514K(18944K)->18514K(18944K) Class: 2180K(2304K)->2180K(2304K)
[2024-04-30T12:51:27.029+0000][gc           ] GC(0) Pause Young (Concurrent Start) (Metadata GC Threshold) 46M->7M(1024M) 8.492ms
[2024-04-30T12:51:27.029+0000][gc,cpu       ] GC(0) User=0.02s Sys=0.01s Real=0.01s
[2024-04-30T12:51:27.029+0000][gc           ] GC(1) Concurrent Cycle
[2024-04-30T12:51:27.029+0000][gc,marking   ] GC(1) Concurrent Clear Claimed Marks
[2024-04-30T12:51:27.029+0000][gc,marking   ] GC(1) Concurrent Clear Claimed Marks 0.015ms
[2024-04-30T12:51:27.029+0000][gc,marking   ] GC(1) Concurrent Scan Root Regions
[2024-04-30T12:51:27.030+0000][gc,marking   ] GC(1) Concurrent Scan Root Regions 1.593ms
[2024-04-30T12:51:27.030+0000][gc,marking   ] GC(1) Concurrent Mark (0.684s)
[2024-04-30T12:51:27.030+0000][gc,marking   ] GC(1) Concurrent Mark From Roots
[2024-04-30T12:51:27.030+0000][gc,task      ] GC(1) Using 3 workers of 3 for marking
[2024-04-30T12:51:27.031+0000][gc,marking   ] GC(1) Concurrent Mark From Roots 1.026ms
[2024-04-30T12:51:27.032+0000][gc,marking   ] GC(1) Concurrent Preclean
[2024-04-30T12:51:27.032+0000][gc,marking   ] GC(1) Concurrent Preclean 0.115ms
[2024-04-30T12:51:27.032+0000][gc,marking   ] GC(1) Concurrent Mark (0.684s, 0.685s) 1.187ms
[2024-04-30T12:51:27.032+0000][gc,start     ] GC(1) Pause Remark
[2024-04-30T12:51:27.033+0000][gc,stringtable] GC(1) Cleaned string and symbol table, strings: 8055 processed, 0 removed, symbols: 65708 processed, 26 removed
[2024-04-30T12:51:27.034+0000][gc            ] GC(1) Pause Remark 8M->8M(1024M) 1.412ms
[2024-04-30T12:51:27.034+0000][gc,cpu        ] GC(1) User=0.01s Sys=0.00s Real=0.00s
[2024-04-30T12:51:27.034+0000][gc,marking    ] GC(1) Concurrent Rebuild Remembered Sets
[2024-04-30T12:51:27.034+0000][gc,marking    ] GC(1) Concurrent Rebuild Remembered Sets 0.385ms
[2024-04-30T12:51:27.034+0000][gc,start      ] GC(1) Pause Cleanup
[2024-04-30T12:51:27.034+0000][gc            ] GC(1) Pause Cleanup 8M->8M(1024M) 0.241ms
[2024-04-30T12:51:27.034+0000][gc,cpu        ] GC(1) User=0.00s Sys=0.00s Real=0.00s
[2024-04-30T12:51:27.034+0000][gc,marking    ] GC(1) Concurrent Cleanup for Next Mark
[2024-04-30T12:51:27.037+0000][gc,marking    ] GC(1) Concurrent Cleanup for Next Mark 2.522ms
[2024-04-30T12:51:27.037+0000][gc            ] GC(1) Concurrent Cycle 8.219ms
[2024-04-30T12:51:27.493+0000][gc,start      ] GC(2) Pause Young (Normal) (G1 Evacuation Pause)
[2024-04-30T12:51:27.493+0000][gc,task       ] GC(2) Using 13 workers of 13 for evacuation
[2024-04-30T12:51:27.499+0000][gc,phases     ] GC(2)   Pre Evacuate Collection Set: 0.0ms
[2024-04-30T12:51:27.499+0000][gc,phases     ] GC(2)   Evacuate Collection Set: 5.2ms
[2024-04-30T12:51:27.499+0000][gc,phases     ] GC(2)   Post Evacuate Collection Set: 0.8ms
[2024-04-30T12:51:27.499+0000][gc,phases     ] GC(2)   Other: 0.2ms
[2024-04-30T12:51:27.499+0000][gc,heap       ] GC(2) Eden regions: 44->0(49)
[2024-04-30T12:51:27.499+0000][gc,heap       ] GC(2) Survivor regions: 7->2(7)
[2024-04-30T12:51:27.499+0000][gc,heap       ] GC(2) Old regions: 1->8
[2024-04-30T12:51:27.500+0000][gc,heap       ] GC(2) Humongous regions: 0->0
[2024-04-30T12:51:27.500+0000][gc,metaspace  ] GC(2) Metaspace: 30164K(31100K)->30164K(31100K) NonClass: 26772K(27392K)->26772K(27392K) Class: 3392K(3708K)->3392K(3708K)
[2024-04-30T12:51:27.500+0000][gc            ] GC(2) Pause Young (Normal) (G1 Evacuation Pause) 51M->9M(1024M) 6.220ms
[2024-04-30T12:51:27.500+0000][gc,cpu        ] GC(2) User=0.05s Sys=0.00s Real=0.01s
[2024-04-30T12:51:28.102+0000][gc,start      ] GC(3) Pause Young (Concurrent Start) (Metadata GC Threshold)
[2024-04-30T12:51:28.102+0000][gc,task       ] GC(3) Using 13 workers of 13 for evacuation
[2024-04-30T12:51:28.105+0000][gc,phases     ] GC(3)   Pre Evacuate Collection Set: 0.1ms
[2024-04-30T12:51:28.105+0000][gc,phases     ] GC(3)   Evacuate Collection Set: 2.1ms
[2024-04-30T12:51:28.105+0000][gc,phases     ] GC(3)   Post Evacuate Collection Set: 0.6ms
[2024-04-30T12:51:28.105+0000][gc,phases     ] GC(3)   Other: 0.2ms
[2024-04-30T12:51:28.105+0000][gc,heap       ] GC(3) Eden regions: 44->0(47)
[2024-04-30T12:51:28.105+0000][gc,heap       ] GC(3) Survivor regions: 2->4(7)
[2024-04-30T12:51:28.105+0000][gc,heap       ] GC(3) Old regions: 8->8
[2024-04-30T12:51:28.105+0000][gc,heap       ] GC(3) Humongous regions: 129->129
[2024-04-30T12:51:28.105+0000][gc,metaspace  ] GC(3) Metaspace: 35113K(36048K)->35113K(36048K) NonClass: 31222K(31700K)->31222K(31700K) Class: 3891K(4348K)->3891K(4348K)
[2024-04-30T12:51:28.105+0000][gc            ] GC(3) Pause Young (Concurrent Start) (Metadata GC Threshold) 182M->140M(1024M) 3.080ms
[2024-04-30T12:51:28.105+0000][gc,cpu        ] GC(3) User=0.02s Sys=0.01s Real=0.00s
[2024-04-30T12:51:28.105+0000][gc            ] GC(4) Concurrent Cycle
[2024-04-30T12:51:28.105+0000][gc,marking    ] GC(4) Concurrent Clear Claimed Marks
[2024-04-30T12:51:28.106+0000][gc,marking    ] GC(4) Concurrent Clear Claimed Marks 0.032ms
[2024-04-30T12:51:28.106+0000][gc,marking    ] GC(4) Concurrent Scan Root Regions
[2024-04-30T12:51:28.107+0000][gc,marking    ] GC(4) Concurrent Scan Root Regions 1.236ms
[2024-04-30T12:51:28.107+0000][gc,marking    ] GC(4) Concurrent Mark (1.760s)
[2024-04-30T12:51:28.107+0000][gc,marking    ] GC(4) Concurrent Mark From Roots
[2024-04-30T12:51:28.107+0000][gc,task       ] GC(4) Using 3 workers of 3 for marking
[2024-04-30T12:51:28.110+0000][gc,marking    ] GC(4) Concurrent Mark From Roots 3.420ms
[2024-04-30T12:51:28.110+0000][gc,marking    ] GC(4) Concurrent Preclean
[2024-04-30T12:51:28.110+0000][gc,marking    ] GC(4) Concurrent Preclean 0.119ms
[2024-04-30T12:51:28.110+0000][gc,marking    ] GC(4) Concurrent Mark (1.760s, 1.764s) 3.576ms
[2024-04-30T12:51:28.111+0000][gc,start      ] GC(4) Pause Remark
[2024-04-30T12:51:28.112+0000][gc,stringtable] GC(4) Cleaned string and symbol table, strings: 11816 processed, 10 removed, symbols: 100548 processed, 26 removed
[2024-04-30T12:51:28.113+0000][gc            ] GC(4) Pause Remark 141M->141M(1024M) 2.146ms
[2024-04-30T12:51:28.113+0000][gc,cpu        ] GC(4) User=0.02s Sys=0.00s Real=0.00s
[2024-04-30T12:51:28.113+0000][gc,marking    ] GC(4) Concurrent Rebuild Remembered Sets
[2024-04-30T12:51:28.115+0000][gc,marking    ] GC(4) Concurrent Rebuild Remembered Sets 2.126ms
[2024-04-30T12:51:28.115+0000][gc,start      ] GC(4) Pause Cleanup
[2024-04-30T12:51:28.115+0000][gc            ] GC(4) Pause Cleanup 141M->141M(1024M) 0.202ms
[2024-04-30T12:51:28.115+0000][gc,cpu        ] GC(4) User=0.00s Sys=0.00s Real=0.00s
[2024-04-30T12:51:28.115+0000][gc,marking    ] GC(4) Concurrent Cleanup for Next Mark
[2024-04-30T12:51:28.118+0000][gc,marking    ] GC(4) Concurrent Cleanup for Next Mark 2.614ms
[2024-04-30T12:51:28.118+0000][gc            ] GC(4) Concurrent Cycle 12.586ms
[2024-04-30T12:51:28.483+0000][gc,start      ] GC(5) Pause Young (Normal) (G1 Evacuation Pause)
[2024-04-30T12:51:28.483+0000][gc,task       ] GC(5) Using 13 workers of 13 for evacuation
[2024-04-30T12:51:28.486+0000][gc,phases     ] GC(5)   Pre Evacuate Collection Set: 0.0ms
[2024-04-30T12:51:28.486+0000][gc,phases     ] GC(5)   Evacuate Collection Set: 2.5ms
[2024-04-30T12:51:28.486+0000][gc,phases     ] GC(5)   Post Evacuate Collection Set: 0.6ms
[2024-04-30T12:51:28.486+0000][gc,phases     ] GC(5)   Other: 0.2ms
[2024-04-30T12:51:28.486+0000][gc,heap       ] GC(5) Eden regions: 47->0(44)
[2024-04-30T12:51:28.486+0000][gc,heap       ] GC(5) Survivor regions: 4->7(7)
[2024-04-30T12:51:28.486+0000][gc,heap       ] GC(5) Old regions: 8->9
[2024-04-30T12:51:28.486+0000][gc,heap       ] GC(5) Humongous regions: 129->129
[2024-04-30T12:51:28.486+0000][gc,metaspace  ] GC(5) Metaspace: 42291K(43600K)->42291K(43600K) NonClass: 37700K(38356K)->37700K(38356K) Class: 4591K(5244K)->4591K(5244K)
[2024-04-30T12:51:28.486+0000][gc            ] GC(5) Pause Young (Normal) (G1 Evacuation Pause) 187M->144M(1024M) 3.287ms
[2024-04-30T12:51:28.486+0000][gc,cpu        ] GC(5) User=0.03s Sys=0.00s Real=0.00s
[2024-04-30T12:51:29.018+0000][gc,start      ] GC(6) Pause Young (Normal) (G1 Evacuation Pause)
[2024-04-30T12:51:29.018+0000][gc,task       ] GC(6) Using 13 workers of 13 for evacuation
[2024-04-30T12:51:29.021+0000][gc,phases     ] GC(6)   Pre Evacuate Collection Set: 0.0ms
[2024-04-30T12:51:29.021+0000][gc,phases     ] GC(6)   Evacuate Collection Set: 2.4ms
[2024-04-30T12:51:29.021+0000][gc,phases     ] GC(6)   Post Evacuate Collection Set: 0.5ms
[2024-04-30T12:51:29.021+0000][gc,phases     ] GC(6)   Other: 0.2ms
[2024-04-30T12:51:29.021+0000][gc,heap       ] GC(6) Eden regions: 44->0(48)
[2024-04-30T12:51:29.021+0000][gc,heap       ] GC(6) Survivor regions: 7->3(7)
[2024-04-30T12:51:29.021+0000][gc,heap       ] GC(6) Old regions: 9->16
[2024-04-30T12:51:29.021+0000][gc,heap       ] GC(6) Humongous regions: 129->129
[2024-04-30T12:51:29.021+0000][gc,metaspace  ] GC(6) Metaspace: 48730K(50640K)->48730K(50640K) NonClass: 43243K(44244K)->43243K(44244K) Class: 5487K(6396K)->5487K(6396K)
[2024-04-30T12:51:29.021+0000][gc            ] GC(6) Pause Young (Normal) (G1 Evacuation Pause) 188M->147M(1024M) 3.208ms
[2024-04-30T12:51:29.021+0000][gc,cpu        ] GC(6) User=0.03s Sys=0.00s Real=0.00s
[2024-04-30T12:55:39.236+0000][gc,start      ] GC(7) Pause Young (Normal) (G1 Evacuation Pause)
[2024-04-30T12:55:39.236+0000][gc,task       ] GC(7) Using 13 workers of 13 for evacuation
[2024-04-30T12:55:39.239+0000][gc,phases     ] GC(7)   Pre Evacuate Collection Set: 0.0ms
[2024-04-30T12:55:39.239+0000][gc,phases     ] GC(7)   Evacuate Collection Set: 1.9ms
[2024-04-30T12:55:39.239+0000][gc,phases     ] GC(7)   Post Evacuate Collection Set: 0.9ms
[2024-04-30T12:55:39.240+0000][gc,phases     ] GC(7)   Other: 0.2ms
[2024-04-30T12:55:39.240+0000][gc,heap       ] GC(7) Eden regions: 48->0(45)
[2024-04-30T12:55:39.240+0000][gc,heap       ] GC(7) Survivor regions: 3->6(7)
[2024-04-30T12:55:39.240+0000][gc,heap       ] GC(7) Old regions: 16->16
[2024-04-30T12:55:39.240+0000][gc,heap       ] GC(7) Humongous regions: 141->129
[2024-04-30T12:55:39.240+0000][gc,metaspace  ] GC(7) Metaspace: 53304K(56144K)->53304K(56144K) NonClass: 46885K(48340K)->46885K(48340K) Class: 6419K(7804K)->6419K(7804K)
[2024-04-30T12:55:39.240+0000][gc            ] GC(7) Pause Young (Normal) (G1 Evacuation Pause) 207M->149M(1024M) 3.117ms
[2024-04-30T12:55:39.240+0000][gc,cpu        ] GC(7) User=0.02s Sys=0.00s Real=0.00s
[2024-04-30T13:11:28.118+0000][gc,start      ] GC(8) Pause Young (Normal) (G1 Evacuation Pause)
[2024-04-30T13:11:28.118+0000][gc,task       ] GC(8) Using 13 workers of 13 for evacuation
[2024-04-30T13:11:28.121+0000][gc,phases     ] GC(8)   Pre Evacuate Collection Set: 0.0ms
[2024-04-30T13:11:28.121+0000][gc,phases     ] GC(8)   Evacuate Collection Set: 2.2ms
[2024-04-30T13:11:28.121+0000][gc,phases     ] GC(8)   Post Evacuate Collection Set: 0.7ms
[2024-04-30T13:11:28.121+0000][gc,phases     ] GC(8)   Other: 0.6ms
[2024-04-30T13:11:28.121+0000][gc,heap       ] GC(8) Eden regions: 45->0(47)
[2024-04-30T13:11:28.121+0000][gc,heap       ] GC(8) Survivor regions: 6->4(7)
[2024-04-30T13:11:28.121+0000][gc,heap       ] GC(8) Old regions: 16->18
[2024-04-30T13:11:28.121+0000][gc,heap       ] GC(8) Humongous regions: 129->129
[2024-04-30T13:11:28.121+0000][gc,metaspace  ] GC(8) Metaspace: 53842K(56656K)->53842K(56656K) NonClass: 47397K(48852K)->47397K(48852K) Class: 6445K(7804K)->6445K(7804K)
[2024-04-30T13:11:28.121+0000][gc            ] GC(8) Pause Young (Normal) (G1 Evacuation Pause) 194M->150M(1024M) 3.615ms
[2024-04-30T13:11:28.121+0000][gc,cpu        ] GC(8) User=0.02s Sys=0.00s Real=0.00s
[2024-04-30T13:30:19.265+0000][gc,start      ] GC(9) Pause Young (Normal) (G1 Evacuation Pause)
[2024-04-30T13:30:19.265+0000][gc,task       ] GC(9) Using 13 workers of 13 for evacuation
[2024-04-30T13:30:19.269+0000][gc,phases     ] GC(9)   Pre Evacuate Collection Set: 0.0ms
[2024-04-30T13:30:19.269+0000][gc,phases     ] GC(9)   Evacuate Collection Set: 1.9ms
[2024-04-30T13:30:19.269+0000][gc,phases     ] GC(9)   Post Evacuate Collection Set: 1.7ms
[2024-04-30T13:30:19.269+0000][gc,phases     ] GC(9)   Other: 0.8ms
[2024-04-30T13:30:19.269+0000][gc,heap       ] GC(9) Eden regions: 47->0(48)
[2024-04-30T13:30:19.269+0000][gc,heap       ] GC(9) Survivor regions: 4->3(7)
[2024-04-30T13:30:19.269+0000][gc,heap       ] GC(9) Old regions: 18->18
[2024-04-30T13:30:19.269+0000][gc,heap       ] GC(9) Humongous regions: 129->129
[2024-04-30T13:30:19.269+0000][gc,metaspace  ] GC(9) Metaspace: 53926K(56912K)->53926K(56912K) NonClass: 47481K(49108K)->47481K(49108K) Class: 6445K(7804K)->6445K(7804K)
[2024-04-30T13:30:19.269+0000][gc            ] GC(9) Pause Young (Normal) (G1 Evacuation Pause) 197M->149M(1024M) 4.504ms
[2024-04-30T13:30:19.269+0000][gc,cpu        ] GC(9) User=0.03s Sys=0.00s Real=0.00s
[2024-04-30T13:50:09.265+0000][gc,start      ] GC(10) Pause Young (Normal) (G1 Evacuation Pause)
[2024-04-30T13:50:09.265+0000][gc,task       ] GC(10) Using 13 workers of 13 for evacuation
[2024-04-30T13:50:09.268+0000][gc,phases     ] GC(10)   Pre Evacuate Collection Set: 0.0ms
[2024-04-30T13:50:09.268+0000][gc,phases     ] GC(10)   Evacuate Collection Set: 2.1ms
[2024-04-30T13:50:09.268+0000][gc,phases     ] GC(10)   Post Evacuate Collection Set: 0.8ms
[2024-04-30T13:50:09.268+0000][gc,phases     ] GC(10)   Other: 0.5ms
[2024-04-30T13:50:09.268+0000][gc,heap       ] GC(10) Eden regions: 48->0(55)
[2024-04-30T13:50:09.268+0000][gc,heap       ] GC(10) Survivor regions: 3->4(7)
[2024-04-30T13:50:09.268+0000][gc,heap       ] GC(10) Old regions: 18->18
[2024-04-30T13:50:09.268+0000][gc,heap       ] GC(10) Humongous regions: 129->129
[2024-04-30T13:50:09.268+0000][gc,metaspace  ] GC(10) Metaspace: 53986K(56912K)->53986K(56912K) NonClass: 47540K(49108K)->47540K(49108K) Class: 6445K(7804K)->6445K(7804K)
[2024-04-30T13:50:09.268+0000][gc            ] GC(10) Pause Young (Normal) (G1 Evacuation Pause) 197M->149M(1024M) 3.526ms
[2024-04-30T13:50:09.268+0000][gc,cpu        ] GC(10) User=0.03s Sys=0.00s Real=0.00s
[2024-04-30T14:12:57.944+0000][gc,start      ] GC(11) Pause Young (Normal) (G1 Evacuation Pause)
[2024-04-30T14:12:57.945+0000][gc,task       ] GC(11) Using 13 workers of 13 for evacuation
[2024-04-30T14:12:57.950+0000][gc,phases     ] GC(11)   Pre Evacuate Collection Set: 0.0ms
[2024-04-30T14:12:57.950+0000][gc,phases     ] GC(11)   Evacuate Collection Set: 4.3ms
[2024-04-30T14:12:57.950+0000][gc,phases     ] GC(11)   Post Evacuate Collection Set: 1.3ms
[2024-04-30T14:12:57.950+0000][gc,phases     ] GC(11)   Other: 0.6ms
[2024-04-30T14:12:57.950+0000][gc,heap       ] GC(11) Eden regions: 55->0(418)
[2024-04-30T14:12:57.951+0000][gc,heap       ] GC(11) Survivor regions: 4->4(8)
[2024-04-30T14:12:57.951+0000][gc,heap       ] GC(11) Old regions: 18->18
[2024-04-30T14:12:57.951+0000][gc,heap       ] GC(11) Humongous regions: 129->129
[2024-04-30T14:12:57.951+0000][gc,metaspace  ] GC(11) Metaspace: 54059K(56912K)->54059K(56912K) NonClass: 47608K(49108K)->47608K(49108K) Class: 6450K(7804K)->6450K(7804K)
[2024-04-30T14:12:57.951+0000][gc            ] GC(11) Pause Young (Normal) (G1 Evacuation Pause) 204M->149M(1024M) 6.366ms
[2024-04-30T14:12:57.951+0000][gc,cpu        ] GC(11) User=0.05s Sys=0.00s Real=0.00s
