[2024-05-28 13:00:00,042] INFO [GroupCoordinator 0]: Preparing to rebalance group XBT_All_Streams in state PreparingRebalance with old generation 27 (__consumer_offsets-36) (reason: Removing member faust-0.11.0-5834d1f3-0474-4878-8f58-b71e66aa21d3 on LeaveGroup; client reason: not provided) (kafka.coordinator.group.GroupCoordinator)
[2024-05-28 13:00:00,043] INFO [GroupCoordinator 0]: Group XBT_All_Streams with generation 28 is now empty (__consumer_offsets-36) (kafka.coordinator.group.GroupCoordinator)
[2024-05-28 13:00:00,044] INFO [GroupCoordinator 0]: Member MemberMetadata(memberId=faust-0.11.0-5834d1f3-0474-4878-8f58-b71e66aa21d3, groupInstanceId=None, clientId=faust-0.11.0, clientHost=/0:0:0:0:0:0:0:1, sessionTimeoutMs=60000, rebalanceTimeoutMs=60000, supportedProtocols=List(faust)) has left group XBT_All_Streams through explicit `LeaveGroup`; client reason: not provided (kafka.coordinator.group.GroupCoordinator)
[2024-05-28 13:00:41,937] INFO [GroupMetadataManager brokerId=0] Group XBT_All_Streams transitioned to Dead in generation 28 (kafka.coordinator.group.GroupMetadataManager)
[2024-05-28 13:24:37,654] INFO [GroupCoordinator 0]: Dynamic member with unknown member id joins group XBT_All_Streams in Empty state. Created a new member id faust-0.11.0-cf04f1f5-f0f6-46aa-b311-c8c3fff1b55a and request the member to rejoin with this id. (kafka.coordinator.group.GroupCoordinator)
[2024-05-28 13:24:37,655] INFO [GroupCoordinator 0]: Preparing to rebalance group XBT_All_Streams in state PreparingRebalance with old generation 0 (__consumer_offsets-36) (reason: Adding new member faust-0.11.0-cf04f1f5-f0f6-46aa-b311-c8c3fff1b55a with group instance id None; client reason: not provided) (kafka.coordinator.group.GroupCoordinator)
[2024-05-28 13:24:37,657] INFO [GroupCoordinator 0]: Stabilized group XBT_All_Streams generation 1 (__consumer_offsets-36) with 1 members (kafka.coordinator.group.GroupCoordinator)
[2024-05-28 13:24:37,659] INFO [GroupCoordinator 0]: Assignment received from leader faust-0.11.0-cf04f1f5-f0f6-46aa-b311-c8c3fff1b55a for group XBT_All_Streams for generation 1. The group has 1 members, 0 of which are static. (kafka.coordinator.group.GroupCoordinator)
[2024-05-28 13:25:02,151] INFO [GroupCoordinator 0]: Preparing to rebalance group XBT_All_Streams in state PreparingRebalance with old generation 1 (__consumer_offsets-36) (reason: Removing member faust-0.11.0-cf04f1f5-f0f6-46aa-b311-c8c3fff1b55a on LeaveGroup; client reason: not provided) (kafka.coordinator.group.GroupCoordinator)
[2024-05-28 13:25:02,152] INFO [GroupCoordinator 0]: Group XBT_All_Streams with generation 2 is now empty (__consumer_offsets-36) (kafka.coordinator.group.GroupCoordinator)
[2024-05-28 13:25:02,152] INFO [GroupCoordinator 0]: Member MemberMetadata(memberId=faust-0.11.0-cf04f1f5-f0f6-46aa-b311-c8c3fff1b55a, groupInstanceId=None, clientId=faust-0.11.0, clientHost=/0:0:0:0:0:0:0:1, sessionTimeoutMs=60000, rebalanceTimeoutMs=60000, supportedProtocols=List(faust)) has left group XBT_All_Streams through explicit `LeaveGroup`; client reason: not provided (kafka.coordinator.group.GroupCoordinator)
[2024-05-28 13:26:43,615] INFO [GroupCoordinator 0]: Dynamic member with unknown member id joins group XBT_All_Streams in Empty state. Created a new member id faust-0.11.0-8f1c2554-04ac-40ee-ab14-b81224477594 and request the member to rejoin with this id. (kafka.coordinator.group.GroupCoordinator)
[2024-05-28 13:26:43,616] INFO [GroupCoordinator 0]: Preparing to rebalance group XBT_All_Streams in state PreparingRebalance with old generation 2 (__consumer_offsets-36) (reason: Adding new member faust-0.11.0-8f1c2554-04ac-40ee-ab14-b81224477594 with group instance id None; client reason: not provided) (kafka.coordinator.group.GroupCoordinator)
[2024-05-28 13:26:43,618] INFO [GroupCoordinator 0]: Stabilized group XBT_All_Streams generation 3 (__consumer_offsets-36) with 1 members (kafka.coordinator.group.GroupCoordinator)
[2024-05-28 13:26:43,621] INFO [GroupCoordinator 0]: Assignment received from leader faust-0.11.0-8f1c2554-04ac-40ee-ab14-b81224477594 for group XBT_All_Streams for generation 3. The group has 1 members, 0 of which are static. (kafka.coordinator.group.GroupCoordinator)
[2024-05-28 13:26:50,898] INFO [GroupCoordinator 0]: Preparing to rebalance group XBT_All_Streams in state PreparingRebalance with old generation 3 (__consumer_offsets-36) (reason: Removing member faust-0.11.0-8f1c2554-04ac-40ee-ab14-b81224477594 on LeaveGroup; client reason: not provided) (kafka.coordinator.group.GroupCoordinator)
[2024-05-28 13:26:50,898] INFO [GroupCoordinator 0]: Group XBT_All_Streams with generation 4 is now empty (__consumer_offsets-36) (kafka.coordinator.group.GroupCoordinator)
[2024-05-28 13:26:50,899] INFO [GroupCoordinator 0]: Member MemberMetadata(memberId=faust-0.11.0-8f1c2554-04ac-40ee-ab14-b81224477594, groupInstanceId=None, clientId=faust-0.11.0, clientHost=/0:0:0:0:0:0:0:1, sessionTimeoutMs=60000, rebalanceTimeoutMs=60000, supportedProtocols=List(faust)) has left group XBT_All_Streams through explicit `LeaveGroup`; client reason: not provided (kafka.coordinator.group.GroupCoordinator)
[2024-05-28 13:28:15,152] INFO [GroupCoordinator 0]: Dynamic member with unknown member id joins group XBT_All_Streams in Empty state. Created a new member id faust-0.11.0-ebec3f96-387b-481a-8b02-9455fbf8c0a8 and request the member to rejoin with this id. (kafka.coordinator.group.GroupCoordinator)
[2024-05-28 13:28:15,153] INFO [GroupCoordinator 0]: Preparing to rebalance group XBT_All_Streams in state PreparingRebalance with old generation 4 (__consumer_offsets-36) (reason: Adding new member faust-0.11.0-ebec3f96-387b-481a-8b02-9455fbf8c0a8 with group instance id None; client reason: not provided) (kafka.coordinator.group.GroupCoordinator)
[2024-05-28 13:28:15,156] INFO [GroupCoordinator 0]: Stabilized group XBT_All_Streams generation 5 (__consumer_offsets-36) with 1 members (kafka.coordinator.group.GroupCoordinator)
[2024-05-28 13:28:15,160] INFO [GroupCoordinator 0]: Assignment received from leader faust-0.11.0-ebec3f96-387b-481a-8b02-9455fbf8c0a8 for group XBT_All_Streams for generation 5. The group has 1 members, 0 of which are static. (kafka.coordinator.group.GroupCoordinator)
[2024-05-28 13:28:20,614] INFO [GroupCoordinator 0]: Preparing to rebalance group XBT_All_Streams in state PreparingRebalance with old generation 5 (__consumer_offsets-36) (reason: Removing member faust-0.11.0-ebec3f96-387b-481a-8b02-9455fbf8c0a8 on LeaveGroup; client reason: not provided) (kafka.coordinator.group.GroupCoordinator)
[2024-05-28 13:28:20,614] INFO [GroupCoordinator 0]: Group XBT_All_Streams with generation 6 is now empty (__consumer_offsets-36) (kafka.coordinator.group.GroupCoordinator)
[2024-05-28 13:28:20,615] INFO [GroupCoordinator 0]: Member MemberMetadata(memberId=faust-0.11.0-ebec3f96-387b-481a-8b02-9455fbf8c0a8, groupInstanceId=None, clientId=faust-0.11.0, clientHost=/0:0:0:0:0:0:0:1, sessionTimeoutMs=60000, rebalanceTimeoutMs=60000, supportedProtocols=List(faust)) has left group XBT_All_Streams through explicit `LeaveGroup`; client reason: not provided (kafka.coordinator.group.GroupCoordinator)
[2024-05-28 13:28:55,982] INFO [GroupCoordinator 0]: Dynamic member with unknown member id joins group XBT_All_Streams in Empty state. Created a new member id faust-0.11.0-cf0f934c-46f1-4590-8299-a8f42202ef44 and request the member to rejoin with this id. (kafka.coordinator.group.GroupCoordinator)
[2024-05-28 13:28:55,986] INFO [GroupCoordinator 0]: Preparing to rebalance group XBT_All_Streams in state PreparingRebalance with old generation 6 (__consumer_offsets-36) (reason: Adding new member faust-0.11.0-cf0f934c-46f1-4590-8299-a8f42202ef44 with group instance id None; client reason: not provided) (kafka.coordinator.group.GroupCoordinator)
[2024-05-28 13:28:55,989] INFO [GroupCoordinator 0]: Stabilized group XBT_All_Streams generation 7 (__consumer_offsets-36) with 1 members (kafka.coordinator.group.GroupCoordinator)
[2024-05-28 13:28:55,992] INFO [GroupCoordinator 0]: Assignment received from leader faust-0.11.0-cf0f934c-46f1-4590-8299-a8f42202ef44 for group XBT_All_Streams for generation 7. The group has 1 members, 0 of which are static. (kafka.coordinator.group.GroupCoordinator)
[2024-05-28 13:29:02,472] INFO [GroupCoordinator 0]: Preparing to rebalance group XBT_All_Streams in state PreparingRebalance with old generation 7 (__consumer_offsets-36) (reason: Removing member faust-0.11.0-cf0f934c-46f1-4590-8299-a8f42202ef44 on LeaveGroup; client reason: not provided) (kafka.coordinator.group.GroupCoordinator)
[2024-05-28 13:29:02,472] INFO [GroupCoordinator 0]: Group XBT_All_Streams with generation 8 is now empty (__consumer_offsets-36) (kafka.coordinator.group.GroupCoordinator)
[2024-05-28 13:29:02,473] INFO [GroupCoordinator 0]: Member MemberMetadata(memberId=faust-0.11.0-cf0f934c-46f1-4590-8299-a8f42202ef44, groupInstanceId=None, clientId=faust-0.11.0, clientHost=/0:0:0:0:0:0:0:1, sessionTimeoutMs=60000, rebalanceTimeoutMs=60000, supportedProtocols=List(faust)) has left group XBT_All_Streams through explicit `LeaveGroup`; client reason: not provided (kafka.coordinator.group.GroupCoordinator)
[2024-05-28 13:33:07,114] INFO [GroupCoordinator 0]: Dynamic member with unknown member id joins group XBT_All_Streams in Empty state. Created a new member id faust-0.11.0-2fbc74f3-420a-4994-9124-b4b3f18a0b9e and request the member to rejoin with this id. (kafka.coordinator.group.GroupCoordinator)
[2024-05-28 13:33:07,115] INFO [GroupCoordinator 0]: Preparing to rebalance group XBT_All_Streams in state PreparingRebalance with old generation 8 (__consumer_offsets-36) (reason: Adding new member faust-0.11.0-2fbc74f3-420a-4994-9124-b4b3f18a0b9e with group instance id None; client reason: not provided) (kafka.coordinator.group.GroupCoordinator)
[2024-05-28 13:33:07,119] INFO [GroupCoordinator 0]: Stabilized group XBT_All_Streams generation 9 (__consumer_offsets-36) with 1 members (kafka.coordinator.group.GroupCoordinator)
[2024-05-28 13:33:07,121] INFO [GroupCoordinator 0]: Assignment received from leader faust-0.11.0-2fbc74f3-420a-4994-9124-b4b3f18a0b9e for group XBT_All_Streams for generation 9. The group has 1 members, 0 of which are static. (kafka.coordinator.group.GroupCoordinator)
[2024-05-28 13:33:09,450] INFO [GroupCoordinator 0]: Preparing to rebalance group XBT_All_Streams in state PreparingRebalance with old generation 9 (__consumer_offsets-36) (reason: Removing member faust-0.11.0-2fbc74f3-420a-4994-9124-b4b3f18a0b9e on LeaveGroup; client reason: not provided) (kafka.coordinator.group.GroupCoordinator)
[2024-05-28 13:33:09,451] INFO [GroupCoordinator 0]: Group XBT_All_Streams with generation 10 is now empty (__consumer_offsets-36) (kafka.coordinator.group.GroupCoordinator)
[2024-05-28 13:33:09,451] INFO [GroupCoordinator 0]: Member MemberMetadata(memberId=faust-0.11.0-2fbc74f3-420a-4994-9124-b4b3f18a0b9e, groupInstanceId=None, clientId=faust-0.11.0, clientHost=/0:0:0:0:0:0:0:1, sessionTimeoutMs=60000, rebalanceTimeoutMs=60000, supportedProtocols=List(faust)) has left group XBT_All_Streams through explicit `LeaveGroup`; client reason: not provided (kafka.coordinator.group.GroupCoordinator)
[2024-05-28 13:33:30,209] INFO [GroupCoordinator 0]: Dynamic member with unknown member id joins group XBT_All_Streams in Empty state. Created a new member id faust-0.11.0-53091a1b-8036-4c7f-8e71-43c12dc9db89 and request the member to rejoin with this id. (kafka.coordinator.group.GroupCoordinator)
[2024-05-28 13:33:30,210] INFO [GroupCoordinator 0]: Preparing to rebalance group XBT_All_Streams in state PreparingRebalance with old generation 10 (__consumer_offsets-36) (reason: Adding new member faust-0.11.0-53091a1b-8036-4c7f-8e71-43c12dc9db89 with group instance id None; client reason: not provided) (kafka.coordinator.group.GroupCoordinator)
[2024-05-28 13:33:30,213] INFO [GroupCoordinator 0]: Stabilized group XBT_All_Streams generation 11 (__consumer_offsets-36) with 1 members (kafka.coordinator.group.GroupCoordinator)
[2024-05-28 13:33:30,217] INFO [GroupCoordinator 0]: Assignment received from leader faust-0.11.0-53091a1b-8036-4c7f-8e71-43c12dc9db89 for group XBT_All_Streams for generation 11. The group has 1 members, 0 of which are static. (kafka.coordinator.group.GroupCoordinator)
[2024-05-28 13:33:41,505] INFO [GroupCoordinator 0]: Preparing to rebalance group XBT_All_Streams in state PreparingRebalance with old generation 11 (__consumer_offsets-36) (reason: Removing member faust-0.11.0-53091a1b-8036-4c7f-8e71-43c12dc9db89 on LeaveGroup; client reason: not provided) (kafka.coordinator.group.GroupCoordinator)
[2024-05-28 13:33:41,505] INFO [GroupCoordinator 0]: Group XBT_All_Streams with generation 12 is now empty (__consumer_offsets-36) (kafka.coordinator.group.GroupCoordinator)
[2024-05-28 13:33:41,506] INFO [GroupCoordinator 0]: Member MemberMetadata(memberId=faust-0.11.0-53091a1b-8036-4c7f-8e71-43c12dc9db89, groupInstanceId=None, clientId=faust-0.11.0, clientHost=/0:0:0:0:0:0:0:1, sessionTimeoutMs=60000, rebalanceTimeoutMs=60000, supportedProtocols=List(faust)) has left group XBT_All_Streams through explicit `LeaveGroup`; client reason: not provided (kafka.coordinator.group.GroupCoordinator)
[2024-05-28 13:41:56,847] INFO [GroupCoordinator 0]: Dynamic member with unknown member id joins group XBT_All_Streams in Empty state. Created a new member id faust-0.11.0-98ae9b49-5193-4af8-a7ad-a98d9b07ade5 and request the member to rejoin with this id. (kafka.coordinator.group.GroupCoordinator)
[2024-05-28 13:41:56,851] INFO [GroupCoordinator 0]: Preparing to rebalance group XBT_All_Streams in state PreparingRebalance with old generation 12 (__consumer_offsets-36) (reason: Adding new member faust-0.11.0-98ae9b49-5193-4af8-a7ad-a98d9b07ade5 with group instance id None; client reason: not provided) (kafka.coordinator.group.GroupCoordinator)
[2024-05-28 13:41:56,855] INFO [GroupCoordinator 0]: Stabilized group XBT_All_Streams generation 13 (__consumer_offsets-36) with 1 members (kafka.coordinator.group.GroupCoordinator)
[2024-05-28 13:41:56,859] INFO [GroupCoordinator 0]: Assignment received from leader faust-0.11.0-98ae9b49-5193-4af8-a7ad-a98d9b07ade5 for group XBT_All_Streams for generation 13. The group has 1 members, 0 of which are static. (kafka.coordinator.group.GroupCoordinator)
[2024-05-28 13:41:59,306] INFO [GroupCoordinator 0]: Preparing to rebalance group XBT_All_Streams in state PreparingRebalance with old generation 13 (__consumer_offsets-36) (reason: Removing member faust-0.11.0-98ae9b49-5193-4af8-a7ad-a98d9b07ade5 on LeaveGroup; client reason: not provided) (kafka.coordinator.group.GroupCoordinator)
[2024-05-28 13:41:59,306] INFO [GroupCoordinator 0]: Group XBT_All_Streams with generation 14 is now empty (__consumer_offsets-36) (kafka.coordinator.group.GroupCoordinator)
[2024-05-28 13:41:59,306] INFO [GroupCoordinator 0]: Member MemberMetadata(memberId=faust-0.11.0-98ae9b49-5193-4af8-a7ad-a98d9b07ade5, groupInstanceId=None, clientId=faust-0.11.0, clientHost=/0:0:0:0:0:0:0:1, sessionTimeoutMs=60000, rebalanceTimeoutMs=60000, supportedProtocols=List(faust)) has left group XBT_All_Streams through explicit `LeaveGroup`; client reason: not provided (kafka.coordinator.group.GroupCoordinator)
[2024-05-28 13:42:31,327] INFO [GroupCoordinator 0]: Dynamic member with unknown member id joins group XBT_All_Streams in Empty state. Created a new member id faust-0.11.0-9ce9e68e-216d-42f2-8ada-24a1cadb41d3 and request the member to rejoin with this id. (kafka.coordinator.group.GroupCoordinator)
[2024-05-28 13:42:31,330] INFO [GroupCoordinator 0]: Preparing to rebalance group XBT_All_Streams in state PreparingRebalance with old generation 14 (__consumer_offsets-36) (reason: Adding new member faust-0.11.0-9ce9e68e-216d-42f2-8ada-24a1cadb41d3 with group instance id None; client reason: not provided) (kafka.coordinator.group.GroupCoordinator)
[2024-05-28 13:42:31,333] INFO [GroupCoordinator 0]: Stabilized group XBT_All_Streams generation 15 (__consumer_offsets-36) with 1 members (kafka.coordinator.group.GroupCoordinator)
[2024-05-28 13:42:31,337] INFO [GroupCoordinator 0]: Assignment received from leader faust-0.11.0-9ce9e68e-216d-42f2-8ada-24a1cadb41d3 for group XBT_All_Streams for generation 15. The group has 1 members, 0 of which are static. (kafka.coordinator.group.GroupCoordinator)
[2024-05-28 13:42:37,678] INFO [GroupCoordinator 0]: Preparing to rebalance group XBT_All_Streams in state PreparingRebalance with old generation 15 (__consumer_offsets-36) (reason: Removing member faust-0.11.0-9ce9e68e-216d-42f2-8ada-24a1cadb41d3 on LeaveGroup; client reason: not provided) (kafka.coordinator.group.GroupCoordinator)
[2024-05-28 13:42:37,678] INFO [GroupCoordinator 0]: Group XBT_All_Streams with generation 16 is now empty (__consumer_offsets-36) (kafka.coordinator.group.GroupCoordinator)
[2024-05-28 13:42:37,679] INFO [GroupCoordinator 0]: Member MemberMetadata(memberId=faust-0.11.0-9ce9e68e-216d-42f2-8ada-24a1cadb41d3, groupInstanceId=None, clientId=faust-0.11.0, clientHost=/0:0:0:0:0:0:0:1, sessionTimeoutMs=60000, rebalanceTimeoutMs=60000, supportedProtocols=List(faust)) has left group XBT_All_Streams through explicit `LeaveGroup`; client reason: not provided (kafka.coordinator.group.GroupCoordinator)
[2024-05-28 13:45:08,310] INFO [GroupCoordinator 0]: Dynamic member with unknown member id joins group XBT_All_Streams in Empty state. Created a new member id faust-0.11.0-c2146827-fe52-4aaa-9405-d3ade9ed59dd and request the member to rejoin with this id. (kafka.coordinator.group.GroupCoordinator)
[2024-05-28 13:45:08,311] INFO [GroupCoordinator 0]: Preparing to rebalance group XBT_All_Streams in state PreparingRebalance with old generation 16 (__consumer_offsets-36) (reason: Adding new member faust-0.11.0-c2146827-fe52-4aaa-9405-d3ade9ed59dd with group instance id None; client reason: not provided) (kafka.coordinator.group.GroupCoordinator)
[2024-05-28 13:45:08,314] INFO [GroupCoordinator 0]: Stabilized group XBT_All_Streams generation 17 (__consumer_offsets-36) with 1 members (kafka.coordinator.group.GroupCoordinator)
[2024-05-28 13:45:08,318] INFO [GroupCoordinator 0]: Assignment received from leader faust-0.11.0-c2146827-fe52-4aaa-9405-d3ade9ed59dd for group XBT_All_Streams for generation 17. The group has 1 members, 0 of which are static. (kafka.coordinator.group.GroupCoordinator)
[2024-05-28 13:45:12,636] INFO [GroupCoordinator 0]: Preparing to rebalance group XBT_All_Streams in state PreparingRebalance with old generation 17 (__consumer_offsets-36) (reason: Removing member faust-0.11.0-c2146827-fe52-4aaa-9405-d3ade9ed59dd on LeaveGroup; client reason: not provided) (kafka.coordinator.group.GroupCoordinator)
[2024-05-28 13:45:12,637] INFO [GroupCoordinator 0]: Group XBT_All_Streams with generation 18 is now empty (__consumer_offsets-36) (kafka.coordinator.group.GroupCoordinator)
[2024-05-28 13:45:12,637] INFO [GroupCoordinator 0]: Member MemberMetadata(memberId=faust-0.11.0-c2146827-fe52-4aaa-9405-d3ade9ed59dd, groupInstanceId=None, clientId=faust-0.11.0, clientHost=/0:0:0:0:0:0:0:1, sessionTimeoutMs=60000, rebalanceTimeoutMs=60000, supportedProtocols=List(faust)) has left group XBT_All_Streams through explicit `LeaveGroup`; client reason: not provided (kafka.coordinator.group.GroupCoordinator)
[2024-05-28 13:46:29,598] INFO [GroupCoordinator 0]: Dynamic member with unknown member id joins group XBT_All_Streams in Empty state. Created a new member id faust-0.11.0-9db903b7-6818-4cf3-86f5-0ec57f2a1981 and request the member to rejoin with this id. (kafka.coordinator.group.GroupCoordinator)
[2024-05-28 13:46:29,599] INFO [GroupCoordinator 0]: Preparing to rebalance group XBT_All_Streams in state PreparingRebalance with old generation 18 (__consumer_offsets-36) (reason: Adding new member faust-0.11.0-9db903b7-6818-4cf3-86f5-0ec57f2a1981 with group instance id None; client reason: not provided) (kafka.coordinator.group.GroupCoordinator)
[2024-05-28 13:46:29,603] INFO [GroupCoordinator 0]: Stabilized group XBT_All_Streams generation 19 (__consumer_offsets-36) with 1 members (kafka.coordinator.group.GroupCoordinator)
[2024-05-28 13:46:29,606] INFO [GroupCoordinator 0]: Assignment received from leader faust-0.11.0-9db903b7-6818-4cf3-86f5-0ec57f2a1981 for group XBT_All_Streams for generation 19. The group has 1 members, 0 of which are static. (kafka.coordinator.group.GroupCoordinator)
[2024-05-28 13:46:34,513] INFO [GroupCoordinator 0]: Preparing to rebalance group XBT_All_Streams in state PreparingRebalance with old generation 19 (__consumer_offsets-36) (reason: Removing member faust-0.11.0-9db903b7-6818-4cf3-86f5-0ec57f2a1981 on LeaveGroup; client reason: not provided) (kafka.coordinator.group.GroupCoordinator)
[2024-05-28 13:46:34,513] INFO [GroupCoordinator 0]: Group XBT_All_Streams with generation 20 is now empty (__consumer_offsets-36) (kafka.coordinator.group.GroupCoordinator)
[2024-05-28 13:46:34,514] INFO [GroupCoordinator 0]: Member MemberMetadata(memberId=faust-0.11.0-9db903b7-6818-4cf3-86f5-0ec57f2a1981, groupInstanceId=None, clientId=faust-0.11.0, clientHost=/0:0:0:0:0:0:0:1, sessionTimeoutMs=60000, rebalanceTimeoutMs=60000, supportedProtocols=List(faust)) has left group XBT_All_Streams through explicit `LeaveGroup`; client reason: not provided (kafka.coordinator.group.GroupCoordinator)
[2024-05-28 13:47:41,578] INFO [GroupCoordinator 0]: Dynamic member with unknown member id joins group XBT_All_Streams in Empty state. Created a new member id faust-0.11.0-f72feeee-5c3c-4f52-ba45-1f4a077982d5 and request the member to rejoin with this id. (kafka.coordinator.group.GroupCoordinator)
[2024-05-28 13:47:41,579] INFO [GroupCoordinator 0]: Preparing to rebalance group XBT_All_Streams in state PreparingRebalance with old generation 20 (__consumer_offsets-36) (reason: Adding new member faust-0.11.0-f72feeee-5c3c-4f52-ba45-1f4a077982d5 with group instance id None; client reason: not provided) (kafka.coordinator.group.GroupCoordinator)
[2024-05-28 13:47:41,582] INFO [GroupCoordinator 0]: Stabilized group XBT_All_Streams generation 21 (__consumer_offsets-36) with 1 members (kafka.coordinator.group.GroupCoordinator)
[2024-05-28 13:47:41,586] INFO [GroupCoordinator 0]: Assignment received from leader faust-0.11.0-f72feeee-5c3c-4f52-ba45-1f4a077982d5 for group XBT_All_Streams for generation 21. The group has 1 members, 0 of which are static. (kafka.coordinator.group.GroupCoordinator)
[2024-05-28 13:47:57,754] INFO [GroupCoordinator 0]: Preparing to rebalance group XBT_All_Streams in state PreparingRebalance with old generation 21 (__consumer_offsets-36) (reason: Removing member faust-0.11.0-f72feeee-5c3c-4f52-ba45-1f4a077982d5 on LeaveGroup; client reason: not provided) (kafka.coordinator.group.GroupCoordinator)
[2024-05-28 13:47:57,754] INFO [GroupCoordinator 0]: Group XBT_All_Streams with generation 22 is now empty (__consumer_offsets-36) (kafka.coordinator.group.GroupCoordinator)
[2024-05-28 13:47:57,755] INFO [GroupCoordinator 0]: Member MemberMetadata(memberId=faust-0.11.0-f72feeee-5c3c-4f52-ba45-1f4a077982d5, groupInstanceId=None, clientId=faust-0.11.0, clientHost=/0:0:0:0:0:0:0:1, sessionTimeoutMs=60000, rebalanceTimeoutMs=60000, supportedProtocols=List(faust)) has left group XBT_All_Streams through explicit `LeaveGroup`; client reason: not provided (kafka.coordinator.group.GroupCoordinator)
[2024-05-28 13:48:28,288] INFO [GroupCoordinator 0]: Dynamic member with unknown member id joins group XBT_All_Streams in Empty state. Created a new member id faust-0.11.0-22c293cf-4c24-47be-8c0a-6a61d6889840 and request the member to rejoin with this id. (kafka.coordinator.group.GroupCoordinator)
[2024-05-28 13:48:28,295] INFO [GroupCoordinator 0]: Preparing to rebalance group XBT_All_Streams in state PreparingRebalance with old generation 22 (__consumer_offsets-36) (reason: Adding new member faust-0.11.0-22c293cf-4c24-47be-8c0a-6a61d6889840 with group instance id None; client reason: not provided) (kafka.coordinator.group.GroupCoordinator)
[2024-05-28 13:48:28,298] INFO [GroupCoordinator 0]: Stabilized group XBT_All_Streams generation 23 (__consumer_offsets-36) with 1 members (kafka.coordinator.group.GroupCoordinator)
[2024-05-28 13:48:28,302] INFO [GroupCoordinator 0]: Assignment received from leader faust-0.11.0-22c293cf-4c24-47be-8c0a-6a61d6889840 for group XBT_All_Streams for generation 23. The group has 1 members, 0 of which are static. (kafka.coordinator.group.GroupCoordinator)
[2024-05-28 13:48:38,303] INFO [GroupCoordinator 0]: Preparing to rebalance group XBT_All_Streams in state PreparingRebalance with old generation 23 (__consumer_offsets-36) (reason: Removing member faust-0.11.0-22c293cf-4c24-47be-8c0a-6a61d6889840 on LeaveGroup; client reason: not provided) (kafka.coordinator.group.GroupCoordinator)
[2024-05-28 13:48:38,303] INFO [GroupCoordinator 0]: Group XBT_All_Streams with generation 24 is now empty (__consumer_offsets-36) (kafka.coordinator.group.GroupCoordinator)
[2024-05-28 13:48:38,304] INFO [GroupCoordinator 0]: Member MemberMetadata(memberId=faust-0.11.0-22c293cf-4c24-47be-8c0a-6a61d6889840, groupInstanceId=None, clientId=faust-0.11.0, clientHost=/0:0:0:0:0:0:0:1, sessionTimeoutMs=60000, rebalanceTimeoutMs=60000, supportedProtocols=List(faust)) has left group XBT_All_Streams through explicit `LeaveGroup`; client reason: not provided (kafka.coordinator.group.GroupCoordinator)
[2024-05-28 13:53:03,310] INFO [GroupCoordinator 0]: Dynamic member with unknown member id joins group XBT_All_Streams in Empty state. Created a new member id faust-0.11.0-6e5465cf-5e11-4548-875e-47633d5a0e1f and request the member to rejoin with this id. (kafka.coordinator.group.GroupCoordinator)
[2024-05-28 13:53:03,311] INFO [GroupCoordinator 0]: Preparing to rebalance group XBT_All_Streams in state PreparingRebalance with old generation 24 (__consumer_offsets-36) (reason: Adding new member faust-0.11.0-6e5465cf-5e11-4548-875e-47633d5a0e1f with group instance id None; client reason: not provided) (kafka.coordinator.group.GroupCoordinator)
[2024-05-28 13:53:03,316] INFO [GroupCoordinator 0]: Stabilized group XBT_All_Streams generation 25 (__consumer_offsets-36) with 1 members (kafka.coordinator.group.GroupCoordinator)
[2024-05-28 13:53:03,319] INFO [GroupCoordinator 0]: Assignment received from leader faust-0.11.0-6e5465cf-5e11-4548-875e-47633d5a0e1f for group XBT_All_Streams for generation 25. The group has 1 members, 0 of which are static. (kafka.coordinator.group.GroupCoordinator)
[2024-05-28 13:53:07,486] INFO [GroupCoordinator 0]: Preparing to rebalance group XBT_All_Streams in state PreparingRebalance with old generation 25 (__consumer_offsets-36) (reason: Removing member faust-0.11.0-6e5465cf-5e11-4548-875e-47633d5a0e1f on LeaveGroup; client reason: not provided) (kafka.coordinator.group.GroupCoordinator)
[2024-05-28 13:53:07,486] INFO [GroupCoordinator 0]: Group XBT_All_Streams with generation 26 is now empty (__consumer_offsets-36) (kafka.coordinator.group.GroupCoordinator)
[2024-05-28 13:53:07,489] INFO [GroupCoordinator 0]: Member MemberMetadata(memberId=faust-0.11.0-6e5465cf-5e11-4548-875e-47633d5a0e1f, groupInstanceId=None, clientId=faust-0.11.0, clientHost=/0:0:0:0:0:0:0:1, sessionTimeoutMs=60000, rebalanceTimeoutMs=60000, supportedProtocols=List(faust)) has left group XBT_All_Streams through explicit `LeaveGroup`; client reason: not provided (kafka.coordinator.group.GroupCoordinator)
[2024-05-28 13:53:40,719] INFO [GroupCoordinator 0]: Dynamic member with unknown member id joins group XBT_All_Streams in Empty state. Created a new member id faust-0.11.0-beee4408-067a-44cd-8e67-112bd6615bfc and request the member to rejoin with this id. (kafka.coordinator.group.GroupCoordinator)
[2024-05-28 13:53:40,720] INFO [GroupCoordinator 0]: Preparing to rebalance group XBT_All_Streams in state PreparingRebalance with old generation 26 (__consumer_offsets-36) (reason: Adding new member faust-0.11.0-beee4408-067a-44cd-8e67-112bd6615bfc with group instance id None; client reason: not provided) (kafka.coordinator.group.GroupCoordinator)
[2024-05-28 13:53:40,723] INFO [GroupCoordinator 0]: Stabilized group XBT_All_Streams generation 27 (__consumer_offsets-36) with 1 members (kafka.coordinator.group.GroupCoordinator)
[2024-05-28 13:53:40,727] INFO [GroupCoordinator 0]: Assignment received from leader faust-0.11.0-beee4408-067a-44cd-8e67-112bd6615bfc for group XBT_All_Streams for generation 27. The group has 1 members, 0 of which are static. (kafka.coordinator.group.GroupCoordinator)
[2024-05-28 13:54:02,946] INFO [GroupCoordinator 0]: Preparing to rebalance group XBT_All_Streams in state PreparingRebalance with old generation 27 (__consumer_offsets-36) (reason: Removing member faust-0.11.0-beee4408-067a-44cd-8e67-112bd6615bfc on LeaveGroup; client reason: not provided) (kafka.coordinator.group.GroupCoordinator)
[2024-05-28 13:54:02,946] INFO [GroupCoordinator 0]: Group XBT_All_Streams with generation 28 is now empty (__consumer_offsets-36) (kafka.coordinator.group.GroupCoordinator)
[2024-05-28 13:54:02,947] INFO [GroupCoordinator 0]: Member MemberMetadata(memberId=faust-0.11.0-beee4408-067a-44cd-8e67-112bd6615bfc, groupInstanceId=None, clientId=faust-0.11.0, clientHost=/0:0:0:0:0:0:0:1, sessionTimeoutMs=60000, rebalanceTimeoutMs=60000, supportedProtocols=List(faust)) has left group XBT_All_Streams through explicit `LeaveGroup`; client reason: not provided (kafka.coordinator.group.GroupCoordinator)
[2024-05-28 13:54:16,102] INFO [GroupCoordinator 0]: Dynamic member with unknown member id joins group XBT_All_Streams in Empty state. Created a new member id faust-0.11.0-51489689-bb88-431b-b044-471d933a0c2f and request the member to rejoin with this id. (kafka.coordinator.group.GroupCoordinator)
[2024-05-28 13:54:16,103] INFO [GroupCoordinator 0]: Preparing to rebalance group XBT_All_Streams in state PreparingRebalance with old generation 28 (__consumer_offsets-36) (reason: Adding new member faust-0.11.0-51489689-bb88-431b-b044-471d933a0c2f with group instance id None; client reason: not provided) (kafka.coordinator.group.GroupCoordinator)
[2024-05-28 13:54:16,107] INFO [GroupCoordinator 0]: Stabilized group XBT_All_Streams generation 29 (__consumer_offsets-36) with 1 members (kafka.coordinator.group.GroupCoordinator)
[2024-05-28 13:54:16,111] INFO [GroupCoordinator 0]: Assignment received from leader faust-0.11.0-51489689-bb88-431b-b044-471d933a0c2f for group XBT_All_Streams for generation 29. The group has 1 members, 0 of which are static. (kafka.coordinator.group.GroupCoordinator)
[2024-05-28 13:56:10,843] INFO [LocalLog partition=binance_api_option_option_oi_btcoioption-4, dir=/workspaces/fastmoonStreams/kafka/logs] Rolled new log segment at offset 7 in 1 ms. (kafka.log.LocalLog)
[2024-05-28 13:56:10,843] INFO [ProducerStateManager partition=binance_api_option_option_oi_btcoioption-4] Wrote producer snapshot at offset 7 with 0 producer ids in 0 ms. (org.apache.kafka.storage.internals.log.ProducerStateManager)
[2024-05-28 13:56:10,845] INFO [UnifiedLog partition=binance_api_option_option_oi_btcoioption-4, dir=/workspaces/fastmoonStreams/kafka/logs] Deleting segment LogSegment(baseOffset=4, size=33703, lastModifiedTime=1716900827753, largestRecordTimestamp=1716900827755) due to log retention time 3600000ms breach based on the largest record timestamp in the segment (kafka.log.UnifiedLog)
[2024-05-28 13:56:10,845] INFO [UnifiedLog partition=binance_api_option_option_oi_btcoioption-4, dir=/workspaces/fastmoonStreams/kafka/logs] Incremented log start offset to 7 due to segment deletion (kafka.log.UnifiedLog)
[2024-05-28 13:56:16,294] INFO [GroupCoordinator 0]: Preparing to rebalance group XBT_All_Streams in state PreparingRebalance with old generation 29 (__consumer_offsets-36) (reason: Removing member faust-0.11.0-51489689-bb88-431b-b044-471d933a0c2f on LeaveGroup; client reason: not provided) (kafka.coordinator.group.GroupCoordinator)
[2024-05-28 13:56:16,294] INFO [GroupCoordinator 0]: Group XBT_All_Streams with generation 30 is now empty (__consumer_offsets-36) (kafka.coordinator.group.GroupCoordinator)
[2024-05-28 13:56:16,295] INFO [GroupCoordinator 0]: Member MemberMetadata(memberId=faust-0.11.0-51489689-bb88-431b-b044-471d933a0c2f, groupInstanceId=None, clientId=faust-0.11.0, clientHost=/0:0:0:0:0:0:0:1, sessionTimeoutMs=60000, rebalanceTimeoutMs=60000, supportedProtocols=List(faust)) has left group XBT_All_Streams through explicit `LeaveGroup`; client reason: not provided (kafka.coordinator.group.GroupCoordinator)
[2024-05-28 13:57:10,845] INFO [LocalLog partition=binance_api_option_option_oi_btcoioption-4, dir=/workspaces/fastmoonStreams/kafka/logs] Deleting segment files LogSegment(baseOffset=4, size=33703, lastModifiedTime=1716900827753, largestRecordTimestamp=1716900827755) (kafka.log.LocalLog$)
[2024-05-28 13:57:10,846] INFO Deleted producer state snapshot /workspaces/fastmoonStreams/kafka/logs/binance_api_option_option_oi_btcoioption-4/00000000000000000004.snapshot.deleted (org.apache.kafka.storage.internals.log.SnapshotFile)
[2024-05-28 13:57:10,846] INFO Deleted log /workspaces/fastmoonStreams/kafka/logs/binance_api_option_option_oi_btcoioption-4/00000000000000000004.log.deleted. (org.apache.kafka.storage.internals.log.LogSegment)
[2024-05-28 13:57:10,846] INFO Deleted offset index /workspaces/fastmoonStreams/kafka/logs/binance_api_option_option_oi_btcoioption-4/00000000000000000004.index.deleted. (org.apache.kafka.storage.internals.log.LogSegment)
[2024-05-28 13:57:10,847] INFO Deleted time index /workspaces/fastmoonStreams/kafka/logs/binance_api_option_option_oi_btcoioption-4/00000000000000000004.timeindex.deleted. (org.apache.kafka.storage.internals.log.LogSegment)
