[2024-04-26 12:17:04,200] INFO [Controller id=0 epoch=1] Sending UpdateMetadata request to brokers HashSet(0) for 0 partitions (state.change.logger)
[2024-04-26 12:26:47,285] INFO [Controller id=0 epoch=1] Changed partition binance_api_perpetual_inverse_gta_btcposfutureperp-0 state from NonExistentPartition to NewPartition with assigned replicas 0 (state.change.logger)
[2024-04-26 12:26:47,285] INFO [Controller id=0 epoch=1] Changed partition binance_api_perpetual_inverse_gta_btcposfutureperp-1 state from NonExistentPartition to NewPartition with assigned replicas 0 (state.change.logger)
[2024-04-26 12:26:47,285] INFO [Controller id=0 epoch=1] Changed partition binance_api_perpetual_inverse_gta_btcposfutureperp-4 state from NonExistentPartition to NewPartition with assigned replicas 0 (state.change.logger)
[2024-04-26 12:26:47,285] INFO [Controller id=0 epoch=1] Changed partition binance_api_perpetual_inverse_gta_btcposfutureperp-2 state from NonExistentPartition to NewPartition with assigned replicas 0 (state.change.logger)
[2024-04-26 12:26:47,285] INFO [Controller id=0 epoch=1] Changed partition binance_api_perpetual_inverse_gta_btcposfutureperp-3 state from NonExistentPartition to NewPartition with assigned replicas 0 (state.change.logger)
[2024-04-26 12:26:47,286] INFO [Controller id=0 epoch=1] Sending UpdateMetadata request to brokers HashSet() for 0 partitions (state.change.logger)
[2024-04-26 12:26:47,290] INFO [Controller id=0 epoch=1] Sending UpdateMetadata request to brokers HashSet() for 0 partitions (state.change.logger)
[2024-04-26 12:26:47,318] INFO [Controller id=0 epoch=1] Changed partition binance_api_perpetual_inverse_gta_btcposfutureperp-0 from NewPartition to OnlinePartition with state LeaderAndIsr(leader=0, leaderEpoch=0, isrWithBrokerEpoch=List(BrokerState(brokerId=0, brokerEpoch=-1)), leaderRecoveryState=RECOVERED, partitionEpoch=0) (state.change.logger)
[2024-04-26 12:26:47,318] INFO [Controller id=0 epoch=1] Changed partition binance_api_perpetual_inverse_gta_btcposfutureperp-1 from NewPartition to OnlinePartition with state LeaderAndIsr(leader=0, leaderEpoch=0, isrWithBrokerEpoch=List(BrokerState(brokerId=0, brokerEpoch=-1)), leaderRecoveryState=RECOVERED, partitionEpoch=0) (state.change.logger)
[2024-04-26 12:26:47,319] INFO [Controller id=0 epoch=1] Changed partition binance_api_perpetual_inverse_gta_btcposfutureperp-4 from NewPartition to OnlinePartition with state LeaderAndIsr(leader=0, leaderEpoch=0, isrWithBrokerEpoch=List(BrokerState(brokerId=0, brokerEpoch=-1)), leaderRecoveryState=RECOVERED, partitionEpoch=0) (state.change.logger)
[2024-04-26 12:26:47,319] INFO [Controller id=0 epoch=1] Changed partition binance_api_perpetual_inverse_gta_btcposfutureperp-2 from NewPartition to OnlinePartition with state LeaderAndIsr(leader=0, leaderEpoch=0, isrWithBrokerEpoch=List(BrokerState(brokerId=0, brokerEpoch=-1)), leaderRecoveryState=RECOVERED, partitionEpoch=0) (state.change.logger)
[2024-04-26 12:26:47,319] INFO [Controller id=0 epoch=1] Changed partition binance_api_perpetual_inverse_gta_btcposfutureperp-3 from NewPartition to OnlinePartition with state LeaderAndIsr(leader=0, leaderEpoch=0, isrWithBrokerEpoch=List(BrokerState(brokerId=0, brokerEpoch=-1)), leaderRecoveryState=RECOVERED, partitionEpoch=0) (state.change.logger)
[2024-04-26 12:26:47,321] INFO [Controller id=0 epoch=1] Sending LeaderAndIsr request to broker 0 with 5 become-leader and 0 become-follower partitions (state.change.logger)
[2024-04-26 12:26:47,326] INFO [Controller id=0 epoch=1] Sending UpdateMetadata request to brokers HashSet(0) for 5 partitions (state.change.logger)
[2024-04-26 12:26:47,328] INFO [Controller id=0 epoch=1] Sending UpdateMetadata request to brokers HashSet() for 0 partitions (state.change.logger)
[2024-04-26 12:26:47,335] INFO [Broker id=0] Handling LeaderAndIsr request correlationId 1 from controller 0 for 5 partitions (state.change.logger)
[2024-04-26 12:26:47,346] INFO [Controller id=0 epoch=1] Changed partition binance_api_perpetual_inverse_oi_btcoifutureperp-2 state from NonExistentPartition to NewPartition with assigned replicas 0 (state.change.logger)
[2024-04-26 12:26:47,346] INFO [Controller id=0 epoch=1] Changed partition binance_api_perpetual_inverse_oi_btcoifutureperp-4 state from NonExistentPartition to NewPartition with assigned replicas 0 (state.change.logger)
[2024-04-26 12:26:47,346] INFO [Controller id=0 epoch=1] Changed partition binance_api_perpetual_inverse_oi_btcoifutureperp-3 state from NonExistentPartition to NewPartition with assigned replicas 0 (state.change.logger)
[2024-04-26 12:26:47,346] INFO [Controller id=0 epoch=1] Changed partition binance_api_option_option_oi_btcoioption-3 state from NonExistentPartition to NewPartition with assigned replicas 0 (state.change.logger)
[2024-04-26 12:26:47,346] INFO [Controller id=0 epoch=1] Changed partition binance_api_option_option_oi_btcoioption-2 state from NonExistentPartition to NewPartition with assigned replicas 0 (state.change.logger)
[2024-04-26 12:26:47,346] INFO [Controller id=0 epoch=1] Changed partition binance_api_perpetual_inverse_oi_btcoifutureperp-0 state from NonExistentPartition to NewPartition with assigned replicas 0 (state.change.logger)
[2024-04-26 12:26:47,346] INFO [Controller id=0 epoch=1] Changed partition binance_api_option_option_oi_btcoioption-0 state from NonExistentPartition to NewPartition with assigned replicas 0 (state.change.logger)
[2024-04-26 12:26:47,346] INFO [Controller id=0 epoch=1] Changed partition binance_api_perpetual_inverse_oi_btcoifutureperp-1 state from NonExistentPartition to NewPartition with assigned replicas 0 (state.change.logger)
[2024-04-26 12:26:47,346] INFO [Controller id=0 epoch=1] Changed partition binance_api_option_option_oi_btcoioption-4 state from NonExistentPartition to NewPartition with assigned replicas 0 (state.change.logger)
[2024-04-26 12:26:47,347] INFO [Controller id=0 epoch=1] Changed partition binance_api_option_option_oi_btcoioption-1 state from NonExistentPartition to NewPartition with assigned replicas 0 (state.change.logger)
[2024-04-26 12:26:47,347] INFO [Controller id=0 epoch=1] Sending UpdateMetadata request to brokers HashSet() for 0 partitions (state.change.logger)
[2024-04-26 12:26:47,347] INFO [Controller id=0 epoch=1] Sending UpdateMetadata request to brokers HashSet() for 0 partitions (state.change.logger)
[2024-04-26 12:26:47,380] INFO [Broker id=0] Stopped fetchers as part of LeaderAndIsr request correlationId 1 from controller 0 epoch 1 as part of the become-leader transition for 5 partitions (state.change.logger)
[2024-04-26 12:26:47,394] INFO [Controller id=0 epoch=1] Changed partition binance_api_perpetual_inverse_oi_btcoifutureperp-2 from NewPartition to OnlinePartition with state LeaderAndIsr(leader=0, leaderEpoch=0, isrWithBrokerEpoch=List(BrokerState(brokerId=0, brokerEpoch=-1)), leaderRecoveryState=RECOVERED, partitionEpoch=0) (state.change.logger)
[2024-04-26 12:26:47,395] INFO [Controller id=0 epoch=1] Changed partition binance_api_perpetual_inverse_oi_btcoifutureperp-4 from NewPartition to OnlinePartition with state LeaderAndIsr(leader=0, leaderEpoch=0, isrWithBrokerEpoch=List(BrokerState(brokerId=0, brokerEpoch=-1)), leaderRecoveryState=RECOVERED, partitionEpoch=0) (state.change.logger)
[2024-04-26 12:26:47,395] INFO [Controller id=0 epoch=1] Changed partition binance_api_perpetual_inverse_oi_btcoifutureperp-3 from NewPartition to OnlinePartition with state LeaderAndIsr(leader=0, leaderEpoch=0, isrWithBrokerEpoch=List(BrokerState(brokerId=0, brokerEpoch=-1)), leaderRecoveryState=RECOVERED, partitionEpoch=0) (state.change.logger)
[2024-04-26 12:26:47,395] INFO [Controller id=0 epoch=1] Changed partition binance_api_option_option_oi_btcoioption-3 from NewPartition to OnlinePartition with state LeaderAndIsr(leader=0, leaderEpoch=0, isrWithBrokerEpoch=List(BrokerState(brokerId=0, brokerEpoch=-1)), leaderRecoveryState=RECOVERED, partitionEpoch=0) (state.change.logger)
[2024-04-26 12:26:47,395] INFO [Controller id=0 epoch=1] Changed partition binance_api_option_option_oi_btcoioption-2 from NewPartition to OnlinePartition with state LeaderAndIsr(leader=0, leaderEpoch=0, isrWithBrokerEpoch=List(BrokerState(brokerId=0, brokerEpoch=-1)), leaderRecoveryState=RECOVERED, partitionEpoch=0) (state.change.logger)
[2024-04-26 12:26:47,395] INFO [Controller id=0 epoch=1] Changed partition binance_api_perpetual_inverse_oi_btcoifutureperp-0 from NewPartition to OnlinePartition with state LeaderAndIsr(leader=0, leaderEpoch=0, isrWithBrokerEpoch=List(BrokerState(brokerId=0, brokerEpoch=-1)), leaderRecoveryState=RECOVERED, partitionEpoch=0) (state.change.logger)
[2024-04-26 12:26:47,395] INFO [Controller id=0 epoch=1] Changed partition binance_api_option_option_oi_btcoioption-0 from NewPartition to OnlinePartition with state LeaderAndIsr(leader=0, leaderEpoch=0, isrWithBrokerEpoch=List(BrokerState(brokerId=0, brokerEpoch=-1)), leaderRecoveryState=RECOVERED, partitionEpoch=0) (state.change.logger)
[2024-04-26 12:26:47,395] INFO [Controller id=0 epoch=1] Changed partition binance_api_perpetual_inverse_oi_btcoifutureperp-1 from NewPartition to OnlinePartition with state LeaderAndIsr(leader=0, leaderEpoch=0, isrWithBrokerEpoch=List(BrokerState(brokerId=0, brokerEpoch=-1)), leaderRecoveryState=RECOVERED, partitionEpoch=0) (state.change.logger)
[2024-04-26 12:26:47,395] INFO [Controller id=0 epoch=1] Changed partition binance_api_option_option_oi_btcoioption-4 from NewPartition to OnlinePartition with state LeaderAndIsr(leader=0, leaderEpoch=0, isrWithBrokerEpoch=List(BrokerState(brokerId=0, brokerEpoch=-1)), leaderRecoveryState=RECOVERED, partitionEpoch=0) (state.change.logger)
[2024-04-26 12:26:47,395] INFO [Controller id=0 epoch=1] Changed partition binance_api_option_option_oi_btcoioption-1 from NewPartition to OnlinePartition with state LeaderAndIsr(leader=0, leaderEpoch=0, isrWithBrokerEpoch=List(BrokerState(brokerId=0, brokerEpoch=-1)), leaderRecoveryState=RECOVERED, partitionEpoch=0) (state.change.logger)
[2024-04-26 12:26:47,395] INFO [Controller id=0 epoch=1] Sending LeaderAndIsr request to broker 0 with 10 become-leader and 0 become-follower partitions (state.change.logger)
[2024-04-26 12:26:47,396] INFO [Controller id=0 epoch=1] Sending UpdateMetadata request to brokers HashSet(0) for 10 partitions (state.change.logger)
[2024-04-26 12:26:47,396] INFO [Controller id=0 epoch=1] Sending UpdateMetadata request to brokers HashSet() for 0 partitions (state.change.logger)
[2024-04-26 12:26:47,401] INFO [Controller id=0 epoch=1] Changed partition okx_api_perpetual_gta_btc-2 state from NonExistentPartition to NewPartition with assigned replicas 0 (state.change.logger)
[2024-04-26 12:26:47,401] INFO [Controller id=0 epoch=1] Changed partition okx_api_perpetual_gta_btc-4 state from NonExistentPartition to NewPartition with assigned replicas 0 (state.change.logger)
[2024-04-26 12:26:47,401] INFO [Controller id=0 epoch=1] Changed partition bybit_api_perpetual_linear_funding_btcfundperp-2 state from NonExistentPartition to NewPartition with assigned replicas 0 (state.change.logger)
[2024-04-26 12:26:47,401] INFO [Controller id=0 epoch=1] Changed partition okx_api_perpetual_gta_btc-0 state from NonExistentPartition to NewPartition with assigned replicas 0 (state.change.logger)
[2024-04-26 12:26:47,401] INFO [Controller id=0 epoch=1] Changed partition okx_api_perpetual_gta_btc-1 state from NonExistentPartition to NewPartition with assigned replicas 0 (state.change.logger)
[2024-04-26 12:26:47,401] INFO [Controller id=0 epoch=1] Changed partition bybit_api_perpetual_linear_funding_btcfundperp-3 state from NonExistentPartition to NewPartition with assigned replicas 0 (state.change.logger)
[2024-04-26 12:26:47,401] INFO [Controller id=0 epoch=1] Changed partition bybit_api_perpetual_linear_funding_btcfundperp-1 state from NonExistentPartition to NewPartition with assigned replicas 0 (state.change.logger)
[2024-04-26 12:26:47,401] INFO [Controller id=0 epoch=1] Changed partition bybit_api_perpetual_linear_funding_btcfundperp-4 state from NonExistentPartition to NewPartition with assigned replicas 0 (state.change.logger)
[2024-04-26 12:26:47,401] INFO [Controller id=0 epoch=1] Changed partition bybit_api_perpetual_linear_funding_btcfundperp-0 state from NonExistentPartition to NewPartition with assigned replicas 0 (state.change.logger)
[2024-04-26 12:26:47,401] INFO [Controller id=0 epoch=1] Changed partition okx_api_perpetual_gta_btc-3 state from NonExistentPartition to NewPartition with assigned replicas 0 (state.change.logger)
[2024-04-26 12:26:47,401] INFO [Controller id=0 epoch=1] Sending UpdateMetadata request to brokers HashSet() for 0 partitions (state.change.logger)
[2024-04-26 12:26:47,402] INFO [Controller id=0 epoch=1] Sending UpdateMetadata request to brokers HashSet() for 0 partitions (state.change.logger)
[2024-04-26 12:26:47,427] INFO [Controller id=0 epoch=1] Changed partition okx_api_perpetual_gta_btc-2 from NewPartition to OnlinePartition with state LeaderAndIsr(leader=0, leaderEpoch=0, isrWithBrokerEpoch=List(BrokerState(brokerId=0, brokerEpoch=-1)), leaderRecoveryState=RECOVERED, partitionEpoch=0) (state.change.logger)
[2024-04-26 12:26:47,428] INFO [Controller id=0 epoch=1] Changed partition okx_api_perpetual_gta_btc-4 from NewPartition to OnlinePartition with state LeaderAndIsr(leader=0, leaderEpoch=0, isrWithBrokerEpoch=List(BrokerState(brokerId=0, brokerEpoch=-1)), leaderRecoveryState=RECOVERED, partitionEpoch=0) (state.change.logger)
[2024-04-26 12:26:47,428] INFO [Controller id=0 epoch=1] Changed partition bybit_api_perpetual_linear_funding_btcfundperp-2 from NewPartition to OnlinePartition with state LeaderAndIsr(leader=0, leaderEpoch=0, isrWithBrokerEpoch=List(BrokerState(brokerId=0, brokerEpoch=-1)), leaderRecoveryState=RECOVERED, partitionEpoch=0) (state.change.logger)
[2024-04-26 12:26:47,428] INFO [Controller id=0 epoch=1] Changed partition okx_api_perpetual_gta_btc-0 from NewPartition to OnlinePartition with state LeaderAndIsr(leader=0, leaderEpoch=0, isrWithBrokerEpoch=List(BrokerState(brokerId=0, brokerEpoch=-1)), leaderRecoveryState=RECOVERED, partitionEpoch=0) (state.change.logger)
[2024-04-26 12:26:47,428] INFO [Controller id=0 epoch=1] Changed partition okx_api_perpetual_gta_btc-1 from NewPartition to OnlinePartition with state LeaderAndIsr(leader=0, leaderEpoch=0, isrWithBrokerEpoch=List(BrokerState(brokerId=0, brokerEpoch=-1)), leaderRecoveryState=RECOVERED, partitionEpoch=0) (state.change.logger)
[2024-04-26 12:26:47,429] INFO [Controller id=0 epoch=1] Changed partition bybit_api_perpetual_linear_funding_btcfundperp-3 from NewPartition to OnlinePartition with state LeaderAndIsr(leader=0, leaderEpoch=0, isrWithBrokerEpoch=List(BrokerState(brokerId=0, brokerEpoch=-1)), leaderRecoveryState=RECOVERED, partitionEpoch=0) (state.change.logger)
[2024-04-26 12:26:47,429] INFO [Controller id=0 epoch=1] Changed partition bybit_api_perpetual_linear_funding_btcfundperp-1 from NewPartition to OnlinePartition with state LeaderAndIsr(leader=0, leaderEpoch=0, isrWithBrokerEpoch=List(BrokerState(brokerId=0, brokerEpoch=-1)), leaderRecoveryState=RECOVERED, partitionEpoch=0) (state.change.logger)
[2024-04-26 12:26:47,429] INFO [Controller id=0 epoch=1] Changed partition bybit_api_perpetual_linear_funding_btcfundperp-4 from NewPartition to OnlinePartition with state LeaderAndIsr(leader=0, leaderEpoch=0, isrWithBrokerEpoch=List(BrokerState(brokerId=0, brokerEpoch=-1)), leaderRecoveryState=RECOVERED, partitionEpoch=0) (state.change.logger)
[2024-04-26 12:26:47,429] INFO [Controller id=0 epoch=1] Changed partition bybit_api_perpetual_linear_funding_btcfundperp-0 from NewPartition to OnlinePartition with state LeaderAndIsr(leader=0, leaderEpoch=0, isrWithBrokerEpoch=List(BrokerState(brokerId=0, brokerEpoch=-1)), leaderRecoveryState=RECOVERED, partitionEpoch=0) (state.change.logger)
[2024-04-26 12:26:47,429] INFO [Controller id=0 epoch=1] Changed partition okx_api_perpetual_gta_btc-3 from NewPartition to OnlinePartition with state LeaderAndIsr(leader=0, leaderEpoch=0, isrWithBrokerEpoch=List(BrokerState(brokerId=0, brokerEpoch=-1)), leaderRecoveryState=RECOVERED, partitionEpoch=0) (state.change.logger)
[2024-04-26 12:26:47,429] INFO [Controller id=0 epoch=1] Sending LeaderAndIsr request to broker 0 with 10 become-leader and 0 become-follower partitions (state.change.logger)
[2024-04-26 12:26:47,430] INFO [Controller id=0 epoch=1] Sending UpdateMetadata request to brokers HashSet(0) for 10 partitions (state.change.logger)
[2024-04-26 12:26:47,431] INFO [Controller id=0 epoch=1] Sending UpdateMetadata request to brokers HashSet() for 0 partitions (state.change.logger)
[2024-04-26 12:26:47,439] INFO [Controller id=0 epoch=1] Changed partition okx_api_option_oi_btcusd-0 state from NonExistentPartition to NewPartition with assigned replicas 0 (state.change.logger)
[2024-04-26 12:26:47,439] INFO [Controller id=0 epoch=1] Changed partition okx_api_perpetual_oi_btcoifutureperp-2 state from NonExistentPartition to NewPartition with assigned replicas 0 (state.change.logger)
[2024-04-26 12:26:47,439] INFO [Controller id=0 epoch=1] Changed partition okx_api_perpetual_oi_btcoifutureperp-1 state from NonExistentPartition to NewPartition with assigned replicas 0 (state.change.logger)
[2024-04-26 12:26:47,439] INFO [Controller id=0 epoch=1] Changed partition okx_api_option_oi_btcusd-4 state from NonExistentPartition to NewPartition with assigned replicas 0 (state.change.logger)
[2024-04-26 12:26:47,439] INFO [Controller id=0 epoch=1] Changed partition okx_api_perpetual_oi_btcoifutureperp-0 state from NonExistentPartition to NewPartition with assigned replicas 0 (state.change.logger)
[2024-04-26 12:26:47,439] INFO [Controller id=0 epoch=1] Changed partition okx_api_perpetual_oi_btcoifutureperp-4 state from NonExistentPartition to NewPartition with assigned replicas 0 (state.change.logger)
[2024-04-26 12:26:47,439] INFO [Controller id=0 epoch=1] Changed partition okx_api_option_oi_btcusd-1 state from NonExistentPartition to NewPartition with assigned replicas 0 (state.change.logger)
[2024-04-26 12:26:47,439] INFO [Controller id=0 epoch=1] Changed partition okx_api_option_oi_btcusd-3 state from NonExistentPartition to NewPartition with assigned replicas 0 (state.change.logger)
[2024-04-26 12:26:47,439] INFO [Controller id=0 epoch=1] Changed partition okx_api_perpetual_oi_btcoifutureperp-3 state from NonExistentPartition to NewPartition with assigned replicas 0 (state.change.logger)
[2024-04-26 12:26:47,439] INFO [Controller id=0 epoch=1] Changed partition okx_api_option_oi_btcusd-2 state from NonExistentPartition to NewPartition with assigned replicas 0 (state.change.logger)
[2024-04-26 12:26:47,439] INFO [Controller id=0 epoch=1] Sending UpdateMetadata request to brokers HashSet() for 0 partitions (state.change.logger)
[2024-04-26 12:26:47,439] INFO [Controller id=0 epoch=1] Sending UpdateMetadata request to brokers HashSet() for 0 partitions (state.change.logger)
[2024-04-26 12:26:47,484] INFO [Controller id=0 epoch=1] Changed partition okx_api_option_oi_btcusd-0 from NewPartition to OnlinePartition with state LeaderAndIsr(leader=0, leaderEpoch=0, isrWithBrokerEpoch=List(BrokerState(brokerId=0, brokerEpoch=-1)), leaderRecoveryState=RECOVERED, partitionEpoch=0) (state.change.logger)
[2024-04-26 12:26:47,484] INFO [Controller id=0 epoch=1] Changed partition okx_api_perpetual_oi_btcoifutureperp-2 from NewPartition to OnlinePartition with state LeaderAndIsr(leader=0, leaderEpoch=0, isrWithBrokerEpoch=List(BrokerState(brokerId=0, brokerEpoch=-1)), leaderRecoveryState=RECOVERED, partitionEpoch=0) (state.change.logger)
[2024-04-26 12:26:47,485] INFO [Controller id=0 epoch=1] Changed partition okx_api_perpetual_oi_btcoifutureperp-1 from NewPartition to OnlinePartition with state LeaderAndIsr(leader=0, leaderEpoch=0, isrWithBrokerEpoch=List(BrokerState(brokerId=0, brokerEpoch=-1)), leaderRecoveryState=RECOVERED, partitionEpoch=0) (state.change.logger)
[2024-04-26 12:26:47,485] INFO [Controller id=0 epoch=1] Changed partition okx_api_option_oi_btcusd-4 from NewPartition to OnlinePartition with state LeaderAndIsr(leader=0, leaderEpoch=0, isrWithBrokerEpoch=List(BrokerState(brokerId=0, brokerEpoch=-1)), leaderRecoveryState=RECOVERED, partitionEpoch=0) (state.change.logger)
[2024-04-26 12:26:47,485] INFO [Controller id=0 epoch=1] Changed partition okx_api_perpetual_oi_btcoifutureperp-0 from NewPartition to OnlinePartition with state LeaderAndIsr(leader=0, leaderEpoch=0, isrWithBrokerEpoch=List(BrokerState(brokerId=0, brokerEpoch=-1)), leaderRecoveryState=RECOVERED, partitionEpoch=0) (state.change.logger)
[2024-04-26 12:26:47,485] INFO [Controller id=0 epoch=1] Changed partition okx_api_perpetual_oi_btcoifutureperp-4 from NewPartition to OnlinePartition with state LeaderAndIsr(leader=0, leaderEpoch=0, isrWithBrokerEpoch=List(BrokerState(brokerId=0, brokerEpoch=-1)), leaderRecoveryState=RECOVERED, partitionEpoch=0) (state.change.logger)
[2024-04-26 12:26:47,485] INFO [Controller id=0 epoch=1] Changed partition okx_api_option_oi_btcusd-1 from NewPartition to OnlinePartition with state LeaderAndIsr(leader=0, leaderEpoch=0, isrWithBrokerEpoch=List(BrokerState(brokerId=0, brokerEpoch=-1)), leaderRecoveryState=RECOVERED, partitionEpoch=0) (state.change.logger)
[2024-04-26 12:26:47,485] INFO [Controller id=0 epoch=1] Changed partition okx_api_option_oi_btcusd-3 from NewPartition to OnlinePartition with state LeaderAndIsr(leader=0, leaderEpoch=0, isrWithBrokerEpoch=List(BrokerState(brokerId=0, brokerEpoch=-1)), leaderRecoveryState=RECOVERED, partitionEpoch=0) (state.change.logger)
[2024-04-26 12:26:47,486] INFO [Controller id=0 epoch=1] Changed partition okx_api_perpetual_oi_btcoifutureperp-3 from NewPartition to OnlinePartition with state LeaderAndIsr(leader=0, leaderEpoch=0, isrWithBrokerEpoch=List(BrokerState(brokerId=0, brokerEpoch=-1)), leaderRecoveryState=RECOVERED, partitionEpoch=0) (state.change.logger)
[2024-04-26 12:26:47,486] INFO [Controller id=0 epoch=1] Changed partition okx_api_option_oi_btcusd-2 from NewPartition to OnlinePartition with state LeaderAndIsr(leader=0, leaderEpoch=0, isrWithBrokerEpoch=List(BrokerState(brokerId=0, brokerEpoch=-1)), leaderRecoveryState=RECOVERED, partitionEpoch=0) (state.change.logger)
[2024-04-26 12:26:47,486] INFO [Controller id=0 epoch=1] Sending LeaderAndIsr request to broker 0 with 10 become-leader and 0 become-follower partitions (state.change.logger)
[2024-04-26 12:26:47,486] INFO [Controller id=0 epoch=1] Sending UpdateMetadata request to brokers HashSet(0) for 10 partitions (state.change.logger)
[2024-04-26 12:26:47,487] INFO [Controller id=0 epoch=1] Sending UpdateMetadata request to brokers HashSet() for 0 partitions (state.change.logger)
[2024-04-26 12:26:47,494] INFO [Controller id=0 epoch=1] Changed partition bybit_api_perpetual_linear_oi_btcoifutureperp-2 state from NonExistentPartition to NewPartition with assigned replicas 0 (state.change.logger)
[2024-04-26 12:26:47,494] INFO [Controller id=0 epoch=1] Changed partition bybit_api_perpetual_linear_oi_btcoifutureperp-4 state from NonExistentPartition to NewPartition with assigned replicas 0 (state.change.logger)
[2024-04-26 12:26:47,495] INFO [Controller id=0 epoch=1] Changed partition bybit_api_perpetual_linear_oi_btcoifutureperp-3 state from NonExistentPartition to NewPartition with assigned replicas 0 (state.change.logger)
[2024-04-26 12:26:47,495] INFO [Controller id=0 epoch=1] Changed partition bybit_api_perpetual_linear_oi_btcoifutureperp-1 state from NonExistentPartition to NewPartition with assigned replicas 0 (state.change.logger)
[2024-04-26 12:26:47,495] INFO [Controller id=0 epoch=1] Changed partition bybit_api_perpetual_linear_oi_btcoifutureperp-0 state from NonExistentPartition to NewPartition with assigned replicas 0 (state.change.logger)
[2024-04-26 12:26:47,495] INFO [Controller id=0 epoch=1] Sending UpdateMetadata request to brokers HashSet() for 0 partitions (state.change.logger)
[2024-04-26 12:26:47,495] INFO [Controller id=0 epoch=1] Sending UpdateMetadata request to brokers HashSet() for 0 partitions (state.change.logger)
[2024-04-26 12:26:47,499] INFO [Broker id=0] Leader binance_api_perpetual_inverse_gta_btcposfutureperp-2 with topic id Some(cA_d6moJTr2vKclvHY5zMw) starts at leader epoch 0 from offset 0 with partition epoch 0, high watermark 0, ISR [0], adding replicas [] and removing replicas [] . Previous leader None and previous leader epoch was -1. (state.change.logger)
[2024-04-26 12:26:47,526] INFO [Controller id=0 epoch=1] Changed partition bybit_api_perpetual_linear_oi_btcoifutureperp-2 from NewPartition to OnlinePartition with state LeaderAndIsr(leader=0, leaderEpoch=0, isrWithBrokerEpoch=List(BrokerState(brokerId=0, brokerEpoch=-1)), leaderRecoveryState=RECOVERED, partitionEpoch=0) (state.change.logger)
[2024-04-26 12:26:47,527] INFO [Controller id=0 epoch=1] Changed partition bybit_api_perpetual_linear_oi_btcoifutureperp-4 from NewPartition to OnlinePartition with state LeaderAndIsr(leader=0, leaderEpoch=0, isrWithBrokerEpoch=List(BrokerState(brokerId=0, brokerEpoch=-1)), leaderRecoveryState=RECOVERED, partitionEpoch=0) (state.change.logger)
[2024-04-26 12:26:47,527] INFO [Controller id=0 epoch=1] Changed partition bybit_api_perpetual_linear_oi_btcoifutureperp-3 from NewPartition to OnlinePartition with state LeaderAndIsr(leader=0, leaderEpoch=0, isrWithBrokerEpoch=List(BrokerState(brokerId=0, brokerEpoch=-1)), leaderRecoveryState=RECOVERED, partitionEpoch=0) (state.change.logger)
[2024-04-26 12:26:47,527] INFO [Controller id=0 epoch=1] Changed partition bybit_api_perpetual_linear_oi_btcoifutureperp-1 from NewPartition to OnlinePartition with state LeaderAndIsr(leader=0, leaderEpoch=0, isrWithBrokerEpoch=List(BrokerState(brokerId=0, brokerEpoch=-1)), leaderRecoveryState=RECOVERED, partitionEpoch=0) (state.change.logger)
[2024-04-26 12:26:47,527] INFO [Controller id=0 epoch=1] Changed partition bybit_api_perpetual_linear_oi_btcoifutureperp-0 from NewPartition to OnlinePartition with state LeaderAndIsr(leader=0, leaderEpoch=0, isrWithBrokerEpoch=List(BrokerState(brokerId=0, brokerEpoch=-1)), leaderRecoveryState=RECOVERED, partitionEpoch=0) (state.change.logger)
[2024-04-26 12:26:47,527] INFO [Controller id=0 epoch=1] Sending LeaderAndIsr request to broker 0 with 5 become-leader and 0 become-follower partitions (state.change.logger)
[2024-04-26 12:26:47,527] INFO [Controller id=0 epoch=1] Sending UpdateMetadata request to brokers HashSet(0) for 5 partitions (state.change.logger)
[2024-04-26 12:26:47,528] INFO [Controller id=0 epoch=1] Sending UpdateMetadata request to brokers HashSet() for 0 partitions (state.change.logger)
[2024-04-26 12:26:47,530] INFO [Broker id=0] Leader binance_api_perpetual_inverse_gta_btcposfutureperp-1 with topic id Some(cA_d6moJTr2vKclvHY5zMw) starts at leader epoch 0 from offset 0 with partition epoch 0, high watermark 0, ISR [0], adding replicas [] and removing replicas [] . Previous leader None and previous leader epoch was -1. (state.change.logger)
[2024-04-26 12:26:47,538] INFO [Broker id=0] Leader binance_api_perpetual_inverse_gta_btcposfutureperp-0 with topic id Some(cA_d6moJTr2vKclvHY5zMw) starts at leader epoch 0 from offset 0 with partition epoch 0, high watermark 0, ISR [0], adding replicas [] and removing replicas [] . Previous leader None and previous leader epoch was -1. (state.change.logger)
[2024-04-26 12:26:47,542] INFO [Controller id=0 epoch=1] Changed partition binance_api_perpetual_inverse_funding_btcfundperp-0 state from NonExistentPartition to NewPartition with assigned replicas 0 (state.change.logger)
[2024-04-26 12:26:47,542] INFO [Controller id=0 epoch=1] Changed partition binance_api_perpetual_inverse_funding_btcfundperp-4 state from NonExistentPartition to NewPartition with assigned replicas 0 (state.change.logger)
[2024-04-26 12:26:47,542] INFO [Controller id=0 epoch=1] Changed partition binance_api_perpetual_inverse_funding_btcfundperp-1 state from NonExistentPartition to NewPartition with assigned replicas 0 (state.change.logger)
[2024-04-26 12:26:47,542] INFO [Controller id=0 epoch=1] Changed partition binance_api_perpetual_inverse_funding_btcfundperp-3 state from NonExistentPartition to NewPartition with assigned replicas 0 (state.change.logger)
[2024-04-26 12:26:47,542] INFO [Controller id=0 epoch=1] Changed partition binance_api_perpetual_inverse_funding_btcfundperp-2 state from NonExistentPartition to NewPartition with assigned replicas 0 (state.change.logger)
[2024-04-26 12:26:47,542] INFO [Controller id=0 epoch=1] Sending UpdateMetadata request to brokers HashSet() for 0 partitions (state.change.logger)
[2024-04-26 12:26:47,543] INFO [Controller id=0 epoch=1] Sending UpdateMetadata request to brokers HashSet() for 0 partitions (state.change.logger)
[2024-04-26 12:26:47,546] INFO [Broker id=0] Leader binance_api_perpetual_inverse_gta_btcposfutureperp-4 with topic id Some(cA_d6moJTr2vKclvHY5zMw) starts at leader epoch 0 from offset 0 with partition epoch 0, high watermark 0, ISR [0], adding replicas [] and removing replicas [] . Previous leader None and previous leader epoch was -1. (state.change.logger)
[2024-04-26 12:26:47,557] INFO [Broker id=0] Leader binance_api_perpetual_inverse_gta_btcposfutureperp-3 with topic id Some(cA_d6moJTr2vKclvHY5zMw) starts at leader epoch 0 from offset 0 with partition epoch 0, high watermark 0, ISR [0], adding replicas [] and removing replicas [] . Previous leader None and previous leader epoch was -1. (state.change.logger)
[2024-04-26 12:26:47,578] INFO [Broker id=0] Finished LeaderAndIsr request in 244ms correlationId 1 from controller 0 for 5 partitions (state.change.logger)
[2024-04-26 12:26:47,582] INFO [Controller id=0 epoch=1] Changed partition binance_api_perpetual_inverse_funding_btcfundperp-0 from NewPartition to OnlinePartition with state LeaderAndIsr(leader=0, leaderEpoch=0, isrWithBrokerEpoch=List(BrokerState(brokerId=0, brokerEpoch=-1)), leaderRecoveryState=RECOVERED, partitionEpoch=0) (state.change.logger)
[2024-04-26 12:26:47,582] INFO [Controller id=0 epoch=1] Changed partition binance_api_perpetual_inverse_funding_btcfundperp-4 from NewPartition to OnlinePartition with state LeaderAndIsr(leader=0, leaderEpoch=0, isrWithBrokerEpoch=List(BrokerState(brokerId=0, brokerEpoch=-1)), leaderRecoveryState=RECOVERED, partitionEpoch=0) (state.change.logger)
[2024-04-26 12:26:47,582] INFO [Controller id=0 epoch=1] Changed partition binance_api_perpetual_inverse_funding_btcfundperp-1 from NewPartition to OnlinePartition with state LeaderAndIsr(leader=0, leaderEpoch=0, isrWithBrokerEpoch=List(BrokerState(brokerId=0, brokerEpoch=-1)), leaderRecoveryState=RECOVERED, partitionEpoch=0) (state.change.logger)
[2024-04-26 12:26:47,582] INFO [Controller id=0 epoch=1] Changed partition binance_api_perpetual_inverse_funding_btcfundperp-3 from NewPartition to OnlinePartition with state LeaderAndIsr(leader=0, leaderEpoch=0, isrWithBrokerEpoch=List(BrokerState(brokerId=0, brokerEpoch=-1)), leaderRecoveryState=RECOVERED, partitionEpoch=0) (state.change.logger)
[2024-04-26 12:26:47,582] INFO [Controller id=0 epoch=1] Changed partition binance_api_perpetual_inverse_funding_btcfundperp-2 from NewPartition to OnlinePartition with state LeaderAndIsr(leader=0, leaderEpoch=0, isrWithBrokerEpoch=List(BrokerState(brokerId=0, brokerEpoch=-1)), leaderRecoveryState=RECOVERED, partitionEpoch=0) (state.change.logger)
[2024-04-26 12:26:47,583] INFO [Controller id=0 epoch=1] Sending LeaderAndIsr request to broker 0 with 5 become-leader and 0 become-follower partitions (state.change.logger)
[2024-04-26 12:26:47,583] INFO [Controller id=0 epoch=1] Sending UpdateMetadata request to brokers HashSet(0) for 5 partitions (state.change.logger)
[2024-04-26 12:26:47,588] INFO [Controller id=0 epoch=1] Sending UpdateMetadata request to brokers HashSet() for 0 partitions (state.change.logger)
[2024-04-26 12:26:47,593] INFO [Broker id=0] Add 5 partitions and deleted 0 partitions from metadata cache in response to UpdateMetadata request sent by controller 0 epoch 1 with correlation id 2 (state.change.logger)
[2024-04-26 12:26:47,598] INFO [Broker id=0] Handling LeaderAndIsr request correlationId 3 from controller 0 for 10 partitions (state.change.logger)
[2024-04-26 12:26:47,604] INFO [Broker id=0] Stopped fetchers as part of LeaderAndIsr request correlationId 3 from controller 0 epoch 1 as part of the become-leader transition for 10 partitions (state.change.logger)
[2024-04-26 12:26:47,612] INFO [Controller id=0 epoch=1] Changed partition bybit_api_perpetual_linear_gta_btcposfutureperp-2 state from NonExistentPartition to NewPartition with assigned replicas 0 (state.change.logger)
[2024-04-26 12:26:47,612] INFO [Controller id=0 epoch=1] Changed partition okx_api_perpetual_funding_btcfundperp-4 state from NonExistentPartition to NewPartition with assigned replicas 0 (state.change.logger)
[2024-04-26 12:26:47,612] INFO [Controller id=0 epoch=1] Changed partition okx_api_perpetual_funding_btcfundperp-1 state from NonExistentPartition to NewPartition with assigned replicas 0 (state.change.logger)
[2024-04-26 12:26:47,612] INFO [Controller id=0 epoch=1] Changed partition okx_api_perpetual_funding_btcfundperp-0 state from NonExistentPartition to NewPartition with assigned replicas 0 (state.change.logger)
[2024-04-26 12:26:47,623] INFO [Controller id=0 epoch=1] Changed partition bybit_api_perpetual_linear_gta_btcposfutureperp-0 state from NonExistentPartition to NewPartition with assigned replicas 0 (state.change.logger)
[2024-04-26 12:26:47,623] INFO [Controller id=0 epoch=1] Changed partition okx_api_perpetual_funding_btcfundperp-2 state from NonExistentPartition to NewPartition with assigned replicas 0 (state.change.logger)
[2024-04-26 12:26:47,623] INFO [Controller id=0 epoch=1] Changed partition bybit_api_perpetual_linear_gta_btcposfutureperp-3 state from NonExistentPartition to NewPartition with assigned replicas 0 (state.change.logger)
[2024-04-26 12:26:47,623] INFO [Controller id=0 epoch=1] Changed partition okx_api_perpetual_funding_btcfundperp-3 state from NonExistentPartition to NewPartition with assigned replicas 0 (state.change.logger)
[2024-04-26 12:26:47,623] INFO [Controller id=0 epoch=1] Changed partition bybit_api_perpetual_linear_gta_btcposfutureperp-4 state from NonExistentPartition to NewPartition with assigned replicas 0 (state.change.logger)
[2024-04-26 12:26:47,623] INFO [Controller id=0 epoch=1] Changed partition bybit_api_perpetual_linear_gta_btcposfutureperp-1 state from NonExistentPartition to NewPartition with assigned replicas 0 (state.change.logger)
[2024-04-26 12:26:47,623] INFO [Controller id=0 epoch=1] Sending UpdateMetadata request to brokers HashSet() for 0 partitions (state.change.logger)
[2024-04-26 12:26:47,623] INFO [Controller id=0 epoch=1] Sending UpdateMetadata request to brokers HashSet() for 0 partitions (state.change.logger)
[2024-04-26 12:26:47,637] INFO [Broker id=0] Leader binance_api_option_option_oi_btcoioption-3 with topic id Some(AKq0IEe3RZmCU9OCeSz6jw) starts at leader epoch 0 from offset 0 with partition epoch 0, high watermark 0, ISR [0], adding replicas [] and removing replicas [] . Previous leader None and previous leader epoch was -1. (state.change.logger)
[2024-04-26 12:26:47,654] INFO [Broker id=0] Leader binance_api_option_option_oi_btcoioption-2 with topic id Some(AKq0IEe3RZmCU9OCeSz6jw) starts at leader epoch 0 from offset 0 with partition epoch 0, high watermark 0, ISR [0], adding replicas [] and removing replicas [] . Previous leader None and previous leader epoch was -1. (state.change.logger)
[2024-04-26 12:26:47,661] INFO [Broker id=0] Leader binance_api_option_option_oi_btcoioption-1 with topic id Some(AKq0IEe3RZmCU9OCeSz6jw) starts at leader epoch 0 from offset 0 with partition epoch 0, high watermark 0, ISR [0], adding replicas [] and removing replicas [] . Previous leader None and previous leader epoch was -1. (state.change.logger)
[2024-04-26 12:26:47,675] INFO [Broker id=0] Leader binance_api_perpetual_inverse_oi_btcoifutureperp-4 with topic id Some(iAdSL3cEThC5iD4FCOkG9w) starts at leader epoch 0 from offset 0 with partition epoch 0, high watermark 0, ISR [0], adding replicas [] and removing replicas [] . Previous leader None and previous leader epoch was -1. (state.change.logger)
[2024-04-26 12:26:47,676] INFO [Controller id=0 epoch=1] Changed partition bybit_api_perpetual_linear_gta_btcposfutureperp-2 from NewPartition to OnlinePartition with state LeaderAndIsr(leader=0, leaderEpoch=0, isrWithBrokerEpoch=List(BrokerState(brokerId=0, brokerEpoch=-1)), leaderRecoveryState=RECOVERED, partitionEpoch=0) (state.change.logger)
[2024-04-26 12:26:47,676] INFO [Controller id=0 epoch=1] Changed partition okx_api_perpetual_funding_btcfundperp-4 from NewPartition to OnlinePartition with state LeaderAndIsr(leader=0, leaderEpoch=0, isrWithBrokerEpoch=List(BrokerState(brokerId=0, brokerEpoch=-1)), leaderRecoveryState=RECOVERED, partitionEpoch=0) (state.change.logger)
[2024-04-26 12:26:47,676] INFO [Controller id=0 epoch=1] Changed partition okx_api_perpetual_funding_btcfundperp-1 from NewPartition to OnlinePartition with state LeaderAndIsr(leader=0, leaderEpoch=0, isrWithBrokerEpoch=List(BrokerState(brokerId=0, brokerEpoch=-1)), leaderRecoveryState=RECOVERED, partitionEpoch=0) (state.change.logger)
[2024-04-26 12:26:47,676] INFO [Controller id=0 epoch=1] Changed partition okx_api_perpetual_funding_btcfundperp-0 from NewPartition to OnlinePartition with state LeaderAndIsr(leader=0, leaderEpoch=0, isrWithBrokerEpoch=List(BrokerState(brokerId=0, brokerEpoch=-1)), leaderRecoveryState=RECOVERED, partitionEpoch=0) (state.change.logger)
[2024-04-26 12:26:47,676] INFO [Controller id=0 epoch=1] Changed partition bybit_api_perpetual_linear_gta_btcposfutureperp-0 from NewPartition to OnlinePartition with state LeaderAndIsr(leader=0, leaderEpoch=0, isrWithBrokerEpoch=List(BrokerState(brokerId=0, brokerEpoch=-1)), leaderRecoveryState=RECOVERED, partitionEpoch=0) (state.change.logger)
[2024-04-26 12:26:47,676] INFO [Controller id=0 epoch=1] Changed partition okx_api_perpetual_funding_btcfundperp-2 from NewPartition to OnlinePartition with state LeaderAndIsr(leader=0, leaderEpoch=0, isrWithBrokerEpoch=List(BrokerState(brokerId=0, brokerEpoch=-1)), leaderRecoveryState=RECOVERED, partitionEpoch=0) (state.change.logger)
[2024-04-26 12:26:47,676] INFO [Controller id=0 epoch=1] Changed partition bybit_api_perpetual_linear_gta_btcposfutureperp-3 from NewPartition to OnlinePartition with state LeaderAndIsr(leader=0, leaderEpoch=0, isrWithBrokerEpoch=List(BrokerState(brokerId=0, brokerEpoch=-1)), leaderRecoveryState=RECOVERED, partitionEpoch=0) (state.change.logger)
[2024-04-26 12:26:47,676] INFO [Controller id=0 epoch=1] Changed partition okx_api_perpetual_funding_btcfundperp-3 from NewPartition to OnlinePartition with state LeaderAndIsr(leader=0, leaderEpoch=0, isrWithBrokerEpoch=List(BrokerState(brokerId=0, brokerEpoch=-1)), leaderRecoveryState=RECOVERED, partitionEpoch=0) (state.change.logger)
[2024-04-26 12:26:47,676] INFO [Controller id=0 epoch=1] Changed partition bybit_api_perpetual_linear_gta_btcposfutureperp-4 from NewPartition to OnlinePartition with state LeaderAndIsr(leader=0, leaderEpoch=0, isrWithBrokerEpoch=List(BrokerState(brokerId=0, brokerEpoch=-1)), leaderRecoveryState=RECOVERED, partitionEpoch=0) (state.change.logger)
[2024-04-26 12:26:47,676] INFO [Controller id=0 epoch=1] Changed partition bybit_api_perpetual_linear_gta_btcposfutureperp-1 from NewPartition to OnlinePartition with state LeaderAndIsr(leader=0, leaderEpoch=0, isrWithBrokerEpoch=List(BrokerState(brokerId=0, brokerEpoch=-1)), leaderRecoveryState=RECOVERED, partitionEpoch=0) (state.change.logger)
[2024-04-26 12:26:47,676] INFO [Controller id=0 epoch=1] Sending LeaderAndIsr request to broker 0 with 10 become-leader and 0 become-follower partitions (state.change.logger)
[2024-04-26 12:26:47,677] INFO [Controller id=0 epoch=1] Sending UpdateMetadata request to brokers HashSet(0) for 10 partitions (state.change.logger)
[2024-04-26 12:26:47,677] INFO [Controller id=0 epoch=1] Sending UpdateMetadata request to brokers HashSet() for 0 partitions (state.change.logger)
[2024-04-26 12:26:47,701] INFO [Broker id=0] Leader binance_api_option_option_oi_btcoioption-0 with topic id Some(AKq0IEe3RZmCU9OCeSz6jw) starts at leader epoch 0 from offset 0 with partition epoch 0, high watermark 0, ISR [0], adding replicas [] and removing replicas [] . Previous leader None and previous leader epoch was -1. (state.change.logger)
[2024-04-26 12:26:47,705] INFO [Controller id=0 epoch=1] Changed partition bybit_api_option_option_oioption_btc-4 state from NonExistentPartition to NewPartition with assigned replicas 0 (state.change.logger)
[2024-04-26 12:26:47,705] INFO [Controller id=0 epoch=1] Changed partition bybit_api_option_option_oioption_btc-0 state from NonExistentPartition to NewPartition with assigned replicas 0 (state.change.logger)
[2024-04-26 12:26:47,706] INFO [Controller id=0 epoch=1] Changed partition bybit_api_option_option_oioption_btc-1 state from NonExistentPartition to NewPartition with assigned replicas 0 (state.change.logger)
[2024-04-26 12:26:47,706] INFO [Controller id=0 epoch=1] Changed partition bybit_api_option_option_oioption_btc-2 state from NonExistentPartition to NewPartition with assigned replicas 0 (state.change.logger)
[2024-04-26 12:26:47,707] INFO [Controller id=0 epoch=1] Changed partition bybit_api_option_option_oioption_btc-3 state from NonExistentPartition to NewPartition with assigned replicas 0 (state.change.logger)
[2024-04-26 12:26:47,707] INFO [Controller id=0 epoch=1] Sending UpdateMetadata request to brokers HashSet() for 0 partitions (state.change.logger)
[2024-04-26 12:26:47,721] INFO [Controller id=0 epoch=1] Sending UpdateMetadata request to brokers HashSet() for 0 partitions (state.change.logger)
[2024-04-26 12:26:47,724] INFO [Broker id=0] Leader binance_api_perpetual_inverse_oi_btcoifutureperp-3 with topic id Some(iAdSL3cEThC5iD4FCOkG9w) starts at leader epoch 0 from offset 0 with partition epoch 0, high watermark 0, ISR [0], adding replicas [] and removing replicas [] . Previous leader None and previous leader epoch was -1. (state.change.logger)
[2024-04-26 12:26:47,739] INFO [Broker id=0] Leader binance_api_perpetual_inverse_oi_btcoifutureperp-2 with topic id Some(iAdSL3cEThC5iD4FCOkG9w) starts at leader epoch 0 from offset 0 with partition epoch 0, high watermark 0, ISR [0], adding replicas [] and removing replicas [] . Previous leader None and previous leader epoch was -1. (state.change.logger)
[2024-04-26 12:26:47,755] INFO [Controller id=0 epoch=1] Changed partition bybit_api_option_option_oioption_btc-4 from NewPartition to OnlinePartition with state LeaderAndIsr(leader=0, leaderEpoch=0, isrWithBrokerEpoch=List(BrokerState(brokerId=0, brokerEpoch=-1)), leaderRecoveryState=RECOVERED, partitionEpoch=0) (state.change.logger)
[2024-04-26 12:26:47,755] INFO [Controller id=0 epoch=1] Changed partition bybit_api_option_option_oioption_btc-0 from NewPartition to OnlinePartition with state LeaderAndIsr(leader=0, leaderEpoch=0, isrWithBrokerEpoch=List(BrokerState(brokerId=0, brokerEpoch=-1)), leaderRecoveryState=RECOVERED, partitionEpoch=0) (state.change.logger)
[2024-04-26 12:26:47,755] INFO [Controller id=0 epoch=1] Changed partition bybit_api_option_option_oioption_btc-1 from NewPartition to OnlinePartition with state LeaderAndIsr(leader=0, leaderEpoch=0, isrWithBrokerEpoch=List(BrokerState(brokerId=0, brokerEpoch=-1)), leaderRecoveryState=RECOVERED, partitionEpoch=0) (state.change.logger)
[2024-04-26 12:26:47,755] INFO [Controller id=0 epoch=1] Changed partition bybit_api_option_option_oioption_btc-2 from NewPartition to OnlinePartition with state LeaderAndIsr(leader=0, leaderEpoch=0, isrWithBrokerEpoch=List(BrokerState(brokerId=0, brokerEpoch=-1)), leaderRecoveryState=RECOVERED, partitionEpoch=0) (state.change.logger)
[2024-04-26 12:26:47,755] INFO [Controller id=0 epoch=1] Changed partition bybit_api_option_option_oioption_btc-3 from NewPartition to OnlinePartition with state LeaderAndIsr(leader=0, leaderEpoch=0, isrWithBrokerEpoch=List(BrokerState(brokerId=0, brokerEpoch=-1)), leaderRecoveryState=RECOVERED, partitionEpoch=0) (state.change.logger)
[2024-04-26 12:26:47,755] INFO [Controller id=0 epoch=1] Sending LeaderAndIsr request to broker 0 with 5 become-leader and 0 become-follower partitions (state.change.logger)
[2024-04-26 12:26:47,756] INFO [Controller id=0 epoch=1] Sending UpdateMetadata request to brokers HashSet(0) for 5 partitions (state.change.logger)
[2024-04-26 12:26:47,756] INFO [Controller id=0 epoch=1] Sending UpdateMetadata request to brokers HashSet() for 0 partitions (state.change.logger)
[2024-04-26 12:26:47,756] INFO [Broker id=0] Leader binance_api_perpetual_inverse_oi_btcoifutureperp-1 with topic id Some(iAdSL3cEThC5iD4FCOkG9w) starts at leader epoch 0 from offset 0 with partition epoch 0, high watermark 0, ISR [0], adding replicas [] and removing replicas [] . Previous leader None and previous leader epoch was -1. (state.change.logger)
[2024-04-26 12:26:47,766] INFO [Broker id=0] Leader binance_api_perpetual_inverse_oi_btcoifutureperp-0 with topic id Some(iAdSL3cEThC5iD4FCOkG9w) starts at leader epoch 0 from offset 0 with partition epoch 0, high watermark 0, ISR [0], adding replicas [] and removing replicas [] . Previous leader None and previous leader epoch was -1. (state.change.logger)
[2024-04-26 12:26:47,776] INFO [Broker id=0] Leader binance_api_option_option_oi_btcoioption-4 with topic id Some(AKq0IEe3RZmCU9OCeSz6jw) starts at leader epoch 0 from offset 0 with partition epoch 0, high watermark 0, ISR [0], adding replicas [] and removing replicas [] . Previous leader None and previous leader epoch was -1. (state.change.logger)
[2024-04-26 12:26:47,779] INFO [Broker id=0] Finished LeaderAndIsr request in 181ms correlationId 3 from controller 0 for 10 partitions (state.change.logger)
[2024-04-26 12:26:47,782] INFO [Broker id=0] Add 10 partitions and deleted 0 partitions from metadata cache in response to UpdateMetadata request sent by controller 0 epoch 1 with correlation id 4 (state.change.logger)
[2024-04-26 12:26:47,788] INFO [Broker id=0] Handling LeaderAndIsr request correlationId 5 from controller 0 for 10 partitions (state.change.logger)
[2024-04-26 12:26:47,792] INFO [Broker id=0] Stopped fetchers as part of LeaderAndIsr request correlationId 5 from controller 0 epoch 1 as part of the become-leader transition for 10 partitions (state.change.logger)
[2024-04-26 12:26:47,799] INFO [Broker id=0] Leader bybit_api_perpetual_linear_funding_btcfundperp-2 with topic id Some(tJEAG9mbTvqfsGQTmGEQkA) starts at leader epoch 0 from offset 0 with partition epoch 0, high watermark 0, ISR [0], adding replicas [] and removing replicas [] . Previous leader None and previous leader epoch was -1. (state.change.logger)
[2024-04-26 12:26:47,806] INFO [Broker id=0] Leader bybit_api_perpetual_linear_funding_btcfundperp-1 with topic id Some(tJEAG9mbTvqfsGQTmGEQkA) starts at leader epoch 0 from offset 0 with partition epoch 0, high watermark 0, ISR [0], adding replicas [] and removing replicas [] . Previous leader None and previous leader epoch was -1. (state.change.logger)
[2024-04-26 12:26:47,814] INFO [Broker id=0] Leader bybit_api_perpetual_linear_funding_btcfundperp-4 with topic id Some(tJEAG9mbTvqfsGQTmGEQkA) starts at leader epoch 0 from offset 0 with partition epoch 0, high watermark 0, ISR [0], adding replicas [] and removing replicas [] . Previous leader None and previous leader epoch was -1. (state.change.logger)
[2024-04-26 12:26:47,822] INFO [Broker id=0] Leader bybit_api_perpetual_linear_funding_btcfundperp-3 with topic id Some(tJEAG9mbTvqfsGQTmGEQkA) starts at leader epoch 0 from offset 0 with partition epoch 0, high watermark 0, ISR [0], adding replicas [] and removing replicas [] . Previous leader None and previous leader epoch was -1. (state.change.logger)
[2024-04-26 12:26:47,829] INFO [Broker id=0] Leader okx_api_perpetual_gta_btc-3 with topic id Some(rdPfwxroQ3Gp3jFRreRgwA) starts at leader epoch 0 from offset 0 with partition epoch 0, high watermark 0, ISR [0], adding replicas [] and removing replicas [] . Previous leader None and previous leader epoch was -1. (state.change.logger)
[2024-04-26 12:26:47,835] INFO [Broker id=0] Leader okx_api_perpetual_gta_btc-2 with topic id Some(rdPfwxroQ3Gp3jFRreRgwA) starts at leader epoch 0 from offset 0 with partition epoch 0, high watermark 0, ISR [0], adding replicas [] and removing replicas [] . Previous leader None and previous leader epoch was -1. (state.change.logger)
[2024-04-26 12:26:47,842] INFO [Broker id=0] Leader bybit_api_perpetual_linear_funding_btcfundperp-0 with topic id Some(tJEAG9mbTvqfsGQTmGEQkA) starts at leader epoch 0 from offset 0 with partition epoch 0, high watermark 0, ISR [0], adding replicas [] and removing replicas [] . Previous leader None and previous leader epoch was -1. (state.change.logger)
[2024-04-26 12:26:47,847] INFO [Broker id=0] Leader okx_api_perpetual_gta_btc-1 with topic id Some(rdPfwxroQ3Gp3jFRreRgwA) starts at leader epoch 0 from offset 0 with partition epoch 0, high watermark 0, ISR [0], adding replicas [] and removing replicas [] . Previous leader None and previous leader epoch was -1. (state.change.logger)
[2024-04-26 12:26:47,854] INFO [Broker id=0] Leader okx_api_perpetual_gta_btc-0 with topic id Some(rdPfwxroQ3Gp3jFRreRgwA) starts at leader epoch 0 from offset 0 with partition epoch 0, high watermark 0, ISR [0], adding replicas [] and removing replicas [] . Previous leader None and previous leader epoch was -1. (state.change.logger)
[2024-04-26 12:26:47,860] INFO [Broker id=0] Leader okx_api_perpetual_gta_btc-4 with topic id Some(rdPfwxroQ3Gp3jFRreRgwA) starts at leader epoch 0 from offset 0 with partition epoch 0, high watermark 0, ISR [0], adding replicas [] and removing replicas [] . Previous leader None and previous leader epoch was -1. (state.change.logger)
[2024-04-26 12:26:47,863] INFO [Broker id=0] Finished LeaderAndIsr request in 75ms correlationId 5 from controller 0 for 10 partitions (state.change.logger)
[2024-04-26 12:26:47,867] INFO [Broker id=0] Add 10 partitions and deleted 0 partitions from metadata cache in response to UpdateMetadata request sent by controller 0 epoch 1 with correlation id 6 (state.change.logger)
[2024-04-26 12:26:47,873] INFO [Broker id=0] Handling LeaderAndIsr request correlationId 7 from controller 0 for 10 partitions (state.change.logger)
[2024-04-26 12:26:47,878] INFO [Broker id=0] Stopped fetchers as part of LeaderAndIsr request correlationId 7 from controller 0 epoch 1 as part of the become-leader transition for 10 partitions (state.change.logger)
[2024-04-26 12:26:47,884] INFO [Broker id=0] Leader okx_api_perpetual_oi_btcoifutureperp-2 with topic id Some(1fWfUr7OQgizSin8sOmWMw) starts at leader epoch 0 from offset 0 with partition epoch 0, high watermark 0, ISR [0], adding replicas [] and removing replicas [] . Previous leader None and previous leader epoch was -1. (state.change.logger)
[2024-04-26 12:26:47,890] INFO [Broker id=0] Leader okx_api_perpetual_oi_btcoifutureperp-3 with topic id Some(1fWfUr7OQgizSin8sOmWMw) starts at leader epoch 0 from offset 0 with partition epoch 0, high watermark 0, ISR [0], adding replicas [] and removing replicas [] . Previous leader None and previous leader epoch was -1. (state.change.logger)
[2024-04-26 12:26:47,939] INFO [Broker id=0] Leader okx_api_perpetual_oi_btcoifutureperp-0 with topic id Some(1fWfUr7OQgizSin8sOmWMw) starts at leader epoch 0 from offset 0 with partition epoch 0, high watermark 0, ISR [0], adding replicas [] and removing replicas [] . Previous leader None and previous leader epoch was -1. (state.change.logger)
[2024-04-26 12:26:47,944] INFO [Broker id=0] Leader okx_api_option_oi_btcusd-0 with topic id Some(b3hgb1VuSb-N9lX-733Xiw) starts at leader epoch 0 from offset 0 with partition epoch 0, high watermark 0, ISR [0], adding replicas [] and removing replicas [] . Previous leader None and previous leader epoch was -1. (state.change.logger)
[2024-04-26 12:26:47,950] INFO [Broker id=0] Leader okx_api_perpetual_oi_btcoifutureperp-1 with topic id Some(1fWfUr7OQgizSin8sOmWMw) starts at leader epoch 0 from offset 0 with partition epoch 0, high watermark 0, ISR [0], adding replicas [] and removing replicas [] . Previous leader None and previous leader epoch was -1. (state.change.logger)
[2024-04-26 12:26:47,955] INFO [Broker id=0] Leader okx_api_option_oi_btcusd-2 with topic id Some(b3hgb1VuSb-N9lX-733Xiw) starts at leader epoch 0 from offset 0 with partition epoch 0, high watermark 0, ISR [0], adding replicas [] and removing replicas [] . Previous leader None and previous leader epoch was -1. (state.change.logger)
[2024-04-26 12:26:47,960] INFO [Broker id=0] Leader okx_api_option_oi_btcusd-1 with topic id Some(b3hgb1VuSb-N9lX-733Xiw) starts at leader epoch 0 from offset 0 with partition epoch 0, high watermark 0, ISR [0], adding replicas [] and removing replicas [] . Previous leader None and previous leader epoch was -1. (state.change.logger)
[2024-04-26 12:26:47,965] INFO [Broker id=0] Leader okx_api_perpetual_oi_btcoifutureperp-4 with topic id Some(1fWfUr7OQgizSin8sOmWMw) starts at leader epoch 0 from offset 0 with partition epoch 0, high watermark 0, ISR [0], adding replicas [] and removing replicas [] . Previous leader None and previous leader epoch was -1. (state.change.logger)
[2024-04-26 12:26:47,970] INFO [Broker id=0] Leader okx_api_option_oi_btcusd-4 with topic id Some(b3hgb1VuSb-N9lX-733Xiw) starts at leader epoch 0 from offset 0 with partition epoch 0, high watermark 0, ISR [0], adding replicas [] and removing replicas [] . Previous leader None and previous leader epoch was -1. (state.change.logger)
[2024-04-26 12:26:47,976] INFO [Broker id=0] Leader okx_api_option_oi_btcusd-3 with topic id Some(b3hgb1VuSb-N9lX-733Xiw) starts at leader epoch 0 from offset 0 with partition epoch 0, high watermark 0, ISR [0], adding replicas [] and removing replicas [] . Previous leader None and previous leader epoch was -1. (state.change.logger)
[2024-04-26 12:26:47,978] INFO [Broker id=0] Finished LeaderAndIsr request in 105ms correlationId 7 from controller 0 for 10 partitions (state.change.logger)
[2024-04-26 12:26:47,980] INFO [Broker id=0] Add 10 partitions and deleted 0 partitions from metadata cache in response to UpdateMetadata request sent by controller 0 epoch 1 with correlation id 8 (state.change.logger)
[2024-04-26 12:26:47,982] INFO [Broker id=0] Handling LeaderAndIsr request correlationId 9 from controller 0 for 5 partitions (state.change.logger)
[2024-04-26 12:26:47,984] INFO [Broker id=0] Stopped fetchers as part of LeaderAndIsr request correlationId 9 from controller 0 epoch 1 as part of the become-leader transition for 5 partitions (state.change.logger)
[2024-04-26 12:26:47,988] INFO [Broker id=0] Leader bybit_api_perpetual_linear_oi_btcoifutureperp-4 with topic id Some(50Fq9rE8TTuOKePAI6Lbyw) starts at leader epoch 0 from offset 0 with partition epoch 0, high watermark 0, ISR [0], adding replicas [] and removing replicas [] . Previous leader None and previous leader epoch was -1. (state.change.logger)
[2024-04-26 12:26:47,994] INFO [Broker id=0] Leader bybit_api_perpetual_linear_oi_btcoifutureperp-2 with topic id Some(50Fq9rE8TTuOKePAI6Lbyw) starts at leader epoch 0 from offset 0 with partition epoch 0, high watermark 0, ISR [0], adding replicas [] and removing replicas [] . Previous leader None and previous leader epoch was -1. (state.change.logger)
[2024-04-26 12:26:47,998] INFO [Broker id=0] Leader bybit_api_perpetual_linear_oi_btcoifutureperp-3 with topic id Some(50Fq9rE8TTuOKePAI6Lbyw) starts at leader epoch 0 from offset 0 with partition epoch 0, high watermark 0, ISR [0], adding replicas [] and removing replicas [] . Previous leader None and previous leader epoch was -1. (state.change.logger)
[2024-04-26 12:26:48,003] INFO [Broker id=0] Leader bybit_api_perpetual_linear_oi_btcoifutureperp-0 with topic id Some(50Fq9rE8TTuOKePAI6Lbyw) starts at leader epoch 0 from offset 0 with partition epoch 0, high watermark 0, ISR [0], adding replicas [] and removing replicas [] . Previous leader None and previous leader epoch was -1. (state.change.logger)
[2024-04-26 12:26:48,008] INFO [Broker id=0] Leader bybit_api_perpetual_linear_oi_btcoifutureperp-1 with topic id Some(50Fq9rE8TTuOKePAI6Lbyw) starts at leader epoch 0 from offset 0 with partition epoch 0, high watermark 0, ISR [0], adding replicas [] and removing replicas [] . Previous leader None and previous leader epoch was -1. (state.change.logger)
[2024-04-26 12:26:48,010] INFO [Broker id=0] Finished LeaderAndIsr request in 28ms correlationId 9 from controller 0 for 5 partitions (state.change.logger)
[2024-04-26 12:26:48,012] INFO [Broker id=0] Add 5 partitions and deleted 0 partitions from metadata cache in response to UpdateMetadata request sent by controller 0 epoch 1 with correlation id 10 (state.change.logger)
[2024-04-26 12:26:48,013] INFO [Broker id=0] Handling LeaderAndIsr request correlationId 11 from controller 0 for 5 partitions (state.change.logger)
[2024-04-26 12:26:48,015] INFO [Broker id=0] Stopped fetchers as part of LeaderAndIsr request correlationId 11 from controller 0 epoch 1 as part of the become-leader transition for 5 partitions (state.change.logger)
[2024-04-26 12:26:48,019] INFO [Broker id=0] Leader binance_api_perpetual_inverse_funding_btcfundperp-2 with topic id Some(AMule7JTQCSAq3mXSJPtfg) starts at leader epoch 0 from offset 0 with partition epoch 0, high watermark 0, ISR [0], adding replicas [] and removing replicas [] . Previous leader None and previous leader epoch was -1. (state.change.logger)
[2024-04-26 12:26:48,024] INFO [Broker id=0] Leader binance_api_perpetual_inverse_funding_btcfundperp-3 with topic id Some(AMule7JTQCSAq3mXSJPtfg) starts at leader epoch 0 from offset 0 with partition epoch 0, high watermark 0, ISR [0], adding replicas [] and removing replicas [] . Previous leader None and previous leader epoch was -1. (state.change.logger)
[2024-04-26 12:26:48,030] INFO [Broker id=0] Leader binance_api_perpetual_inverse_funding_btcfundperp-0 with topic id Some(AMule7JTQCSAq3mXSJPtfg) starts at leader epoch 0 from offset 0 with partition epoch 0, high watermark 0, ISR [0], adding replicas [] and removing replicas [] . Previous leader None and previous leader epoch was -1. (state.change.logger)
[2024-04-26 12:26:48,034] INFO [Broker id=0] Leader binance_api_perpetual_inverse_funding_btcfundperp-1 with topic id Some(AMule7JTQCSAq3mXSJPtfg) starts at leader epoch 0 from offset 0 with partition epoch 0, high watermark 0, ISR [0], adding replicas [] and removing replicas [] . Previous leader None and previous leader epoch was -1. (state.change.logger)
[2024-04-26 12:26:48,039] INFO [Broker id=0] Leader binance_api_perpetual_inverse_funding_btcfundperp-4 with topic id Some(AMule7JTQCSAq3mXSJPtfg) starts at leader epoch 0 from offset 0 with partition epoch 0, high watermark 0, ISR [0], adding replicas [] and removing replicas [] . Previous leader None and previous leader epoch was -1. (state.change.logger)
[2024-04-26 12:26:48,041] INFO [Broker id=0] Finished LeaderAndIsr request in 28ms correlationId 11 from controller 0 for 5 partitions (state.change.logger)
[2024-04-26 12:26:48,043] INFO [Broker id=0] Add 5 partitions and deleted 0 partitions from metadata cache in response to UpdateMetadata request sent by controller 0 epoch 1 with correlation id 12 (state.change.logger)
[2024-04-26 12:26:48,044] INFO [Broker id=0] Handling LeaderAndIsr request correlationId 13 from controller 0 for 10 partitions (state.change.logger)
[2024-04-26 12:26:48,047] INFO [Broker id=0] Stopped fetchers as part of LeaderAndIsr request correlationId 13 from controller 0 epoch 1 as part of the become-leader transition for 10 partitions (state.change.logger)
[2024-04-26 12:26:48,052] INFO [Broker id=0] Leader bybit_api_perpetual_linear_gta_btcposfutureperp-4 with topic id Some(nVLI-jn-S2y8OxLaB4AXNw) starts at leader epoch 0 from offset 0 with partition epoch 0, high watermark 0, ISR [0], adding replicas [] and removing replicas [] . Previous leader None and previous leader epoch was -1. (state.change.logger)
[2024-04-26 12:26:48,056] INFO [Broker id=0] Leader okx_api_perpetual_funding_btcfundperp-4 with topic id Some(kWvi2XsOQq2pwJVA29FXew) starts at leader epoch 0 from offset 0 with partition epoch 0, high watermark 0, ISR [0], adding replicas [] and removing replicas [] . Previous leader None and previous leader epoch was -1. (state.change.logger)
[2024-04-26 12:26:48,061] INFO [Broker id=0] Leader bybit_api_perpetual_linear_gta_btcposfutureperp-2 with topic id Some(nVLI-jn-S2y8OxLaB4AXNw) starts at leader epoch 0 from offset 0 with partition epoch 0, high watermark 0, ISR [0], adding replicas [] and removing replicas [] . Previous leader None and previous leader epoch was -1. (state.change.logger)
[2024-04-26 12:26:48,066] INFO [Broker id=0] Leader okx_api_perpetual_funding_btcfundperp-3 with topic id Some(kWvi2XsOQq2pwJVA29FXew) starts at leader epoch 0 from offset 0 with partition epoch 0, high watermark 0, ISR [0], adding replicas [] and removing replicas [] . Previous leader None and previous leader epoch was -1. (state.change.logger)
[2024-04-26 12:26:48,071] INFO [Broker id=0] Leader bybit_api_perpetual_linear_gta_btcposfutureperp-3 with topic id Some(nVLI-jn-S2y8OxLaB4AXNw) starts at leader epoch 0 from offset 0 with partition epoch 0, high watermark 0, ISR [0], adding replicas [] and removing replicas [] . Previous leader None and previous leader epoch was -1. (state.change.logger)
[2024-04-26 12:26:48,075] INFO [Broker id=0] Leader okx_api_perpetual_funding_btcfundperp-2 with topic id Some(kWvi2XsOQq2pwJVA29FXew) starts at leader epoch 0 from offset 0 with partition epoch 0, high watermark 0, ISR [0], adding replicas [] and removing replicas [] . Previous leader None and previous leader epoch was -1. (state.change.logger)
[2024-04-26 12:26:48,081] INFO [Broker id=0] Leader bybit_api_perpetual_linear_gta_btcposfutureperp-0 with topic id Some(nVLI-jn-S2y8OxLaB4AXNw) starts at leader epoch 0 from offset 0 with partition epoch 0, high watermark 0, ISR [0], adding replicas [] and removing replicas [] . Previous leader None and previous leader epoch was -1. (state.change.logger)
[2024-04-26 12:26:48,088] INFO [Broker id=0] Leader okx_api_perpetual_funding_btcfundperp-1 with topic id Some(kWvi2XsOQq2pwJVA29FXew) starts at leader epoch 0 from offset 0 with partition epoch 0, high watermark 0, ISR [0], adding replicas [] and removing replicas [] . Previous leader None and previous leader epoch was -1. (state.change.logger)
[2024-04-26 12:26:48,093] INFO [Broker id=0] Leader bybit_api_perpetual_linear_gta_btcposfutureperp-1 with topic id Some(nVLI-jn-S2y8OxLaB4AXNw) starts at leader epoch 0 from offset 0 with partition epoch 0, high watermark 0, ISR [0], adding replicas [] and removing replicas [] . Previous leader None and previous leader epoch was -1. (state.change.logger)
[2024-04-26 12:26:48,097] INFO [Broker id=0] Leader okx_api_perpetual_funding_btcfundperp-0 with topic id Some(kWvi2XsOQq2pwJVA29FXew) starts at leader epoch 0 from offset 0 with partition epoch 0, high watermark 0, ISR [0], adding replicas [] and removing replicas [] . Previous leader None and previous leader epoch was -1. (state.change.logger)
[2024-04-26 12:26:48,099] INFO [Broker id=0] Finished LeaderAndIsr request in 55ms correlationId 13 from controller 0 for 10 partitions (state.change.logger)
[2024-04-26 12:26:48,101] INFO [Broker id=0] Add 10 partitions and deleted 0 partitions from metadata cache in response to UpdateMetadata request sent by controller 0 epoch 1 with correlation id 14 (state.change.logger)
[2024-04-26 12:26:48,103] INFO [Broker id=0] Handling LeaderAndIsr request correlationId 15 from controller 0 for 5 partitions (state.change.logger)
[2024-04-26 12:26:48,105] INFO [Broker id=0] Stopped fetchers as part of LeaderAndIsr request correlationId 15 from controller 0 epoch 1 as part of the become-leader transition for 5 partitions (state.change.logger)
[2024-04-26 12:26:48,109] INFO [Broker id=0] Leader bybit_api_option_option_oioption_btc-3 with topic id Some(EOwBltSdSiqlavfPNeP-bA) starts at leader epoch 0 from offset 0 with partition epoch 0, high watermark 0, ISR [0], adding replicas [] and removing replicas [] . Previous leader None and previous leader epoch was -1. (state.change.logger)
[2024-04-26 12:26:48,114] INFO [Broker id=0] Leader bybit_api_option_option_oioption_btc-2 with topic id Some(EOwBltSdSiqlavfPNeP-bA) starts at leader epoch 0 from offset 0 with partition epoch 0, high watermark 0, ISR [0], adding replicas [] and removing replicas [] . Previous leader None and previous leader epoch was -1. (state.change.logger)
[2024-04-26 12:26:48,118] INFO [Broker id=0] Leader bybit_api_option_option_oioption_btc-4 with topic id Some(EOwBltSdSiqlavfPNeP-bA) starts at leader epoch 0 from offset 0 with partition epoch 0, high watermark 0, ISR [0], adding replicas [] and removing replicas [] . Previous leader None and previous leader epoch was -1. (state.change.logger)
[2024-04-26 12:26:48,122] INFO [Broker id=0] Leader bybit_api_option_option_oioption_btc-1 with topic id Some(EOwBltSdSiqlavfPNeP-bA) starts at leader epoch 0 from offset 0 with partition epoch 0, high watermark 0, ISR [0], adding replicas [] and removing replicas [] . Previous leader None and previous leader epoch was -1. (state.change.logger)
[2024-04-26 12:26:48,127] INFO [Broker id=0] Leader bybit_api_option_option_oioption_btc-0 with topic id Some(EOwBltSdSiqlavfPNeP-bA) starts at leader epoch 0 from offset 0 with partition epoch 0, high watermark 0, ISR [0], adding replicas [] and removing replicas [] . Previous leader None and previous leader epoch was -1. (state.change.logger)
[2024-04-26 12:26:48,128] INFO [Broker id=0] Finished LeaderAndIsr request in 25ms correlationId 15 from controller 0 for 5 partitions (state.change.logger)
[2024-04-26 12:26:48,130] INFO [Broker id=0] Add 5 partitions and deleted 0 partitions from metadata cache in response to UpdateMetadata request sent by controller 0 epoch 1 with correlation id 16 (state.change.logger)
