[2024-04-18T13:41:55.506+0000][gc,init] CardTable entry size: 512
[2024-04-18T13:41:55.506+0000][gc     ] Using G1
[2024-04-18T13:41:55.513+0000][gc,init] Version: 21.0.2+13-LTS (release)
[2024-04-18T13:41:55.513+0000][gc,init] CPUs: 2 total, 2 available
[2024-04-18T13:41:55.513+0000][gc,init] Memory: 7929M
[2024-04-18T13:41:55.514+0000][gc,init] Large Page Support: Disabled
[2024-04-18T13:41:55.514+0000][gc,init] NUMA Support: Disabled
[2024-04-18T13:41:55.514+0000][gc,init] Compressed Oops: Enabled (32-bit)
[2024-04-18T13:41:55.514+0000][gc,init] Heap Region Size: 1M
[2024-04-18T13:41:55.514+0000][gc,init] Heap Min Capacity: 512M
[2024-04-18T13:41:55.514+0000][gc,init] Heap Initial Capacity: 512M
[2024-04-18T13:41:55.514+0000][gc,init] Heap Max Capacity: 512M
[2024-04-18T13:41:55.514+0000][gc,init] Pre-touch: Disabled
[2024-04-18T13:41:55.514+0000][gc,init] Parallel Workers: 2
[2024-04-18T13:41:55.514+0000][gc,init] Concurrent Workers: 1
[2024-04-18T13:41:55.514+0000][gc,init] Concurrent Refinement Workers: 2
[2024-04-18T13:41:55.514+0000][gc,init] Periodic GC: Disabled
[2024-04-18T13:41:55.520+0000][gc,metaspace] CDS archive(s) mapped at: [0x00007fc14b000000-0x00007fc14bca6000-0x00007fc14bca6000), size 13262848, SharedBaseAddress: 0x00007fc14b000000, ArchiveRelocationMode: 1.
[2024-04-18T13:41:55.520+0000][gc,metaspace] Compressed class space mapped at: 0x00007fc14c000000-0x00007fc18c000000, reserved size: 1073741824
[2024-04-18T13:41:55.520+0000][gc,metaspace] Narrow klass base: 0x00007fc14b000000, Narrow klass shift: 0, Narrow klass range: 0x100000000
[2024-04-18T13:41:58.940+0000][gc,start    ] GC(0) Pause Young (Normal) (G1 Evacuation Pause)
[2024-04-18T13:41:58.941+0000][gc,task     ] GC(0) Using 2 workers of 2 for evacuation
[2024-04-18T13:41:58.949+0000][gc,phases   ] GC(0)   Pre Evacuate Collection Set: 0.1ms
[2024-04-18T13:41:58.949+0000][gc,phases   ] GC(0)   Merge Heap Roots: 0.0ms
[2024-04-18T13:41:58.949+0000][gc,phases   ] GC(0)   Evacuate Collection Set: 7.9ms
[2024-04-18T13:41:58.949+0000][gc,phases   ] GC(0)   Post Evacuate Collection Set: 0.2ms
[2024-04-18T13:41:58.949+0000][gc,phases   ] GC(0)   Other: 0.2ms
[2024-04-18T13:41:58.949+0000][gc,heap     ] GC(0) Eden regions: 25->0(21)
[2024-04-18T13:41:58.949+0000][gc,heap     ] GC(0) Survivor regions: 0->4(4)
[2024-04-18T13:41:58.949+0000][gc,heap     ] GC(0) Old regions: 2->6
[2024-04-18T13:41:58.949+0000][gc,heap     ] GC(0) Humongous regions: 0->0
[2024-04-18T13:41:58.949+0000][gc,metaspace] GC(0) Metaspace: 8554K(8704K)->8554K(8704K) NonClass: 7664K(7744K)->7664K(7744K) Class: 890K(960K)->890K(960K)
[2024-04-18T13:41:58.949+0000][gc          ] GC(0) Pause Young (Normal) (G1 Evacuation Pause) 26M->8M(512M) 8.855ms
[2024-04-18T13:41:58.949+0000][gc,cpu      ] GC(0) User=0.01s Sys=0.00s Real=0.01s
