2024-05-01 03:02:39,695 - consumers.consumer - ERROR - An unexpected error occurred while setting deribit depth:: local variable 'deribit_depths' referenced before assignment
2024-05-01 03:02:40,146 - consumers.consumer - INFO - [^-XBTApp]: Starting...
2024-05-01 03:02:41,351 - consumers.consumer - DEBUG - [^-XBTApp]: Started.
2024-05-01 03:02:46,193 - consumers.consumer - INFO - [^-XBTApp]: Stopping...
2024-05-01 03:02:46,199 - consumers.consumer - INFO - [^-XBTApp]: Wait for streams...
2024-05-01 03:02:46,206 - consumers.consumer - INFO - [^-XBTApp]: Flush producer buffer...
2024-05-01 03:02:46,247 - consumers.consumer - DEBUG - [^-XBTApp]: Shutting down...
2024-05-01 03:02:46,248 - consumers.consumer - DEBUG - [^-XBTApp]: -Stopped!
2024-05-01 03:03:58,734 - consumers.consumer - ERROR - An unexpected error occurred while setting deribit depth:: local variable 'deribit_depths' referenced before assignment
2024-05-01 03:03:59,169 - consumers.consumer - INFO - [^-XBTApp]: Starting...
2024-05-01 03:04:00,282 - consumers.consumer - DEBUG - [^-XBTApp]: Started.
2024-05-01 03:04:24,033 - consumers.consumer - INFO - [^-XBTApp]: Stopping...
2024-05-01 03:04:24,040 - consumers.consumer - INFO - [^-XBTApp]: Wait for streams...
2024-05-01 03:04:24,045 - consumers.consumer - INFO - [^-XBTApp]: Flush producer buffer...
2024-05-01 03:04:24,064 - consumers.consumer - DEBUG - [^-XBTApp]: Shutting down...
2024-05-01 03:04:24,065 - consumers.consumer - DEBUG - [^-XBTApp]: -Stopped!
2024-05-02 10:54:00,707 - consumers.consumer - ERROR - An unexpected error occurred while setting deribit depth:: cannot access local variable 'deribit_depths' where it is not associated with a value
2024-05-02 10:54:12,455 - consumers.consumer - ERROR - An unexpected error occurred while setting deribit depth:: cannot access local variable 'deribit_depths' where it is not associated with a value
2024-05-02 10:54:12,605 - consumers.consumer - INFO - [^-XBTApp]: Starting...
2024-05-02 10:54:13,684 - consumers.consumer - DEBUG - [^-XBTApp]: Started.
2024-05-02 10:55:25,200 - consumers.consumer - INFO - [^-XBTApp]: Stopping...
2024-05-02 10:55:25,201 - consumers.consumer - INFO - [^-XBTApp]: Wait for streams...
2024-05-02 10:55:25,202 - consumers.consumer - INFO - [^-XBTApp]: Flush producer buffer...
2024-05-02 10:55:25,219 - consumers.consumer - DEBUG - [^-XBTApp]: Shutting down...
2024-05-02 10:55:25,219 - consumers.consumer - DEBUG - [^-XBTApp]: -Stopped!
2024-05-02 10:55:58,964 - consumers.consumer - ERROR - An unexpected error occurred while setting deribit depth:: cannot access local variable 'deribit_depths' where it is not associated with a value
2024-05-02 10:55:59,112 - consumers.consumer - INFO - [^-XBTApp]: Starting...
2024-05-02 10:56:00,143 - consumers.consumer - DEBUG - [^-XBTApp]: Started.
2024-05-02 10:56:24,149 - consumers.consumer - INFO - [^-XBTApp]: Stopping...
2024-05-02 10:56:24,151 - consumers.consumer - INFO - [^-XBTApp]: Wait for streams...
2024-05-02 10:56:24,152 - consumers.consumer - INFO - [^-XBTApp]: Flush producer buffer...
2024-05-02 10:56:24,163 - consumers.consumer - DEBUG - [^-XBTApp]: Shutting down...
2024-05-02 10:56:24,163 - consumers.consumer - DEBUG - [^-XBTApp]: -Stopped!
2024-05-02 10:56:27,560 - consumers.consumer - ERROR - An unexpected error occurred while setting deribit depth:: cannot access local variable 'deribit_depths' where it is not associated with a value
2024-05-02 10:56:27,697 - consumers.consumer - INFO - [^-XBTApp]: Starting...
2024-05-02 10:56:28,723 - consumers.consumer - DEBUG - [^-XBTApp]: Started.
2024-05-02 11:03:01,131 - consumers.consumer - INFO - [^-XBTApp]: Stopping...
2024-05-02 11:03:01,133 - consumers.consumer - INFO - [^-XBTApp]: Wait for streams...
2024-05-02 11:03:01,134 - consumers.consumer - INFO - [^-XBTApp]: Flush producer buffer...
2024-05-02 11:03:01,144 - consumers.consumer - DEBUG - [^-XBTApp]: Shutting down...
2024-05-02 11:03:01,144 - consumers.consumer - DEBUG - [^-XBTApp]: -Stopped!
2024-05-02 11:03:04,757 - consumers.consumer - ERROR - An unexpected error occurred while setting deribit depth:: cannot access local variable 'deribit_depths' where it is not associated with a value
2024-05-02 11:03:04,922 - consumers.consumer - INFO - [^-XBTApp]: Starting...
2024-05-02 11:03:05,946 - consumers.consumer - DEBUG - [^-XBTApp]: Started.
2024-05-02 11:03:10,376 - consumers.consumer - INFO - [^-XBTApp]: Stopping...
2024-05-02 11:03:10,377 - consumers.consumer - INFO - [^-XBTApp]: Wait for streams...
2024-05-02 11:03:10,381 - consumers.consumer - INFO - [^-XBTApp]: Flush producer buffer...
2024-05-02 11:03:10,393 - consumers.consumer - DEBUG - [^-XBTApp]: Shutting down...
2024-05-02 11:03:10,393 - consumers.consumer - DEBUG - [^-XBTApp]: -Stopped!
2024-05-02 11:05:15,576 - consumers.consumer - ERROR - An unexpected error occurred while setting deribit depth:: cannot access local variable 'deribit_depths' where it is not associated with a value
2024-05-02 11:05:15,742 - consumers.consumer - INFO - [^-XBTApp]: Starting...
2024-05-02 11:05:16,767 - consumers.consumer - DEBUG - [^-XBTApp]: Started.
2024-05-02 11:05:26,483 - consumers.consumer - INFO - [^-XBTApp]: Stopping...
2024-05-02 11:05:26,484 - consumers.consumer - INFO - [^-XBTApp]: Wait for streams...
2024-05-02 11:05:26,485 - consumers.consumer - INFO - [^-XBTApp]: Flush producer buffer...
2024-05-02 11:05:26,493 - consumers.consumer - DEBUG - [^-XBTApp]: Shutting down...
2024-05-02 11:05:26,494 - consumers.consumer - DEBUG - [^-XBTApp]: -Stopped!
2024-05-02 11:05:34,905 - consumers.consumer - ERROR - An unexpected error occurred while setting deribit depth:: cannot access local variable 'deribit_depths' where it is not associated with a value
2024-05-02 11:05:35,047 - consumers.consumer - INFO - [^-XBTApp]: Starting...
2024-05-02 11:05:36,072 - consumers.consumer - DEBUG - [^-XBTApp]: Started.
2024-05-02 11:10:41,163 - consumers.consumer - INFO - [^-XBTApp]: Stopping...
2024-05-02 11:10:41,165 - consumers.consumer - INFO - [^-XBTApp]: Wait for streams...
2024-05-02 11:10:41,167 - consumers.consumer - INFO - [^-XBTApp]: Flush producer buffer...
2024-05-02 11:10:41,177 - consumers.consumer - DEBUG - [^-XBTApp]: Shutting down...
2024-05-02 11:10:41,177 - consumers.consumer - DEBUG - [^-XBTApp]: -Stopped!
2024-05-02 11:10:44,875 - consumers.consumer - ERROR - An unexpected error occurred while setting deribit depth:: cannot access local variable 'deribit_depths' where it is not associated with a value
2024-05-02 11:10:45,030 - consumers.consumer - INFO - [^-XBTApp]: Starting...
2024-05-02 11:10:46,061 - consumers.consumer - DEBUG - [^-XBTApp]: Started.
2024-05-02 11:12:12,820 - consumers.consumer - INFO - [^-XBTApp]: Stopping...
2024-05-02 11:12:12,822 - consumers.consumer - INFO - [^-XBTApp]: Wait for streams...
2024-05-02 11:12:12,823 - consumers.consumer - INFO - [^-XBTApp]: Flush producer buffer...
2024-05-02 11:12:12,832 - consumers.consumer - DEBUG - [^-XBTApp]: Shutting down...
2024-05-02 11:12:12,832 - consumers.consumer - DEBUG - [^-XBTApp]: -Stopped!
2024-05-02 11:18:18,675 - consumers.consumer - ERROR - An unexpected error occurred while setting deribit depth:: cannot access local variable 'deribit_depths' where it is not associated with a value
2024-05-02 11:18:18,845 - consumers.consumer - INFO - [^-XBTApp]: Starting...
2024-05-02 11:18:19,879 - consumers.consumer - DEBUG - [^-XBTApp]: Started.
2024-05-02 11:18:26,563 - consumers.consumer - INFO - [^-XBTApp]: Stopping...
2024-05-02 11:18:26,564 - consumers.consumer - INFO - [^-XBTApp]: Wait for streams...
2024-05-02 11:18:26,565 - consumers.consumer - INFO - [^-XBTApp]: Flush producer buffer...
2024-05-02 11:18:26,575 - consumers.consumer - DEBUG - [^-XBTApp]: Shutting down...
2024-05-02 11:18:26,575 - consumers.consumer - DEBUG - [^-XBTApp]: -Stopped!
2024-05-02 11:18:40,877 - consumers.consumer - ERROR - An unexpected error occurred while setting deribit depth:: cannot access local variable 'deribit_depths' where it is not associated with a value
2024-05-02 11:18:41,046 - consumers.consumer - INFO - [^-XBTApp]: Starting...
2024-05-02 11:18:42,075 - consumers.consumer - DEBUG - [^-XBTApp]: Started.
2024-05-02 11:19:17,942 - consumers.consumer - INFO - [^-XBTApp]: Stopping...
2024-05-02 11:19:17,945 - consumers.consumer - INFO - [^-XBTApp]: Wait for streams...
2024-05-02 11:19:17,952 - consumers.consumer - INFO - [^-XBTApp]: Flush producer buffer...
2024-05-02 11:19:17,968 - consumers.consumer - DEBUG - [^-XBTApp]: Shutting down...
2024-05-02 11:19:17,969 - consumers.consumer - DEBUG - [^-XBTApp]: -Stopped!
2024-05-02 11:20:41,358 - consumers.consumer - ERROR - An unexpected error occurred while setting deribit depth:: cannot access local variable 'deribit_depths' where it is not associated with a value
2024-05-02 11:20:41,513 - consumers.consumer - INFO - [^-XBTApp]: Starting...
2024-05-02 11:20:42,545 - consumers.consumer - DEBUG - [^-XBTApp]: Started.
2024-05-02 11:20:52,151 - consumers.consumer - INFO - [^-XBTApp]: Stopping...
2024-05-02 11:20:52,153 - consumers.consumer - INFO - [^-XBTApp]: Wait for streams...
2024-05-02 11:20:52,154 - consumers.consumer - INFO - [^-XBTApp]: Flush producer buffer...
2024-05-02 11:20:52,167 - consumers.consumer - DEBUG - [^-XBTApp]: Shutting down...
2024-05-02 11:20:52,167 - consumers.consumer - DEBUG - [^-XBTApp]: -Stopped!
2024-05-02 11:21:16,289 - consumers.consumer - ERROR - An unexpected error occurred while setting deribit depth:: cannot access local variable 'deribit_depths' where it is not associated with a value
2024-05-02 11:21:16,456 - consumers.consumer - INFO - [^-XBTApp]: Starting...
2024-05-02 11:21:17,492 - consumers.consumer - DEBUG - [^-XBTApp]: Started.
2024-05-02 11:21:58,203 - consumers.consumer - INFO - [^-XBTApp]: Stopping...
2024-05-02 11:21:58,205 - consumers.consumer - INFO - [^-XBTApp]: Wait for streams...
2024-05-02 11:21:58,206 - consumers.consumer - INFO - [^-XBTApp]: Flush producer buffer...
2024-05-02 11:21:58,219 - consumers.consumer - DEBUG - [^-XBTApp]: Shutting down...
2024-05-02 11:21:58,219 - consumers.consumer - DEBUG - [^-XBTApp]: -Stopped!
2024-05-02 11:40:51,554 - consumers.consumer - ERROR - An unexpected error occurred while setting deribit depth:: cannot access local variable 'deribit_depths' where it is not associated with a value
2024-05-02 11:40:51,703 - consumers.consumer - INFO - [^-XBTApp]: Starting...
2024-05-02 11:40:52,732 - consumers.consumer - DEBUG - [^-XBTApp]: Started.
2024-05-02 11:41:48,343 - consumers.consumer - INFO - [^-XBTApp]: Stopping...
2024-05-02 11:41:48,345 - consumers.consumer - INFO - [^-XBTApp]: Wait for streams...
2024-05-02 11:41:48,347 - consumers.consumer - INFO - [^-XBTApp]: Flush producer buffer...
2024-05-02 11:41:48,372 - consumers.consumer - DEBUG - [^-XBTApp]: Shutting down...
2024-05-02 11:41:48,373 - consumers.consumer - DEBUG - [^-XBTApp]: -Stopped!
2024-05-02 11:43:20,293 - consumers.consumer - ERROR - An unexpected error occurred while setting deribit depth:: cannot access local variable 'deribit_depths' where it is not associated with a value
2024-05-02 11:43:20,443 - consumers.consumer - INFO - [^-XBTApp]: Starting...
2024-05-02 11:43:21,470 - consumers.consumer - DEBUG - [^-XBTApp]: Started.
2024-05-02 11:43:57,092 - consumers.consumer - INFO - [^-XBTApp]: Stopping...
2024-05-02 11:43:57,093 - consumers.consumer - INFO - [^-XBTApp]: Wait for streams...
2024-05-02 11:43:57,094 - consumers.consumer - INFO - [^-XBTApp]: Flush producer buffer...
2024-05-02 11:43:57,106 - consumers.consumer - DEBUG - [^-XBTApp]: Shutting down...
2024-05-02 11:43:57,106 - consumers.consumer - DEBUG - [^-XBTApp]: -Stopped!
2024-05-02 11:44:34,226 - consumers.consumer - ERROR - An unexpected error occurred while setting deribit depth:: cannot access local variable 'deribit_depths' where it is not associated with a value
2024-05-02 11:44:34,455 - consumers.consumer - INFO - [^-XBTApp]: Starting...
2024-05-02 11:44:35,499 - consumers.consumer - DEBUG - [^-XBTApp]: Started.
2024-05-02 11:44:45,020 - consumers.consumer - INFO - [^-XBTApp]: Stopping...
2024-05-02 11:44:45,022 - consumers.consumer - INFO - [^-XBTApp]: Wait for streams...
2024-05-02 11:44:45,023 - consumers.consumer - INFO - [^-XBTApp]: Flush producer buffer...
2024-05-02 11:44:45,038 - consumers.consumer - DEBUG - [^-XBTApp]: Shutting down...
2024-05-02 11:44:45,038 - consumers.consumer - DEBUG - [^-XBTApp]: -Stopped!
2024-05-02 11:44:49,751 - consumers.consumer - ERROR - An unexpected error occurred while setting deribit depth:: cannot access local variable 'deribit_depths' where it is not associated with a value
2024-05-02 11:44:50,017 - consumers.consumer - INFO - [^-XBTApp]: Starting...
2024-05-02 11:44:51,071 - consumers.consumer - DEBUG - [^-XBTApp]: Started.
2024-05-02 11:45:50,740 - consumers.consumer - INFO - [^-XBTApp]: Stopping...
2024-05-02 11:45:50,743 - consumers.consumer - INFO - [^-XBTApp]: Wait for streams...
2024-05-02 11:45:50,745 - consumers.consumer - INFO - [^-XBTApp]: Flush producer buffer...
2024-05-02 11:45:50,762 - consumers.consumer - DEBUG - [^-XBTApp]: Shutting down...
2024-05-02 11:45:50,763 - consumers.consumer - DEBUG - [^-XBTApp]: -Stopped!
2024-05-02 12:10:06,622 - consumers.consumer - ERROR - An unexpected error occurred while setting deribit depth:: cannot access local variable 'deribit_depths' where it is not associated with a value
2024-05-02 12:10:06,788 - consumers.consumer - INFO - [^-XBTApp]: Starting...
2024-05-02 12:10:07,822 - consumers.consumer - DEBUG - [^-XBTApp]: Started.
2024-05-02 12:10:58,441 - consumers.consumer - INFO - [^-XBTApp]: Stopping...
2024-05-02 12:10:58,443 - consumers.consumer - INFO - [^-XBTApp]: Wait for streams...
2024-05-02 12:10:58,444 - consumers.consumer - INFO - [^-XBTApp]: Flush producer buffer...
2024-05-02 12:10:58,458 - consumers.consumer - DEBUG - [^-XBTApp]: Shutting down...
2024-05-02 12:10:58,458 - consumers.consumer - DEBUG - [^-XBTApp]: -Stopped!
2024-05-02 12:11:01,768 - consumers.consumer - ERROR - An unexpected error occurred while setting deribit depth:: cannot access local variable 'deribit_depths' where it is not associated with a value
2024-05-02 12:11:01,909 - consumers.consumer - INFO - [^-XBTApp]: Starting...
2024-05-02 12:11:02,941 - consumers.consumer - DEBUG - [^-XBTApp]: Started.
2024-05-02 12:11:45,139 - consumers.consumer - INFO - [^-XBTApp]: Stopping...
2024-05-02 12:11:45,140 - consumers.consumer - INFO - [^-XBTApp]: Wait for streams...
2024-05-02 12:11:45,141 - consumers.consumer - INFO - [^-XBTApp]: Flush producer buffer...
2024-05-02 12:11:45,151 - consumers.consumer - DEBUG - [^-XBTApp]: Shutting down...
2024-05-02 12:11:45,151 - consumers.consumer - DEBUG - [^-XBTApp]: -Stopped!
2024-05-02 12:16:09,507 - consumers.consumer - ERROR - An unexpected error occurred while setting deribit depth:: cannot access local variable 'deribit_depths' where it is not associated with a value
2024-05-02 12:16:09,640 - consumers.consumer - INFO - [^-XBTApp]: Starting...
2024-05-02 12:16:10,672 - consumers.consumer - DEBUG - [^-XBTApp]: Started.
2024-05-02 12:17:39,446 - consumers.consumer - INFO - [^-XBTApp]: Stopping...
2024-05-02 12:17:39,447 - consumers.consumer - INFO - [^-XBTApp]: Wait for streams...
2024-05-02 12:17:39,448 - consumers.consumer - INFO - [^-XBTApp]: Flush producer buffer...
2024-05-02 12:17:39,459 - consumers.consumer - DEBUG - [^-XBTApp]: Shutting down...
2024-05-02 12:17:39,459 - consumers.consumer - DEBUG - [^-XBTApp]: -Stopped!
2024-05-02 12:22:44,072 - consumers.consumer - ERROR - An unexpected error occurred while setting deribit depth:: cannot access local variable 'deribit_depths' where it is not associated with a value
2024-05-02 12:22:44,211 - consumers.consumer - INFO - [^-XBTApp]: Starting...
2024-05-02 12:22:45,242 - consumers.consumer - DEBUG - [^-XBTApp]: Started.
2024-05-02 12:23:43,846 - consumers.consumer - INFO - [^-XBTApp]: Stopping...
2024-05-02 12:23:43,847 - consumers.consumer - INFO - [^-XBTApp]: Wait for streams...
2024-05-02 12:23:43,849 - consumers.consumer - INFO - [^-XBTApp]: Flush producer buffer...
2024-05-02 12:23:43,859 - consumers.consumer - DEBUG - [^-XBTApp]: Shutting down...
2024-05-02 12:23:43,859 - consumers.consumer - DEBUG - [^-XBTApp]: -Stopped!
2024-05-02 12:24:09,363 - consumers.consumer - ERROR - An unexpected error occurred while setting deribit depth:: cannot access local variable 'deribit_depths' where it is not associated with a value
2024-05-02 12:24:09,497 - consumers.consumer - INFO - [^-XBTApp]: Starting...
2024-05-02 12:24:10,524 - consumers.consumer - DEBUG - [^-XBTApp]: Started.
2024-05-02 12:26:47,886 - consumers.consumer - INFO - [^-XBTApp]: Stopping...
2024-05-02 12:26:47,887 - consumers.consumer - INFO - [^-XBTApp]: Wait for streams...
2024-05-02 12:26:47,888 - consumers.consumer - INFO - [^-XBTApp]: Flush producer buffer...
2024-05-02 12:26:47,898 - consumers.consumer - DEBUG - [^-XBTApp]: Shutting down...
2024-05-02 12:26:47,898 - consumers.consumer - DEBUG - [^-XBTApp]: -Stopped!
2024-05-02 12:30:41,724 - consumers.consumer - ERROR - An unexpected error occurred while setting deribit depth:: cannot access local variable 'deribit_depths' where it is not associated with a value
2024-05-02 12:30:41,876 - consumers.consumer - INFO - [^-XBTApp]: Starting...
2024-05-02 12:30:42,909 - consumers.consumer - DEBUG - [^-XBTApp]: Started.
2024-05-02 12:31:00,081 - consumers.consumer - INFO - [^-XBTApp]: Stopping...
2024-05-02 12:31:00,082 - consumers.consumer - INFO - [^-XBTApp]: Wait for streams...
2024-05-02 12:31:00,083 - consumers.consumer - INFO - [^-XBTApp]: Flush producer buffer...
2024-05-02 12:31:00,096 - consumers.consumer - DEBUG - [^-XBTApp]: Shutting down...
2024-05-02 12:31:00,096 - consumers.consumer - DEBUG - [^-XBTApp]: -Stopped!
2024-05-02 12:31:19,914 - consumers.consumer - ERROR - An unexpected error occurred while setting deribit depth:: cannot access local variable 'deribit_depths' where it is not associated with a value
2024-05-02 12:31:20,063 - consumers.consumer - INFO - [^-XBTApp]: Starting...
2024-05-02 12:31:21,097 - consumers.consumer - DEBUG - [^-XBTApp]: Started.
2024-05-02 12:34:23,281 - consumers.consumer - INFO - [^-XBTApp]: Stopping...
2024-05-02 12:34:23,282 - consumers.consumer - INFO - [^-XBTApp]: Wait for streams...
2024-05-02 12:34:23,283 - consumers.consumer - INFO - [^-XBTApp]: Flush producer buffer...
2024-05-02 12:34:23,292 - consumers.consumer - DEBUG - [^-XBTApp]: Shutting down...
2024-05-02 12:34:23,292 - consumers.consumer - DEBUG - [^-XBTApp]: -Stopped!
2024-05-02 12:34:27,051 - consumers.consumer - ERROR - An unexpected error occurred while setting deribit depth:: cannot access local variable 'deribit_depths' where it is not associated with a value
2024-05-02 12:34:27,198 - consumers.consumer - INFO - [^-XBTApp]: Starting...
2024-05-02 12:34:28,226 - consumers.consumer - DEBUG - [^-XBTApp]: Started.
2024-05-02 12:35:12,451 - consumers.consumer - INFO - [^-XBTApp]: Stopping...
2024-05-02 12:35:12,452 - consumers.consumer - INFO - [^-XBTApp]: Wait for streams...
2024-05-02 12:35:12,453 - consumers.consumer - INFO - [^-XBTApp]: Flush producer buffer...
2024-05-02 12:35:12,463 - consumers.consumer - DEBUG - [^-XBTApp]: Shutting down...
2024-05-02 12:35:12,463 - consumers.consumer - DEBUG - [^-XBTApp]: -Stopped!
2024-05-02 13:21:37,701 - consumers.consumer - ERROR - An unexpected error occurred while setting deribit depth:: cannot access local variable 'deribit_depths' where it is not associated with a value
2024-05-02 13:21:37,874 - consumers.consumer - INFO - [^-XBTApp]: Starting...
2024-05-02 13:21:38,908 - consumers.consumer - DEBUG - [^-XBTApp]: Started.
2024-05-02 13:22:53,072 - consumers.consumer - INFO - [^-XBTApp]: Stopping...
2024-05-02 13:22:53,074 - consumers.consumer - INFO - [^-XBTApp]: Wait for streams...
2024-05-02 13:22:53,075 - consumers.consumer - INFO - [^-XBTApp]: Flush producer buffer...
2024-05-02 13:22:53,087 - consumers.consumer - DEBUG - [^-XBTApp]: Shutting down...
2024-05-02 13:22:53,087 - consumers.consumer - DEBUG - [^-XBTApp]: -Stopped!
2024-05-02 13:23:07,943 - consumers.consumer - ERROR - An unexpected error occurred while setting deribit depth:: cannot access local variable 'deribit_depths' where it is not associated with a value
2024-05-02 13:23:08,225 - consumers.consumer - INFO - [^-XBTApp]: Starting...
2024-05-02 13:23:09,270 - consumers.consumer - DEBUG - [^-XBTApp]: Started.
2024-05-02 13:24:44,600 - consumers.consumer - INFO - [^-XBTApp]: Stopping...
2024-05-02 13:24:44,601 - consumers.consumer - INFO - [^-XBTApp]: Wait for streams...
2024-05-02 13:24:44,602 - consumers.consumer - INFO - [^-XBTApp]: Flush producer buffer...
2024-05-02 13:24:44,612 - consumers.consumer - DEBUG - [^-XBTApp]: Shutting down...
2024-05-02 13:24:44,612 - consumers.consumer - DEBUG - [^-XBTApp]: -Stopped!
2024-05-02 13:24:48,132 - consumers.consumer - ERROR - An unexpected error occurred while setting deribit depth:: cannot access local variable 'deribit_depths' where it is not associated with a value
2024-05-02 13:24:48,276 - consumers.consumer - INFO - [^-XBTApp]: Starting...
2024-05-02 13:24:49,304 - consumers.consumer - DEBUG - [^-XBTApp]: Started.
2024-05-02 13:24:59,600 - consumers.consumer - INFO - [^-XBTApp]: Stopping...
2024-05-02 13:24:59,602 - consumers.consumer - INFO - [^-XBTApp]: Wait for streams...
2024-05-02 13:24:59,603 - consumers.consumer - INFO - [^-XBTApp]: Flush producer buffer...
2024-05-02 13:24:59,612 - consumers.consumer - DEBUG - [^-XBTApp]: Shutting down...
2024-05-02 13:24:59,612 - consumers.consumer - DEBUG - [^-XBTApp]: -Stopped!
2024-05-02 13:25:08,871 - consumers.consumer - ERROR - An unexpected error occurred while setting deribit depth:: cannot access local variable 'deribit_depths' where it is not associated with a value
2024-05-02 13:25:09,018 - consumers.consumer - INFO - [^-XBTApp]: Starting...
2024-05-02 13:25:10,048 - consumers.consumer - DEBUG - [^-XBTApp]: Started.
2024-05-02 13:25:28,638 - consumers.consumer - INFO - [^-XBTApp]: Stopping...
2024-05-02 13:25:28,640 - consumers.consumer - INFO - [^-XBTApp]: Wait for streams...
2024-05-02 13:25:28,641 - consumers.consumer - INFO - [^-XBTApp]: Flush producer buffer...
2024-05-02 13:25:28,650 - consumers.consumer - DEBUG - [^-XBTApp]: Shutting down...
2024-05-02 13:25:28,650 - consumers.consumer - DEBUG - [^-XBTApp]: -Stopped!
2024-05-02 13:26:06,545 - consumers.consumer - ERROR - An unexpected error occurred while setting deribit depth:: cannot access local variable 'deribit_depths' where it is not associated with a value
2024-05-02 13:26:06,702 - consumers.consumer - INFO - [^-XBTApp]: Starting...
2024-05-02 13:26:07,734 - consumers.consumer - DEBUG - [^-XBTApp]: Started.
2024-05-02 13:26:35,487 - consumers.consumer - INFO - [^-XBTApp]: Stopping...
2024-05-02 13:26:35,488 - consumers.consumer - INFO - [^-XBTApp]: Wait for streams...
2024-05-02 13:26:35,489 - consumers.consumer - INFO - [^-XBTApp]: Flush producer buffer...
2024-05-02 13:26:35,499 - consumers.consumer - DEBUG - [^-XBTApp]: Shutting down...
2024-05-02 13:26:35,499 - consumers.consumer - DEBUG - [^-XBTApp]: -Stopped!
2024-05-02 13:33:20,110 - consumers.consumer - ERROR - An unexpected error occurred while setting deribit depth:: cannot access local variable 'deribit_depths' where it is not associated with a value
2024-05-02 13:33:20,254 - consumers.consumer - INFO - [^-XBTApp]: Starting...
2024-05-02 13:33:21,282 - consumers.consumer - DEBUG - [^-XBTApp]: Started.
2024-05-02 13:33:58,105 - consumers.consumer - INFO - [^-XBTApp]: Stopping...
2024-05-02 13:33:58,106 - consumers.consumer - INFO - [^-XBTApp]: Wait for streams...
2024-05-02 13:33:58,107 - consumers.consumer - INFO - [^-XBTApp]: Flush producer buffer...
2024-05-02 13:33:58,115 - consumers.consumer - DEBUG - [^-XBTApp]: Shutting down...
2024-05-02 13:33:58,115 - consumers.consumer - DEBUG - [^-XBTApp]: -Stopped!
2024-05-02 13:35:40,799 - consumers.consumer - ERROR - An unexpected error occurred while setting deribit depth:: cannot access local variable 'deribit_depths' where it is not associated with a value
2024-05-02 13:36:10,798 - consumers.consumer - ERROR - An unexpected error occurred while setting deribit depth:: cannot access local variable 'deribit_depths' where it is not associated with a value
2024-05-02 13:37:50,009 - consumers.consumer - ERROR - An unexpected error occurred while setting deribit depth:: cannot access local variable 'deribit_depths' where it is not associated with a value
2024-05-02 13:37:50,271 - consumers.consumer - INFO - [^-XBTApp]: Starting...
2024-05-02 13:37:51,309 - consumers.consumer - DEBUG - [^-XBTApp]: Started.
2024-05-02 13:38:44,126 - consumers.consumer - INFO - [^-XBTApp]: Stopping...
2024-05-02 13:38:44,128 - consumers.consumer - INFO - [^-XBTApp]: Wait for streams...
2024-05-02 13:38:44,129 - consumers.consumer - INFO - [^-XBTApp]: Flush producer buffer...
2024-05-02 13:38:44,140 - consumers.consumer - DEBUG - [^-XBTApp]: Shutting down...
2024-05-02 13:38:44,140 - consumers.consumer - DEBUG - [^-XBTApp]: -Stopped!
2024-05-02 13:44:06,975 - consumers.consumer - ERROR - An unexpected error occurred while setting deribit depth:: cannot access local variable 'deribit_depths' where it is not associated with a value
2024-05-02 13:44:07,121 - consumers.consumer - INFO - [^-XBTApp]: Starting...
2024-05-02 13:44:08,147 - consumers.consumer - DEBUG - [^-XBTApp]: Started.
2024-05-02 13:44:33,127 - consumers.consumer - INFO - [^-XBTApp]: Stopping...
2024-05-02 13:44:33,129 - consumers.consumer - INFO - [^-XBTApp]: Wait for streams...
2024-05-02 13:44:33,130 - consumers.consumer - INFO - [^-XBTApp]: Flush producer buffer...
2024-05-02 13:44:33,137 - consumers.consumer - DEBUG - [^-XBTApp]: Shutting down...
2024-05-02 13:44:33,138 - consumers.consumer - DEBUG - [^-XBTApp]: -Stopped!
2024-05-02 13:45:10,608 - consumers.consumer - ERROR - An unexpected error occurred while setting deribit depth:: cannot access local variable 'deribit_depths' where it is not associated with a value
2024-05-02 13:45:10,750 - consumers.consumer - INFO - [^-XBTApp]: Starting...
2024-05-02 13:45:11,776 - consumers.consumer - DEBUG - [^-XBTApp]: Started.
2024-05-02 13:45:33,906 - consumers.consumer - INFO - [^-XBTApp]: Stopping...
2024-05-02 13:45:33,907 - consumers.consumer - INFO - [^-XBTApp]: Wait for streams...
2024-05-02 13:45:33,908 - consumers.consumer - INFO - [^-XBTApp]: Flush producer buffer...
2024-05-02 13:45:33,917 - consumers.consumer - DEBUG - [^-XBTApp]: Shutting down...
2024-05-02 13:45:33,917 - consumers.consumer - DEBUG - [^-XBTApp]: -Stopped!
2024-05-02 13:48:39,403 - consumers.consumer - ERROR - An unexpected error occurred while setting deribit depth:: cannot access local variable 'deribit_depths' where it is not associated with a value
2024-05-02 13:48:39,537 - consumers.consumer - INFO - [^-XBTApp]: Starting...
2024-05-02 13:48:40,562 - consumers.consumer - DEBUG - [^-XBTApp]: Started.
2024-05-02 13:48:46,863 - consumers.consumer - INFO - [^-XBTApp]: Stopping...
2024-05-02 13:48:46,864 - consumers.consumer - INFO - [^-XBTApp]: Wait for streams...
2024-05-02 13:48:46,865 - consumers.consumer - INFO - [^-XBTApp]: Flush producer buffer...
2024-05-02 13:48:46,873 - consumers.consumer - DEBUG - [^-XBTApp]: Shutting down...
2024-05-02 13:48:46,873 - consumers.consumer - DEBUG - [^-XBTApp]: -Stopped!
2024-05-02 13:51:34,354 - consumers.consumer - ERROR - An unexpected error occurred while setting deribit depth:: cannot access local variable 'deribit_depths' where it is not associated with a value
2024-05-02 13:51:45,377 - consumers.consumer - ERROR - An unexpected error occurred while setting deribit depth:: cannot access local variable 'deribit_depths' where it is not associated with a value
2024-05-02 13:51:45,540 - consumers.consumer - INFO - [^-XBTApp]: Starting...
2024-05-02 13:51:46,565 - consumers.consumer - DEBUG - [^-XBTApp]: Started.
2024-05-02 13:51:50,755 - consumers.consumer - INFO - [^-XBTApp]: Stopping...
2024-05-02 13:51:50,758 - consumers.consumer - INFO - [^-XBTApp]: Wait for streams...
2024-05-02 13:51:50,762 - consumers.consumer - INFO - [^-XBTApp]: Flush producer buffer...
2024-05-02 13:51:50,771 - consumers.consumer - DEBUG - [^-XBTApp]: Shutting down...
2024-05-02 13:51:50,771 - consumers.consumer - DEBUG - [^-XBTApp]: -Stopped!
2024-05-02 13:51:57,469 - consumers.consumer - ERROR - An unexpected error occurred while setting deribit depth:: cannot access local variable 'deribit_depths' where it is not associated with a value
2024-05-02 13:51:57,608 - consumers.consumer - INFO - [^-XBTApp]: Starting...
2024-05-02 13:51:58,633 - consumers.consumer - DEBUG - [^-XBTApp]: Started.
2024-05-02 13:52:00,292 - consumers.consumer - INFO - [^-XBTApp]: Stopping...
2024-05-02 13:52:00,293 - consumers.consumer - INFO - [^-XBTApp]: Wait for streams...
2024-05-02 13:52:00,297 - consumers.consumer - INFO - [^-XBTApp]: Flush producer buffer...
2024-05-02 13:52:00,305 - consumers.consumer - DEBUG - [^-XBTApp]: Shutting down...
2024-05-02 13:52:00,305 - consumers.consumer - DEBUG - [^-XBTApp]: -Stopped!
2024-05-02 13:52:09,073 - consumers.consumer - ERROR - An unexpected error occurred while setting deribit depth:: cannot access local variable 'deribit_depths' where it is not associated with a value
2024-05-02 13:52:09,245 - consumers.consumer - INFO - [^-XBTApp]: Starting...
2024-05-02 13:52:10,269 - consumers.consumer - DEBUG - [^-XBTApp]: Started.
2024-05-02 13:52:11,508 - consumers.consumer - INFO - [^-XBTApp]: Stopping...
2024-05-02 13:52:11,509 - consumers.consumer - INFO - [^-XBTApp]: Wait for streams...
2024-05-02 13:52:11,512 - consumers.consumer - INFO - [^-XBTApp]: Flush producer buffer...
2024-05-02 13:52:11,522 - consumers.consumer - DEBUG - [^-XBTApp]: Shutting down...
2024-05-02 13:52:11,522 - consumers.consumer - DEBUG - [^-XBTApp]: -Stopped!
2024-05-02 13:53:34,191 - consumers.consumer - ERROR - An unexpected error occurred while setting deribit depth:: cannot access local variable 'deribit_depths' where it is not associated with a value
2024-05-02 13:53:47,848 - consumers.consumer - ERROR - An unexpected error occurred while setting deribit depth:: cannot access local variable 'deribit_depths' where it is not associated with a value
2024-05-02 13:54:00,583 - consumers.consumer - ERROR - An unexpected error occurred while setting deribit depth:: cannot access local variable 'deribit_depths' where it is not associated with a value
2024-05-02 13:54:03,824 - consumers.consumer - ERROR - An unexpected error occurred while setting deribit depth:: cannot access local variable 'deribit_depths' where it is not associated with a value
2024-05-02 13:54:03,966 - consumers.consumer - INFO - [^-XBTApp]: Starting...
2024-05-02 13:54:04,992 - consumers.consumer - DEBUG - [^-XBTApp]: Started.
2024-05-02 13:54:07,956 - consumers.consumer - INFO - [^-XBTApp]: Stopping...
2024-05-02 13:54:07,957 - consumers.consumer - INFO - [^-XBTApp]: Wait for streams...
2024-05-02 13:54:07,960 - consumers.consumer - INFO - [^-XBTApp]: Flush producer buffer...
2024-05-02 13:54:07,969 - consumers.consumer - DEBUG - [^-XBTApp]: Shutting down...
2024-05-02 13:54:07,969 - consumers.consumer - DEBUG - [^-XBTApp]: -Stopped!
2024-05-02 13:54:55,307 - consumers.consumer - ERROR - An unexpected error occurred while setting deribit depth:: cannot access local variable 'deribit_depths' where it is not associated with a value
2024-05-02 13:54:55,446 - consumers.consumer - INFO - [^-XBTApp]: Starting...
2024-05-02 13:54:56,470 - consumers.consumer - DEBUG - [^-XBTApp]: Started.
2024-05-02 13:54:58,332 - consumers.consumer - INFO - [^-XBTApp]: Stopping...
2024-05-02 13:54:58,333 - consumers.consumer - INFO - [^-XBTApp]: Wait for streams...
2024-05-02 13:54:58,337 - consumers.consumer - INFO - [^-XBTApp]: Flush producer buffer...
2024-05-02 13:54:58,345 - consumers.consumer - DEBUG - [^-XBTApp]: Shutting down...
2024-05-02 13:54:58,345 - consumers.consumer - DEBUG - [^-XBTApp]: -Stopped!
2024-05-02 14:18:34,147 - consumers.consumer - ERROR - An unexpected error occurred while setting deribit depth:: cannot access local variable 'deribit_depths' where it is not associated with a value
2024-05-02 14:20:53,545 - consumers.consumer - ERROR - An unexpected error occurred while setting deribit depth:: cannot access local variable 'deribit_depths' where it is not associated with a value
2024-05-02 14:20:53,686 - consumers.consumer - INFO - [^-XBTApp]: Starting...
2024-05-02 14:20:54,713 - consumers.consumer - DEBUG - [^-XBTApp]: Started.
2024-05-02 14:33:39,772 - consumers.consumer - INFO - [^-XBTApp]: Stopping...
2024-05-02 14:33:39,773 - consumers.consumer - INFO - [^-XBTApp]: Wait for streams...
2024-05-02 14:33:39,774 - consumers.consumer - INFO - [^-XBTApp]: Flush producer buffer...
2024-05-02 14:33:39,782 - consumers.consumer - DEBUG - [^-XBTApp]: Shutting down...
2024-05-02 14:33:39,782 - consumers.consumer - DEBUG - [^-XBTApp]: -Stopped!
2024-05-02 14:33:43,234 - consumers.consumer - ERROR - An unexpected error occurred while setting deribit depth:: cannot access local variable 'deribit_depths' where it is not associated with a value
2024-05-02 14:33:43,383 - consumers.consumer - INFO - [^-XBTApp]: Starting...
2024-05-02 14:33:44,409 - consumers.consumer - DEBUG - [^-XBTApp]: Started.
2024-05-02 14:34:08,388 - consumers.consumer - INFO - [^-XBTApp]: Stopping...
2024-05-02 14:34:08,390 - consumers.consumer - INFO - [^-XBTApp]: Wait for streams...
2024-05-02 14:34:08,391 - consumers.consumer - INFO - [^-XBTApp]: Flush producer buffer...
2024-05-02 14:34:08,400 - consumers.consumer - DEBUG - [^-XBTApp]: Shutting down...
2024-05-02 14:34:08,400 - consumers.consumer - DEBUG - [^-XBTApp]: -Stopped!
2024-05-02 14:34:12,010 - consumers.consumer - ERROR - An unexpected error occurred while setting deribit depth:: cannot access local variable 'deribit_depths' where it is not associated with a value
2024-05-02 14:34:12,152 - consumers.consumer - INFO - [^-XBTApp]: Starting...
2024-05-02 14:34:12,177 - consumers.consumer - INFO - [^-XBTApp]: Stopping...
2024-05-02 14:34:12,177 - consumers.consumer - INFO - [^-XBTApp]: Flush producer buffer...
2024-05-02 14:34:12,182 - consumers.consumer - DEBUG - [^-XBTApp]: Shutting down...
2024-05-02 14:34:12,183 - consumers.consumer - DEBUG - [^-XBTApp]: -Stopped!
2024-05-02 14:34:26,518 - consumers.consumer - ERROR - An unexpected error occurred while setting deribit depth:: cannot access local variable 'deribit_depths' where it is not associated with a value
2024-05-02 14:34:26,648 - consumers.consumer - INFO - [^-XBTApp]: Starting...
2024-05-02 14:34:26,670 - consumers.consumer - INFO - [^-XBTApp]: Stopping...
2024-05-02 14:34:26,671 - consumers.consumer - INFO - [^-XBTApp]: Flush producer buffer...
2024-05-02 14:34:26,676 - consumers.consumer - DEBUG - [^-XBTApp]: Shutting down...
2024-05-02 14:34:26,676 - consumers.consumer - DEBUG - [^-XBTApp]: -Stopped!
2024-05-02 14:35:25,324 - consumers.consumer - ERROR - An unexpected error occurred while setting deribit depth:: cannot access local variable 'deribit_depths' where it is not associated with a value
2024-05-02 14:35:25,471 - consumers.consumer - INFO - [^-XBTApp]: Starting...
2024-05-02 14:35:25,495 - consumers.consumer - INFO - [^-XBTApp]: Stopping...
2024-05-02 14:35:25,495 - consumers.consumer - INFO - [^-XBTApp]: Flush producer buffer...
2024-05-02 14:35:25,502 - consumers.consumer - DEBUG - [^-XBTApp]: Shutting down...
2024-05-02 14:35:25,503 - consumers.consumer - DEBUG - [^-XBTApp]: -Stopped!
2024-05-02 15:23:35,558 - consumers.consumer - ERROR - An unexpected error occurred while setting deribit depth:: cannot access local variable 'deribit_depths' where it is not associated with a value
2024-05-02 15:23:35,594 - consumers.consumer - ERROR - An unexpected error occurred while setting deribit depth:: cannot access local variable 'deribit_depths' where it is not associated with a value
2024-05-02 15:23:35,594 - consumers.consumer - ERROR - An unexpected error occurred while setting deribit depth:: cannot access local variable 'deribit_depths' where it is not associated with a value
2024-05-02 15:24:00,811 - consumers.consumer - ERROR - An unexpected error occurred while setting deribit depth:: cannot access local variable 'deribit_depths' where it is not associated with a value
2024-05-02 15:24:20,199 - consumers.consumer - ERROR - An unexpected error occurred while setting deribit depth:: cannot access local variable 'deribit_depths' where it is not associated with a value
2024-05-02 15:24:20,224 - consumers.consumer - ERROR - An unexpected error occurred while setting deribit depth:: cannot access local variable 'deribit_depths' where it is not associated with a value
2024-05-02 15:24:20,224 - consumers.consumer - ERROR - An unexpected error occurred while setting deribit depth:: cannot access local variable 'deribit_depths' where it is not associated with a value
2024-05-02 15:34:07,176 - consumers.consumer - ERROR - An unexpected error occurred while setting deribit depth:: cannot access local variable 'deribit_depths' where it is not associated with a value
2024-05-02 15:34:07,207 - consumers.consumer - ERROR - An unexpected error occurred while setting deribit depth:: cannot access local variable 'deribit_depths' where it is not associated with a value
2024-05-02 15:34:07,207 - consumers.consumer - ERROR - An unexpected error occurred while setting deribit depth:: cannot access local variable 'deribit_depths' where it is not associated with a value
2024-05-02 15:34:20,963 - consumers.consumer - ERROR - An unexpected error occurred while setting deribit depth:: cannot access local variable 'deribit_depths' where it is not associated with a value
2024-05-02 15:34:21,162 - consumers.consumer - INFO - [^-XBTApp]: Starting...
2024-05-02 15:34:22,199 - consumers.consumer - DEBUG - [^-XBTApp]: Started.
2024-05-02 15:34:28,128 - consumers.consumer - INFO - [^-XBTApp]: Stopping...
2024-05-02 15:34:28,130 - consumers.consumer - INFO - [^-XBTApp]: Wait for streams...
2024-05-02 15:34:28,131 - consumers.consumer - INFO - [^-XBTApp]: Flush producer buffer...
2024-05-02 15:34:28,150 - consumers.consumer - DEBUG - [^-XBTApp]: Shutting down...
2024-05-02 15:34:28,150 - consumers.consumer - DEBUG - [^-XBTApp]: -Stopped!
2024-05-02 15:38:17,989 - consumers.consumer - ERROR - An unexpected error occurred while setting deribit depth:: cannot access local variable 'deribit_depths' where it is not associated with a value
2024-05-02 15:38:27,231 - consumers.consumer - ERROR - An unexpected error occurred while setting deribit depth:: cannot access local variable 'deribit_depths' where it is not associated with a value
2024-05-02 15:38:39,841 - consumers.consumer - ERROR - An unexpected error occurred while setting deribit depth:: cannot access local variable 'deribit_depths' where it is not associated with a value
2024-05-02 15:38:52,131 - consumers.consumer - ERROR - An unexpected error occurred while setting deribit depth:: cannot access local variable 'deribit_depths' where it is not associated with a value
2024-05-02 15:40:27,044 - consumers.consumer - ERROR - An unexpected error occurred while setting deribit depth:: cannot access local variable 'deribit_depths' where it is not associated with a value
2024-05-03 07:24:49,080 - consumers.consumer - ERROR - An unexpected error occurred while setting deribit depth:: cannot access local variable 'deribit_depths' where it is not associated with a value
2024-05-03 07:25:25,958 - consumers.consumer - ERROR - An unexpected error occurred while setting deribit depth:: cannot access local variable 'deribit_depths' where it is not associated with a value
2024-05-03 07:25:26,170 - consumers.consumer - INFO - [^-XBTApp]: Starting...
2024-05-03 07:25:27,271 - consumers.consumer - DEBUG - [^-XBTApp]: Started.
2024-05-03 07:25:43,366 - consumers.consumer - INFO - [^-XBTApp]: Stopping...
2024-05-03 07:25:43,367 - consumers.consumer - INFO - [^-XBTApp]: Wait for streams...
2024-05-03 07:25:43,368 - consumers.consumer - INFO - [^-XBTApp]: Flush producer buffer...
2024-05-03 07:25:43,386 - consumers.consumer - DEBUG - [^-XBTApp]: Shutting down...
2024-05-03 07:25:43,386 - consumers.consumer - DEBUG - [^-XBTApp]: -Stopped!
2024-05-03 07:25:51,208 - consumers.consumer - ERROR - An unexpected error occurred while setting deribit depth:: cannot access local variable 'deribit_depths' where it is not associated with a value
2024-05-03 07:35:13,244 - consumers.consumer - ERROR - An unexpected error occurred while setting deribit depth:: cannot access local variable 'deribit_depths' where it is not associated with a value
2024-05-03 07:35:13,394 - consumers.consumer - INFO - [^-XBTApp]: Starting...
2024-05-03 07:35:13,426 - consumers.consumer - INFO - [^-XBTApp]: Stopping...
2024-05-03 07:35:13,426 - consumers.consumer - INFO - [^-XBTApp]: Flush producer buffer...
2024-05-03 07:35:13,432 - consumers.consumer - DEBUG - [^-XBTApp]: Shutting down...
2024-05-03 07:35:13,432 - consumers.consumer - DEBUG - [^-XBTApp]: -Stopped!
2024-05-03 07:59:09,722 - consumers.consumer - ERROR - An unexpected error occurred while setting deribit depth:: cannot access local variable 'deribit_depths' where it is not associated with a value
2024-05-03 07:59:09,870 - consumers.consumer - INFO - [^-XBTApp]: Starting...
2024-05-03 07:59:10,901 - consumers.consumer - DEBUG - [^-XBTApp]: Started.
2024-05-03 07:59:38,125 - consumers.consumer - INFO - [^-XBTApp]: Stopping...
2024-05-03 07:59:38,127 - consumers.consumer - INFO - [^-XBTApp]: Wait for streams...
2024-05-03 07:59:38,128 - consumers.consumer - INFO - [^-XBTApp]: Flush producer buffer...
2024-05-03 07:59:38,138 - consumers.consumer - DEBUG - [^-XBTApp]: Shutting down...
2024-05-03 07:59:38,138 - consumers.consumer - DEBUG - [^-XBTApp]: -Stopped!
2024-05-03 07:59:41,806 - consumers.consumer - ERROR - An unexpected error occurred while setting deribit depth:: cannot access local variable 'deribit_depths' where it is not associated with a value
2024-05-03 07:59:41,954 - consumers.consumer - INFO - [^-XBTApp]: Starting...
2024-05-03 07:59:42,987 - consumers.consumer - DEBUG - [^-XBTApp]: Started.
2024-05-03 08:00:02,765 - consumers.consumer - INFO - [^-XBTApp]: Stopping...
2024-05-03 08:00:02,767 - consumers.consumer - INFO - [^-XBTApp]: Wait for streams...
2024-05-03 08:00:02,768 - consumers.consumer - INFO - [^-XBTApp]: Flush producer buffer...
2024-05-03 08:00:02,784 - consumers.consumer - DEBUG - [^-XBTApp]: Shutting down...
2024-05-03 08:00:02,784 - consumers.consumer - DEBUG - [^-XBTApp]: -Stopped!
2024-05-03 08:00:09,945 - consumers.consumer - ERROR - An unexpected error occurred while setting deribit depth:: cannot access local variable 'deribit_depths' where it is not associated with a value
2024-05-03 08:00:10,098 - consumers.consumer - INFO - [^-XBTApp]: Starting...
2024-05-03 08:00:11,130 - consumers.consumer - DEBUG - [^-XBTApp]: Started.
2024-05-03 08:01:03,643 - consumers.consumer - INFO - [^-XBTApp]: Stopping...
2024-05-03 08:01:03,644 - consumers.consumer - INFO - [^-XBTApp]: Wait for streams...
2024-05-03 08:01:03,645 - consumers.consumer - INFO - [^-XBTApp]: Flush producer buffer...
2024-05-03 08:01:03,655 - consumers.consumer - DEBUG - [^-XBTApp]: Shutting down...
2024-05-03 08:01:03,655 - consumers.consumer - DEBUG - [^-XBTApp]: -Stopped!
2024-05-03 08:02:16,763 - consumers.consumer - ERROR - An unexpected error occurred while setting deribit depth:: cannot access local variable 'deribit_depths' where it is not associated with a value
2024-05-03 08:02:16,982 - consumers.consumer - INFO - [^-XBTApp]: Starting...
2024-05-03 08:02:18,036 - consumers.consumer - DEBUG - [^-XBTApp]: Started.
2024-05-03 08:02:54,484 - consumers.consumer - INFO - [^-XBTApp]: Stopping...
2024-05-03 08:02:54,485 - consumers.consumer - INFO - [^-XBTApp]: Wait for streams...
2024-05-03 08:02:54,487 - consumers.consumer - INFO - [^-XBTApp]: Flush producer buffer...
2024-05-03 08:02:54,501 - consumers.consumer - DEBUG - [^-XBTApp]: Shutting down...
2024-05-03 08:02:54,502 - consumers.consumer - DEBUG - [^-XBTApp]: -Stopped!
2024-05-03 08:09:36,193 - consumers.consumer - ERROR - An unexpected error occurred while setting deribit depth:: cannot access local variable 'deribit_depths' where it is not associated with a value
2024-05-03 08:09:36,349 - consumers.consumer - INFO - [^-XBTApp]: Starting...
2024-05-03 08:09:37,386 - consumers.consumer - DEBUG - [^-XBTApp]: Started.
2024-05-03 08:09:44,991 - consumers.consumer - INFO - [^-XBTApp]: Stopping...
2024-05-03 08:09:44,992 - consumers.consumer - INFO - [^-XBTApp]: Wait for streams...
2024-05-03 08:09:44,994 - consumers.consumer - INFO - [^-XBTApp]: Flush producer buffer...
2024-05-03 08:09:45,010 - consumers.consumer - DEBUG - [^-XBTApp]: Shutting down...
2024-05-03 08:09:45,010 - consumers.consumer - DEBUG - [^-XBTApp]: -Stopped!
2024-05-03 08:11:36,490 - consumers.consumer - ERROR - An unexpected error occurred while setting deribit depth:: cannot access local variable 'deribit_depths' where it is not associated with a value
2024-05-03 08:11:36,709 - consumers.consumer - INFO - [^-XBTApp]: Starting...
2024-05-03 08:11:37,756 - consumers.consumer - DEBUG - [^-XBTApp]: Started.
2024-05-03 08:12:11,670 - consumers.consumer - INFO - [^-XBTApp]: Stopping...
2024-05-03 08:12:11,672 - consumers.consumer - INFO - [^-XBTApp]: Wait for streams...
2024-05-03 08:12:11,676 - consumers.consumer - INFO - [^-XBTApp]: Flush producer buffer...
2024-05-03 08:12:11,694 - consumers.consumer - DEBUG - [^-XBTApp]: Shutting down...
2024-05-03 08:12:11,695 - consumers.consumer - DEBUG - [^-XBTApp]: -Stopped!
2024-05-03 08:14:11,164 - consumers.consumer - ERROR - An unexpected error occurred while setting deribit depth:: cannot access local variable 'deribit_depths' where it is not associated with a value
2024-05-03 08:14:11,331 - consumers.consumer - INFO - [^-XBTApp]: Starting...
2024-05-03 08:14:12,370 - consumers.consumer - DEBUG - [^-XBTApp]: Started.
2024-05-03 08:14:45,414 - consumers.consumer - INFO - [^-XBTApp]: Stopping...
2024-05-03 08:14:45,415 - consumers.consumer - INFO - [^-XBTApp]: Wait for streams...
2024-05-03 08:14:45,416 - consumers.consumer - INFO - [^-XBTApp]: Flush producer buffer...
2024-05-03 08:14:45,432 - consumers.consumer - DEBUG - [^-XBTApp]: Shutting down...
2024-05-03 08:14:45,432 - consumers.consumer - DEBUG - [^-XBTApp]: -Stopped!
2024-05-03 08:52:27,579 - consumers.consumer - ERROR - An unexpected error occurred while setting deribit depth:: cannot access local variable 'deribit_depths' where it is not associated with a value
2024-05-03 08:52:27,752 - consumers.consumer - INFO - [^-XBTApp]: Starting...
2024-05-03 08:52:28,800 - consumers.consumer - DEBUG - [^-XBTApp]: Started.
2024-05-03 08:53:03,027 - consumers.consumer - INFO - [^-XBTApp]: Stopping...
2024-05-03 08:53:03,030 - consumers.consumer - INFO - [^-XBTApp]: Wait for streams...
2024-05-03 08:53:03,032 - consumers.consumer - INFO - [^-XBTApp]: Flush producer buffer...
2024-05-03 08:53:03,063 - consumers.consumer - DEBUG - [^-XBTApp]: Shutting down...
2024-05-03 08:53:03,063 - consumers.consumer - DEBUG - [^-XBTApp]: -Stopped!
2024-05-03 08:57:33,971 - consumers.consumer - ERROR - An unexpected error occurred while setting deribit depth:: cannot access local variable 'deribit_depths' where it is not associated with a value
2024-05-03 08:57:34,278 - consumers.consumer - INFO - [^-XBTApp]: Starting...
2024-05-03 08:57:35,351 - consumers.consumer - DEBUG - [^-XBTApp]: Started.
2024-05-03 08:57:50,115 - consumers.consumer - INFO - [^-XBTApp]: Stopping...
2024-05-03 08:57:50,117 - consumers.consumer - INFO - [^-XBTApp]: Wait for streams...
2024-05-03 08:57:50,125 - consumers.consumer - INFO - [^-XBTApp]: Flush producer buffer...
2024-05-03 08:57:50,143 - consumers.consumer - DEBUG - [^-XBTApp]: Shutting down...
2024-05-03 08:57:50,144 - consumers.consumer - DEBUG - [^-XBTApp]: -Stopped!
2024-05-03 08:59:45,950 - consumers.consumer - ERROR - An unexpected error occurred while setting deribit depth:: cannot access local variable 'deribit_depths' where it is not associated with a value
2024-05-03 08:59:46,099 - consumers.consumer - INFO - [^-XBTApp]: Starting...
2024-05-03 08:59:47,138 - consumers.consumer - DEBUG - [^-XBTApp]: Started.
2024-05-03 09:00:01,563 - consumers.consumer - INFO - [^-XBTApp]: Stopping...
2024-05-03 09:00:01,564 - consumers.consumer - INFO - [^-XBTApp]: Wait for streams...
2024-05-03 09:00:01,570 - consumers.consumer - INFO - [^-XBTApp]: Flush producer buffer...
2024-05-03 09:00:01,590 - consumers.consumer - DEBUG - [^-XBTApp]: Shutting down...
2024-05-03 09:00:01,590 - consumers.consumer - DEBUG - [^-XBTApp]: -Stopped!
2024-05-03 09:04:47,359 - consumers.consumer - ERROR - An unexpected error occurred while setting deribit depth:: cannot access local variable 'deribit_depths' where it is not associated with a value
2024-05-03 09:04:47,517 - consumers.consumer - INFO - [^-XBTApp]: Starting...
2024-05-03 09:04:48,559 - consumers.consumer - DEBUG - [^-XBTApp]: Started.
2024-05-03 09:04:58,382 - consumers.consumer - INFO - [^-XBTApp]: Stopping...
2024-05-03 09:04:58,384 - consumers.consumer - INFO - [^-XBTApp]: Wait for streams...
2024-05-03 09:04:58,385 - consumers.consumer - INFO - [^-XBTApp]: Flush producer buffer...
2024-05-03 09:04:58,400 - consumers.consumer - DEBUG - [^-XBTApp]: Shutting down...
2024-05-03 09:04:58,400 - consumers.consumer - DEBUG - [^-XBTApp]: -Stopped!
2024-05-03 09:09:54,269 - consumers.consumer - ERROR - An unexpected error occurred while setting deribit depth:: cannot access local variable 'deribit_depths' where it is not associated with a value
2024-05-03 09:09:54,436 - consumers.consumer - INFO - [^-XBTApp]: Starting...
2024-05-03 09:09:55,478 - consumers.consumer - DEBUG - [^-XBTApp]: Started.
2024-05-03 09:10:13,657 - consumers.consumer - INFO - [^-XBTApp]: Stopping...
2024-05-03 09:10:13,659 - consumers.consumer - INFO - [^-XBTApp]: Wait for streams...
2024-05-03 09:10:13,666 - consumers.consumer - INFO - [^-XBTApp]: Flush producer buffer...
2024-05-03 09:10:13,687 - consumers.consumer - DEBUG - [^-XBTApp]: Shutting down...
2024-05-03 09:10:13,687 - consumers.consumer - DEBUG - [^-XBTApp]: -Stopped!
2024-05-03 09:10:54,151 - consumers.consumer - ERROR - An unexpected error occurred while setting deribit depth:: cannot access local variable 'deribit_depths' where it is not associated with a value
2024-05-03 09:10:54,310 - consumers.consumer - INFO - [^-XBTApp]: Starting...
2024-05-03 09:10:55,351 - consumers.consumer - DEBUG - [^-XBTApp]: Started.
2024-05-03 09:10:55,488 - consumers.consumer - ERROR - float() argument must be a string or a real number, not 'NoneType'
2024-05-03 09:10:57,698 - consumers.consumer - ERROR - on_message_helper.process_timestamp() takes from 2 to 3 positional arguments but 4 were given


TypeError: on_message_helper.process_timestamp() takes from 2 to 3 positional arguments but 4 were given
2024-05-03 09:11:13,685 - consumers.consumer - INFO - [^-XBTApp]: Stopping...
2024-05-03 09:11:13,687 - consumers.consumer - INFO - [^-XBTApp]: Wait for streams...
2024-05-03 09:11:13,692 - consumers.consumer - INFO - [^-XBTApp]: Flush producer buffer...
2024-05-03 09:11:13,717 - consumers.consumer - DEBUG - [^-XBTApp]: Shutting down...
2024-05-03 09:11:13,717 - consumers.consumer - DEBUG - [^-XBTApp]: -Stopped!
2024-05-03 09:34:12,974 - consumers.consumer - ERROR - An unexpected error occurred while setting deribit depth:: cannot access local variable 'deribit_depths' where it is not associated with a value
2024-05-03 09:34:13,126 - consumers.consumer - INFO - [^-XBTApp]: Starting...
2024-05-03 09:34:14,165 - consumers.consumer - DEBUG - [^-XBTApp]: Started.
2024-05-03 09:34:41,198 - consumers.consumer - INFO - [^-XBTApp]: Stopping...
2024-05-03 09:34:41,201 - consumers.consumer - INFO - [^-XBTApp]: Wait for streams...
2024-05-03 09:34:41,202 - consumers.consumer - INFO - [^-XBTApp]: Flush producer buffer...
2024-05-03 09:34:41,222 - consumers.consumer - DEBUG - [^-XBTApp]: Shutting down...
2024-05-03 09:34:41,222 - consumers.consumer - DEBUG - [^-XBTApp]: -Stopped!
