2024-05-28 15:21:09,102 - ProcessCenter.ConsumerEngine - INFO - [^-StreamApp]: Starting...
2024-05-28 15:21:10,694 - ProcessCenter.ConsumerEngine - DEBUG - [^-StreamApp]: Started.
2024-05-28 15:21:13,415 - ProcessCenter.ConsumerEngine - ERROR - Unexpected error handling file operations of okx_api_perpetual_funding_btc: float() argument must be a string or a real number, not 'NoneType'
2024-05-28 15:21:13,965 - ProcessCenter.ConsumerEngine - ERROR - Unexpected error handling file operations of gateio_api_perpetual_funding_btc: gateio_on_message.gateio_api_perpetual_funding() missing 1 required positional argument: 'instrument'
2024-05-28 15:21:13,979 - ProcessCenter.ConsumerEngine - ERROR - Unexpected error handling file operations of gateio_api_perpetual_tta_btc: 'list' object has no attribute 'get'
2024-05-28 15:21:14,020 - ProcessCenter.ConsumerEngine - ERROR - Unexpected error handling file operations of bybit_api_perpetual_linear_funding_btc: bybit_on_message.bybit_api_fundperp_linear_inverse_perpetual_funding_future() missing 1 required positional argument: 'instrument'
2024-05-28 15:21:14,020 - ProcessCenter.ConsumerEngine - ERROR - Unexpected error handling file operations of gateio_api_perpetual_oi_btc: 'list' object has no attribute 'get'
2024-05-28 15:21:14,023 - ProcessCenter.ConsumerEngine - ERROR - Unexpected error handling file operations of binance_api_perpetual_inverse_gta_btc: Parse error at offset 8: The document root must not be followed by other values.
2024-05-28 15:21:14,234 - ProcessCenter.ConsumerEngine - ERROR - Unexpected error handling file operations of deribit_api_future_oifunding_btc: '@perpetual@deribit'
2024-05-28 15:21:14,250 - ProcessCenter.ConsumerEngine - ERROR - Unexpected error handling file operations of okx_api_perpetual_funding_btc: float() argument must be a string or a real number, not 'NoneType'
2024-05-28 15:21:14,252 - ProcessCenter.ConsumerEngine - ERROR - Unexpected error handling file operations of gateio_api_perpetual_funding_btc: gateio_on_message.gateio_api_perpetual_funding() missing 1 required positional argument: 'instrument'
2024-05-28 15:21:14,254 - ProcessCenter.ConsumerEngine - ERROR - Unexpected error handling file operations of gateio_api_perpetual_tta_btc: 'list' object has no attribute 'get'
2024-05-28 15:21:14,257 - ProcessCenter.ConsumerEngine - ERROR - Unexpected error handling file operations of bybit_api_perpetual_linear_funding_btc: bybit_on_message.bybit_api_fundperp_linear_inverse_perpetual_funding_future() missing 1 required positional argument: 'instrument'
2024-05-28 15:21:14,258 - ProcessCenter.ConsumerEngine - ERROR - Unexpected error handling file operations of gateio_api_perpetual_oi_btc: 'list' object has no attribute 'get'
2024-05-28 15:21:14,259 - ProcessCenter.ConsumerEngine - ERROR - Unexpected error handling file operations of binance_api_perpetual_inverse_gta_btc: Parse error at offset 8: The document root must not be followed by other values.
2024-05-28 15:21:14,262 - ProcessCenter.ConsumerEngine - ERROR - Unexpected error handling file operations of deribit_api_future_oifunding_btc: '@perpetual@deribit'
2024-05-28 15:21:14,264 - ProcessCenter.ConsumerEngine - ERROR - Unexpected error handling file operations of okx_api_perpetual_funding_btc: float() argument must be a string or a real number, not 'NoneType'
2024-05-28 15:21:14,266 - ProcessCenter.ConsumerEngine - ERROR - Unexpected error handling file operations of gateio_api_perpetual_funding_btc: gateio_on_message.gateio_api_perpetual_funding() missing 1 required positional argument: 'instrument'
2024-05-28 15:21:14,268 - ProcessCenter.ConsumerEngine - ERROR - Unexpected error handling file operations of gateio_api_perpetual_tta_btc: 'list' object has no attribute 'get'
2024-05-28 15:21:14,271 - ProcessCenter.ConsumerEngine - ERROR - Unexpected error handling file operations of bybit_api_perpetual_linear_funding_btc: bybit_on_message.bybit_api_fundperp_linear_inverse_perpetual_funding_future() missing 1 required positional argument: 'instrument'
2024-05-28 15:21:14,272 - ProcessCenter.ConsumerEngine - ERROR - Unexpected error handling file operations of gateio_api_perpetual_oi_btc: 'list' object has no attribute 'get'
2024-05-28 15:21:14,274 - ProcessCenter.ConsumerEngine - ERROR - Unexpected error handling file operations of binance_api_perpetual_inverse_gta_btc: Parse error at offset 8: The document root must not be followed by other values.
2024-05-28 15:21:14,276 - ProcessCenter.ConsumerEngine - ERROR - Unexpected error handling file operations of deribit_api_future_oifunding_btc: '@perpetual@deribit'
2024-05-28 15:21:14,277 - ProcessCenter.ConsumerEngine - ERROR - Unexpected error handling file operations of okx_api_perpetual_funding_btc: float() argument must be a string or a real number, not 'NoneType'
2024-05-28 15:21:14,279 - ProcessCenter.ConsumerEngine - ERROR - Unexpected error handling file operations of gateio_api_perpetual_funding_btc: gateio_on_message.gateio_api_perpetual_funding() missing 1 required positional argument: 'instrument'
2024-05-28 15:21:14,282 - ProcessCenter.ConsumerEngine - ERROR - Unexpected error handling file operations of gateio_api_perpetual_tta_btc: 'list' object has no attribute 'get'
2024-05-28 15:21:14,284 - ProcessCenter.ConsumerEngine - ERROR - Unexpected error handling file operations of bybit_api_perpetual_linear_funding_btc: bybit_on_message.bybit_api_fundperp_linear_inverse_perpetual_funding_future() missing 1 required positional argument: 'instrument'
2024-05-28 15:21:14,286 - ProcessCenter.ConsumerEngine - ERROR - Unexpected error handling file operations of gateio_api_perpetual_oi_btc: 'list' object has no attribute 'get'
2024-05-28 15:21:14,287 - ProcessCenter.ConsumerEngine - ERROR - Unexpected error handling file operations of binance_api_perpetual_inverse_gta_btc: Parse error at offset 8: The document root must not be followed by other values.
2024-05-28 15:21:14,291 - ProcessCenter.ConsumerEngine - ERROR - Unexpected error handling file operations of deribit_api_future_oifunding_btc: '@perpetual@deribit'
2024-05-28 15:21:14,293 - ProcessCenter.ConsumerEngine - ERROR - Unexpected error handling file operations of okx_api_perpetual_funding_btc: float() argument must be a string or a real number, not 'NoneType'
2024-05-28 15:21:14,294 - ProcessCenter.ConsumerEngine - ERROR - Unexpected error handling file operations of gateio_api_perpetual_funding_btc: gateio_on_message.gateio_api_perpetual_funding() missing 1 required positional argument: 'instrument'
2024-05-28 15:21:14,297 - ProcessCenter.ConsumerEngine - ERROR - Unexpected error handling file operations of gateio_api_perpetual_tta_btc: 'list' object has no attribute 'get'
2024-05-28 15:21:14,300 - ProcessCenter.ConsumerEngine - ERROR - Unexpected error handling file operations of bybit_api_perpetual_linear_funding_btc: bybit_on_message.bybit_api_fundperp_linear_inverse_perpetual_funding_future() missing 1 required positional argument: 'instrument'
2024-05-28 15:21:14,301 - ProcessCenter.ConsumerEngine - ERROR - Unexpected error handling file operations of gateio_api_perpetual_oi_btc: 'list' object has no attribute 'get'
2024-05-28 15:21:14,303 - ProcessCenter.ConsumerEngine - ERROR - Unexpected error handling file operations of binance_api_perpetual_inverse_gta_btc: Parse error at offset 8: The document root must not be followed by other values.
2024-05-28 15:21:14,304 - ProcessCenter.ConsumerEngine - ERROR - Unexpected error handling file operations of deribit_api_future_oifunding_btc: '@perpetual@deribit'
2024-05-28 15:21:14,305 - ProcessCenter.ConsumerEngine - ERROR - Unexpected error handling file operations of okx_api_perpetual_funding_btc: float() argument must be a string or a real number, not 'NoneType'
2024-05-28 15:21:14,306 - ProcessCenter.ConsumerEngine - ERROR - Unexpected error handling file operations of gateio_api_perpetual_funding_btc: gateio_on_message.gateio_api_perpetual_funding() missing 1 required positional argument: 'instrument'
2024-05-28 15:21:14,311 - ProcessCenter.ConsumerEngine - ERROR - Unexpected error handling file operations of gateio_api_perpetual_tta_btc: 'list' object has no attribute 'get'
2024-05-28 15:21:14,331 - ProcessCenter.ConsumerEngine - ERROR - Unexpected error handling file operations of bybit_api_perpetual_linear_funding_btc: bybit_on_message.bybit_api_fundperp_linear_inverse_perpetual_funding_future() missing 1 required positional argument: 'instrument'
2024-05-28 15:21:14,341 - ProcessCenter.ConsumerEngine - ERROR - Unexpected error handling file operations of gateio_api_perpetual_oi_btc: 'list' object has no attribute 'get'
2024-05-28 15:21:14,342 - ProcessCenter.ConsumerEngine - ERROR - Unexpected error handling file operations of binance_api_perpetual_inverse_gta_btc: Parse error at offset 8: The document root must not be followed by other values.
2024-05-28 15:21:14,343 - ProcessCenter.ConsumerEngine - ERROR - Unexpected error handling file operations of deribit_api_future_oifunding_btc: '@perpetual@deribit'
2024-05-28 15:21:14,344 - ProcessCenter.ConsumerEngine - ERROR - Unexpected error handling file operations of okx_api_perpetual_funding_btc: float() argument must be a string or a real number, not 'NoneType'
2024-05-28 15:21:14,345 - ProcessCenter.ConsumerEngine - ERROR - Unexpected error handling file operations of gateio_api_perpetual_funding_btc: gateio_on_message.gateio_api_perpetual_funding() missing 1 required positional argument: 'instrument'
2024-05-28 15:21:14,347 - ProcessCenter.ConsumerEngine - ERROR - Unexpected error handling file operations of gateio_api_perpetual_tta_btc: 'list' object has no attribute 'get'
2024-05-28 15:21:14,349 - ProcessCenter.ConsumerEngine - ERROR - Unexpected error handling file operations of bybit_api_perpetual_linear_funding_btc: bybit_on_message.bybit_api_fundperp_linear_inverse_perpetual_funding_future() missing 1 required positional argument: 'instrument'
2024-05-28 15:21:14,350 - ProcessCenter.ConsumerEngine - ERROR - Unexpected error handling file operations of gateio_api_perpetual_oi_btc: 'list' object has no attribute 'get'
2024-05-28 15:21:14,351 - ProcessCenter.ConsumerEngine - ERROR - Unexpected error handling file operations of binance_api_perpetual_inverse_gta_btc: Parse error at offset 8: The document root must not be followed by other values.
2024-05-28 15:21:14,353 - ProcessCenter.ConsumerEngine - ERROR - Unexpected error handling file operations of deribit_api_future_oifunding_btc: '@perpetual@deribit'
2024-05-28 15:21:14,354 - ProcessCenter.ConsumerEngine - ERROR - Unexpected error handling file operations of okx_api_perpetual_funding_btc: float() argument must be a string or a real number, not 'NoneType'
2024-05-28 15:21:14,356 - ProcessCenter.ConsumerEngine - ERROR - Unexpected error handling file operations of gateio_api_perpetual_funding_btc: gateio_on_message.gateio_api_perpetual_funding() missing 1 required positional argument: 'instrument'
2024-05-28 15:21:14,358 - ProcessCenter.ConsumerEngine - ERROR - Unexpected error handling file operations of gateio_api_perpetual_tta_btc: 'list' object has no attribute 'get'
2024-05-28 15:21:14,361 - ProcessCenter.ConsumerEngine - ERROR - Unexpected error handling file operations of bybit_api_perpetual_linear_funding_btc: bybit_on_message.bybit_api_fundperp_linear_inverse_perpetual_funding_future() missing 1 required positional argument: 'instrument'
2024-05-28 15:21:14,368 - ProcessCenter.ConsumerEngine - ERROR - Unexpected error handling file operations of gateio_api_perpetual_oi_btc: 'list' object has no attribute 'get'
2024-05-28 15:21:14,371 - ProcessCenter.ConsumerEngine - ERROR - Unexpected error handling file operations of binance_api_perpetual_inverse_gta_btc: Parse error at offset 8: The document root must not be followed by other values.
2024-05-28 15:21:14,373 - ProcessCenter.ConsumerEngine - ERROR - Unexpected error handling file operations of deribit_api_future_oifunding_btc: '@perpetual@deribit'
2024-05-28 15:21:14,374 - ProcessCenter.ConsumerEngine - ERROR - Unexpected error handling file operations of okx_api_perpetual_funding_btc: float() argument must be a string or a real number, not 'NoneType'
2024-05-28 15:21:14,376 - ProcessCenter.ConsumerEngine - ERROR - Unexpected error handling file operations of gateio_api_perpetual_funding_btc: gateio_on_message.gateio_api_perpetual_funding() missing 1 required positional argument: 'instrument'
2024-05-28 15:21:14,379 - ProcessCenter.ConsumerEngine - ERROR - Unexpected error handling file operations of gateio_api_perpetual_tta_btc: 'list' object has no attribute 'get'
2024-05-28 15:21:14,382 - ProcessCenter.ConsumerEngine - ERROR - Unexpected error handling file operations of bybit_api_perpetual_linear_funding_btc: bybit_on_message.bybit_api_fundperp_linear_inverse_perpetual_funding_future() missing 1 required positional argument: 'instrument'
2024-05-28 15:21:14,383 - ProcessCenter.ConsumerEngine - ERROR - Unexpected error handling file operations of gateio_api_perpetual_oi_btc: 'list' object has no attribute 'get'
2024-05-28 15:21:14,385 - ProcessCenter.ConsumerEngine - ERROR - Unexpected error handling file operations of binance_api_perpetual_inverse_gta_btc: Parse error at offset 8: The document root must not be followed by other values.
2024-05-28 15:21:14,386 - ProcessCenter.ConsumerEngine - ERROR - Unexpected error handling file operations of deribit_api_future_oifunding_btc: '@perpetual@deribit'
2024-05-28 15:21:14,389 - ProcessCenter.ConsumerEngine - ERROR - Unexpected error handling file operations of okx_api_perpetual_funding_btc: float() argument must be a string or a real number, not 'NoneType'
2024-05-28 15:21:14,391 - ProcessCenter.ConsumerEngine - ERROR - Unexpected error handling file operations of gateio_api_perpetual_funding_btc: gateio_on_message.gateio_api_perpetual_funding() missing 1 required positional argument: 'instrument'
2024-05-28 15:21:14,393 - ProcessCenter.ConsumerEngine - ERROR - Unexpected error handling file operations of gateio_api_perpetual_tta_btc: 'list' object has no attribute 'get'
2024-05-28 15:21:14,394 - ProcessCenter.ConsumerEngine - ERROR - Unexpected error handling file operations of bybit_api_perpetual_linear_funding_btc: bybit_on_message.bybit_api_fundperp_linear_inverse_perpetual_funding_future() missing 1 required positional argument: 'instrument'
2024-05-28 15:21:14,395 - ProcessCenter.ConsumerEngine - ERROR - Unexpected error handling file operations of gateio_api_perpetual_oi_btc: 'list' object has no attribute 'get'
2024-05-28 15:21:14,396 - ProcessCenter.ConsumerEngine - ERROR - Unexpected error handling file operations of binance_api_perpetual_inverse_gta_btc: Parse error at offset 8: The document root must not be followed by other values.
2024-05-28 15:21:14,398 - ProcessCenter.ConsumerEngine - ERROR - Unexpected error handling file operations of deribit_api_future_oifunding_btc: '@perpetual@deribit'
2024-05-28 15:21:14,399 - ProcessCenter.ConsumerEngine - ERROR - Unexpected error handling file operations of okx_api_perpetual_funding_btc: float() argument must be a string or a real number, not 'NoneType'
2024-05-28 15:21:14,400 - ProcessCenter.ConsumerEngine - ERROR - Unexpected error handling file operations of gateio_api_perpetual_funding_btc: gateio_on_message.gateio_api_perpetual_funding() missing 1 required positional argument: 'instrument'
2024-05-28 15:21:14,401 - ProcessCenter.ConsumerEngine - ERROR - Unexpected error handling file operations of gateio_api_perpetual_tta_btc: 'list' object has no attribute 'get'
2024-05-28 15:21:14,405 - ProcessCenter.ConsumerEngine - ERROR - Unexpected error handling file operations of bybit_api_perpetual_linear_funding_btc: bybit_on_message.bybit_api_fundperp_linear_inverse_perpetual_funding_future() missing 1 required positional argument: 'instrument'
2024-05-28 15:21:14,406 - ProcessCenter.ConsumerEngine - ERROR - Unexpected error handling file operations of gateio_api_perpetual_oi_btc: 'list' object has no attribute 'get'
2024-05-28 15:21:14,413 - ProcessCenter.ConsumerEngine - ERROR - Unexpected error handling file operations of binance_api_perpetual_inverse_gta_btc: Parse error at offset 15: The document root must not be followed by other values.
2024-05-28 15:21:14,415 - ProcessCenter.ConsumerEngine - ERROR - Unexpected error handling file operations of deribit_api_future_oifunding_btc: '@perpetual@deribit'
2024-05-28 15:21:14,416 - ProcessCenter.ConsumerEngine - ERROR - Unexpected error handling file operations of okx_api_perpetual_funding_btc: float() argument must be a string or a real number, not 'NoneType'
2024-05-28 15:21:14,418 - ProcessCenter.ConsumerEngine - ERROR - Unexpected error handling file operations of gateio_api_perpetual_funding_btc: gateio_on_message.gateio_api_perpetual_funding() missing 1 required positional argument: 'instrument'
2024-05-28 15:21:14,421 - ProcessCenter.ConsumerEngine - ERROR - Unexpected error handling file operations of gateio_api_perpetual_tta_btc: 'list' object has no attribute 'get'
2024-05-28 15:21:14,424 - ProcessCenter.ConsumerEngine - ERROR - Unexpected error handling file operations of bybit_api_perpetual_linear_funding_btc: bybit_on_message.bybit_api_fundperp_linear_inverse_perpetual_funding_future() missing 1 required positional argument: 'instrument'
2024-05-28 15:21:14,425 - ProcessCenter.ConsumerEngine - ERROR - Unexpected error handling file operations of gateio_api_perpetual_oi_btc: 'list' object has no attribute 'get'
2024-05-28 15:21:14,428 - ProcessCenter.ConsumerEngine - ERROR - Unexpected error handling file operations of binance_api_perpetual_inverse_gta_btc: Parse error at offset 8: The document root must not be followed by other values.
2024-05-28 15:21:14,429 - ProcessCenter.ConsumerEngine - ERROR - Unexpected error handling file operations of deribit_api_future_oifunding_btc: '@perpetual@deribit'
2024-05-28 15:21:14,430 - ProcessCenter.ConsumerEngine - ERROR - Unexpected error handling file operations of okx_api_perpetual_funding_btc: float() argument must be a string or a real number, not 'NoneType'
2024-05-28 15:21:14,432 - ProcessCenter.ConsumerEngine - ERROR - Unexpected error handling file operations of gateio_api_perpetual_funding_btc: gateio_on_message.gateio_api_perpetual_funding() missing 1 required positional argument: 'instrument'
2024-05-28 15:21:14,433 - ProcessCenter.ConsumerEngine - ERROR - Unexpected error handling file operations of gateio_api_perpetual_tta_btc: 'list' object has no attribute 'get'
2024-05-28 15:21:14,437 - ProcessCenter.ConsumerEngine - ERROR - Unexpected error handling file operations of bybit_api_perpetual_linear_funding_btc: bybit_on_message.bybit_api_fundperp_linear_inverse_perpetual_funding_future() missing 1 required positional argument: 'instrument'
2024-05-28 15:21:14,439 - ProcessCenter.ConsumerEngine - ERROR - Unexpected error handling file operations of gateio_api_perpetual_oi_btc: 'list' object has no attribute 'get'
2024-05-28 15:21:14,440 - ProcessCenter.ConsumerEngine - ERROR - Unexpected error handling file operations of binance_api_perpetual_inverse_gta_btc: Parse error at offset 8: The document root must not be followed by other values.
2024-05-28 15:21:14,442 - ProcessCenter.ConsumerEngine - ERROR - Unexpected error handling file operations of deribit_api_future_oifunding_btc: '@perpetual@deribit'
2024-05-28 15:21:14,443 - ProcessCenter.ConsumerEngine - ERROR - Unexpected error handling file operations of okx_api_perpetual_funding_btc: float() argument must be a string or a real number, not 'NoneType'
2024-05-28 15:21:14,446 - ProcessCenter.ConsumerEngine - ERROR - Unexpected error handling file operations of gateio_api_perpetual_funding_btc: gateio_on_message.gateio_api_perpetual_funding() missing 1 required positional argument: 'instrument'
2024-05-28 15:21:14,449 - ProcessCenter.ConsumerEngine - ERROR - Unexpected error handling file operations of gateio_api_perpetual_tta_btc: 'list' object has no attribute 'get'
2024-05-28 15:21:14,451 - ProcessCenter.ConsumerEngine - ERROR - Unexpected error handling file operations of bybit_api_perpetual_linear_funding_btc: bybit_on_message.bybit_api_fundperp_linear_inverse_perpetual_funding_future() missing 1 required positional argument: 'instrument'
2024-05-28 15:21:14,452 - ProcessCenter.ConsumerEngine - ERROR - Unexpected error handling file operations of gateio_api_perpetual_oi_btc: 'list' object has no attribute 'get'
2024-05-28 15:21:14,455 - ProcessCenter.ConsumerEngine - ERROR - Unexpected error handling file operations of binance_api_perpetual_inverse_gta_btc: Parse error at offset 8: The document root must not be followed by other values.
2024-05-28 15:21:14,456 - ProcessCenter.ConsumerEngine - ERROR - Unexpected error handling file operations of deribit_api_future_oifunding_btc: '@perpetual@deribit'
2024-05-28 15:21:14,457 - ProcessCenter.ConsumerEngine - ERROR - Unexpected error handling file operations of okx_api_perpetual_funding_btc: float() argument must be a string or a real number, not 'NoneType'
2024-05-28 15:21:14,462 - ProcessCenter.ConsumerEngine - ERROR - Unexpected error handling file operations of gateio_api_perpetual_funding_btc: gateio_on_message.gateio_api_perpetual_funding() missing 1 required positional argument: 'instrument'
2024-05-28 15:21:14,464 - ProcessCenter.ConsumerEngine - ERROR - Unexpected error handling file operations of gateio_api_perpetual_tta_btc: 'list' object has no attribute 'get'
2024-05-28 15:21:14,466 - ProcessCenter.ConsumerEngine - ERROR - Unexpected error handling file operations of bybit_api_perpetual_linear_funding_btc: bybit_on_message.bybit_api_fundperp_linear_inverse_perpetual_funding_future() missing 1 required positional argument: 'instrument'
2024-05-28 15:21:14,466 - ProcessCenter.ConsumerEngine - ERROR - Unexpected error handling file operations of gateio_api_perpetual_oi_btc: 'list' object has no attribute 'get'
2024-05-28 15:21:14,467 - ProcessCenter.ConsumerEngine - ERROR - Unexpected error handling file operations of binance_api_perpetual_inverse_gta_btc: Parse error at offset 15: The document root must not be followed by other values.
2024-05-28 15:21:14,468 - ProcessCenter.ConsumerEngine - ERROR - Unexpected error handling file operations of deribit_api_future_oifunding_btc: '@perpetual@deribit'
2024-05-28 15:21:14,470 - ProcessCenter.ConsumerEngine - ERROR - Unexpected error handling file operations of okx_api_perpetual_funding_btc: float() argument must be a string or a real number, not 'NoneType'
2024-05-28 15:21:14,471 - ProcessCenter.ConsumerEngine - ERROR - Unexpected error handling file operations of gateio_api_perpetual_funding_btc: gateio_on_message.gateio_api_perpetual_funding() missing 1 required positional argument: 'instrument'
2024-05-28 15:21:14,474 - ProcessCenter.ConsumerEngine - ERROR - Unexpected error handling file operations of gateio_api_perpetual_tta_btc: 'list' object has no attribute 'get'
2024-05-28 15:21:14,477 - ProcessCenter.ConsumerEngine - ERROR - Unexpected error handling file operations of bybit_api_perpetual_linear_funding_btc: bybit_on_message.bybit_api_fundperp_linear_inverse_perpetual_funding_future() missing 1 required positional argument: 'instrument'
2024-05-28 15:21:14,478 - ProcessCenter.ConsumerEngine - ERROR - Unexpected error handling file operations of gateio_api_perpetual_oi_btc: 'list' object has no attribute 'get'
2024-05-28 15:21:14,479 - ProcessCenter.ConsumerEngine - ERROR - Unexpected error handling file operations of binance_api_perpetual_inverse_gta_btc: Parse error at offset 13: The document root must not be followed by other values.
2024-05-28 15:21:14,480 - ProcessCenter.ConsumerEngine - ERROR - Unexpected error handling file operations of deribit_api_future_oifunding_btc: '@perpetual@deribit'
2024-05-28 15:21:14,482 - ProcessCenter.ConsumerEngine - ERROR - Unexpected error handling file operations of okx_api_perpetual_funding_btc: float() argument must be a string or a real number, not 'NoneType'
2024-05-28 15:21:14,483 - ProcessCenter.ConsumerEngine - ERROR - Unexpected error handling file operations of gateio_api_perpetual_funding_btc: gateio_on_message.gateio_api_perpetual_funding() missing 1 required positional argument: 'instrument'
2024-05-28 15:21:14,485 - ProcessCenter.ConsumerEngine - ERROR - Unexpected error handling file operations of gateio_api_perpetual_tta_btc: 'list' object has no attribute 'get'
2024-05-28 15:21:14,488 - ProcessCenter.ConsumerEngine - ERROR - Unexpected error handling file operations of bybit_api_perpetual_linear_funding_btc: bybit_on_message.bybit_api_fundperp_linear_inverse_perpetual_funding_future() missing 1 required positional argument: 'instrument'
2024-05-28 15:21:14,490 - ProcessCenter.ConsumerEngine - ERROR - Unexpected error handling file operations of gateio_api_perpetual_oi_btc: 'list' object has no attribute 'get'
2024-05-28 15:21:14,494 - ProcessCenter.ConsumerEngine - ERROR - Unexpected error handling file operations of binance_api_perpetual_inverse_gta_btc: Parse error at offset 8: The document root must not be followed by other values.
2024-05-28 15:21:14,495 - ProcessCenter.ConsumerEngine - ERROR - Unexpected error handling file operations of deribit_api_future_oifunding_btc: '@perpetual@deribit'
2024-05-28 15:21:14,496 - ProcessCenter.ConsumerEngine - ERROR - Unexpected error handling file operations of okx_api_perpetual_funding_btc: float() argument must be a string or a real number, not 'NoneType'
2024-05-28 15:21:14,498 - ProcessCenter.ConsumerEngine - ERROR - Unexpected error handling file operations of gateio_api_perpetual_funding_btc: gateio_on_message.gateio_api_perpetual_funding() missing 1 required positional argument: 'instrument'
2024-05-28 15:21:14,501 - ProcessCenter.ConsumerEngine - ERROR - Unexpected error handling file operations of gateio_api_perpetual_tta_btc: 'list' object has no attribute 'get'
2024-05-28 15:21:14,504 - ProcessCenter.ConsumerEngine - ERROR - Unexpected error handling file operations of bybit_api_perpetual_linear_funding_btc: bybit_on_message.bybit_api_fundperp_linear_inverse_perpetual_funding_future() missing 1 required positional argument: 'instrument'
2024-05-28 15:21:14,505 - ProcessCenter.ConsumerEngine - ERROR - Unexpected error handling file operations of gateio_api_perpetual_oi_btc: 'list' object has no attribute 'get'
2024-05-28 15:21:14,507 - ProcessCenter.ConsumerEngine - ERROR - Unexpected error handling file operations of binance_api_perpetual_inverse_gta_btc: Parse error at offset 13: The document root must not be followed by other values.
2024-05-28 15:21:14,509 - ProcessCenter.ConsumerEngine - ERROR - Unexpected error handling file operations of deribit_api_future_oifunding_btc: '@perpetual@deribit'
2024-05-28 15:21:14,512 - ProcessCenter.ConsumerEngine - ERROR - Unexpected error handling file operations of okx_api_perpetual_funding_btc: float() argument must be a string or a real number, not 'NoneType'
2024-05-28 15:21:14,513 - ProcessCenter.ConsumerEngine - ERROR - Unexpected error handling file operations of gateio_api_perpetual_funding_btc: gateio_on_message.gateio_api_perpetual_funding() missing 1 required positional argument: 'instrument'
2024-05-28 15:21:14,518 - ProcessCenter.ConsumerEngine - ERROR - Unexpected error handling file operations of gateio_api_perpetual_tta_btc: 'list' object has no attribute 'get'
2024-05-28 15:21:14,523 - ProcessCenter.ConsumerEngine - ERROR - Unexpected error handling file operations of bybit_api_perpetual_linear_funding_btc: bybit_on_message.bybit_api_fundperp_linear_inverse_perpetual_funding_future() missing 1 required positional argument: 'instrument'
2024-05-28 15:21:14,524 - ProcessCenter.ConsumerEngine - ERROR - Unexpected error handling file operations of gateio_api_perpetual_oi_btc: 'list' object has no attribute 'get'
2024-05-28 15:21:14,526 - ProcessCenter.ConsumerEngine - ERROR - Unexpected error handling file operations of binance_api_perpetual_inverse_gta_btc: Parse error at offset 8: The document root must not be followed by other values.
2024-05-28 15:21:14,528 - ProcessCenter.ConsumerEngine - ERROR - Unexpected error handling file operations of deribit_api_future_oifunding_btc: '@perpetual@deribit'
2024-05-28 15:21:14,529 - ProcessCenter.ConsumerEngine - ERROR - Unexpected error handling file operations of okx_api_perpetual_funding_btc: float() argument must be a string or a real number, not 'NoneType'
2024-05-28 15:21:14,531 - ProcessCenter.ConsumerEngine - ERROR - Unexpected error handling file operations of gateio_api_perpetual_funding_btc: gateio_on_message.gateio_api_perpetual_funding() missing 1 required positional argument: 'instrument'
2024-05-28 15:21:14,533 - ProcessCenter.ConsumerEngine - ERROR - Unexpected error handling file operations of gateio_api_perpetual_tta_btc: 'list' object has no attribute 'get'
2024-05-28 15:21:14,537 - ProcessCenter.ConsumerEngine - ERROR - Unexpected error handling file operations of bybit_api_perpetual_linear_funding_btc: bybit_on_message.bybit_api_fundperp_linear_inverse_perpetual_funding_future() missing 1 required positional argument: 'instrument'
2024-05-28 15:21:14,538 - ProcessCenter.ConsumerEngine - ERROR - Unexpected error handling file operations of gateio_api_perpetual_oi_btc: 'list' object has no attribute 'get'
2024-05-28 15:21:14,539 - ProcessCenter.ConsumerEngine - ERROR - Unexpected error handling file operations of binance_api_perpetual_inverse_gta_btc: Parse error at offset 8: The document root must not be followed by other values.
2024-05-28 15:21:14,541 - ProcessCenter.ConsumerEngine - ERROR - Unexpected error handling file operations of deribit_api_future_oifunding_btc: '@perpetual@deribit'
2024-05-28 15:21:14,542 - ProcessCenter.ConsumerEngine - ERROR - Unexpected error handling file operations of okx_api_perpetual_funding_btc: float() argument must be a string or a real number, not 'NoneType'
2024-05-28 15:21:14,543 - ProcessCenter.ConsumerEngine - ERROR - Unexpected error handling file operations of gateio_api_perpetual_funding_btc: gateio_on_message.gateio_api_perpetual_funding() missing 1 required positional argument: 'instrument'
2024-05-28 15:21:14,546 - ProcessCenter.ConsumerEngine - ERROR - Unexpected error handling file operations of gateio_api_perpetual_tta_btc: 'list' object has no attribute 'get'
2024-05-28 15:21:14,548 - ProcessCenter.ConsumerEngine - ERROR - Unexpected error handling file operations of bybit_api_perpetual_linear_funding_btc: bybit_on_message.bybit_api_fundperp_linear_inverse_perpetual_funding_future() missing 1 required positional argument: 'instrument'
2024-05-28 15:21:14,560 - ProcessCenter.ConsumerEngine - ERROR - Unexpected error handling file operations of gateio_api_perpetual_oi_btc: 'list' object has no attribute 'get'
2024-05-28 15:21:14,623 - ProcessCenter.ConsumerEngine - ERROR - Unexpected error handling file operations of binance_api_perpetual_inverse_gta_btc: Parse error at offset 8: The document root must not be followed by other values.
2024-05-28 15:21:14,625 - ProcessCenter.ConsumerEngine - ERROR - Unexpected error handling file operations of deribit_api_future_oifunding_btc: '@perpetual@deribit'
2024-05-28 15:21:14,626 - ProcessCenter.ConsumerEngine - ERROR - Unexpected error handling file operations of okx_api_perpetual_funding_btc: float() argument must be a string or a real number, not 'NoneType'
2024-05-28 15:21:14,627 - ProcessCenter.ConsumerEngine - ERROR - Unexpected error handling file operations of gateio_api_perpetual_funding_btc: gateio_on_message.gateio_api_perpetual_funding() missing 1 required positional argument: 'instrument'
2024-05-28 15:21:14,630 - ProcessCenter.ConsumerEngine - ERROR - Unexpected error handling file operations of gateio_api_perpetual_tta_btc: 'list' object has no attribute 'get'
2024-05-28 15:21:14,633 - ProcessCenter.ConsumerEngine - ERROR - Unexpected error handling file operations of bybit_api_perpetual_linear_funding_btc: bybit_on_message.bybit_api_fundperp_linear_inverse_perpetual_funding_future() missing 1 required positional argument: 'instrument'
2024-05-28 15:21:14,633 - ProcessCenter.ConsumerEngine - ERROR - Unexpected error handling file operations of gateio_api_perpetual_oi_btc: 'list' object has no attribute 'get'
2024-05-28 15:21:14,636 - ProcessCenter.ConsumerEngine - ERROR - Unexpected error handling file operations of binance_api_perpetual_inverse_gta_btc: Parse error at offset 8: The document root must not be followed by other values.
2024-05-28 15:21:14,637 - ProcessCenter.ConsumerEngine - ERROR - Unexpected error handling file operations of deribit_api_future_oifunding_btc: '@perpetual@deribit'
2024-05-28 15:21:14,638 - ProcessCenter.ConsumerEngine - ERROR - Unexpected error handling file operations of okx_api_perpetual_funding_btc: float() argument must be a string or a real number, not 'NoneType'
2024-05-28 15:21:14,640 - ProcessCenter.ConsumerEngine - ERROR - Unexpected error handling file operations of gateio_api_perpetual_funding_btc: gateio_on_message.gateio_api_perpetual_funding() missing 1 required positional argument: 'instrument'
2024-05-28 15:21:14,642 - ProcessCenter.ConsumerEngine - ERROR - Unexpected error handling file operations of gateio_api_perpetual_tta_btc: 'list' object has no attribute 'get'
2024-05-28 15:21:14,644 - ProcessCenter.ConsumerEngine - ERROR - Unexpected error handling file operations of bybit_api_perpetual_linear_funding_btc: bybit_on_message.bybit_api_fundperp_linear_inverse_perpetual_funding_future() missing 1 required positional argument: 'instrument'
2024-05-28 15:21:14,645 - ProcessCenter.ConsumerEngine - ERROR - Unexpected error handling file operations of gateio_api_perpetual_oi_btc: 'list' object has no attribute 'get'
2024-05-28 15:21:14,646 - ProcessCenter.ConsumerEngine - ERROR - Unexpected error handling file operations of binance_api_perpetual_inverse_gta_btc: Parse error at offset 8: The document root must not be followed by other values.
2024-05-28 15:21:14,647 - ProcessCenter.ConsumerEngine - ERROR - Unexpected error handling file operations of deribit_api_future_oifunding_btc: '@perpetual@deribit'
2024-05-28 15:21:14,648 - ProcessCenter.ConsumerEngine - ERROR - Unexpected error handling file operations of okx_api_perpetual_funding_btc: float() argument must be a string or a real number, not 'NoneType'
2024-05-28 15:21:14,650 - ProcessCenter.ConsumerEngine - ERROR - Unexpected error handling file operations of gateio_api_perpetual_funding_btc: gateio_on_message.gateio_api_perpetual_funding() missing 1 required positional argument: 'instrument'
2024-05-28 15:21:14,651 - ProcessCenter.ConsumerEngine - ERROR - Unexpected error handling file operations of gateio_api_perpetual_tta_btc: 'list' object has no attribute 'get'
2024-05-28 15:21:14,653 - ProcessCenter.ConsumerEngine - ERROR - Unexpected error handling file operations of bybit_api_perpetual_linear_funding_btc: bybit_on_message.bybit_api_fundperp_linear_inverse_perpetual_funding_future() missing 1 required positional argument: 'instrument'
2024-05-28 15:21:14,655 - ProcessCenter.ConsumerEngine - ERROR - Unexpected error handling file operations of gateio_api_perpetual_oi_btc: 'list' object has no attribute 'get'
2024-05-28 15:21:14,656 - ProcessCenter.ConsumerEngine - ERROR - Unexpected error handling file operations of binance_api_perpetual_inverse_gta_btc: Parse error at offset 8: The document root must not be followed by other values.
2024-05-28 15:21:15,997 - ProcessCenter.ConsumerEngine - ERROR - Unexpected error handling file operations of deribit_api_future_oifunding_btc: '@perpetual@deribit'
2024-05-28 15:21:16,019 - ProcessCenter.ConsumerEngine - ERROR - Unexpected error handling file operations of bitget_api_perpetual_funding_BTC: list index out of range
2024-05-28 15:21:16,107 - ProcessCenter.ConsumerEngine - ERROR - Unexpected error handling file operations of okx_api_perpetual_funding_btc: float() argument must be a string or a real number, not 'NoneType'
2024-05-28 15:21:16,306 - ProcessCenter.ConsumerEngine - ERROR - Unexpected error handling file operations of gateio_api_perpetual_funding_btc: gateio_on_message.gateio_api_perpetual_funding() missing 1 required positional argument: 'instrument'
2024-05-28 15:21:16,878 - ProcessCenter.ConsumerEngine - ERROR - Unexpected error handling file operations of bitget_api_perpetual_funding_BTC: list index out of range
2024-05-28 15:21:16,897 - ProcessCenter.ConsumerEngine - ERROR - Unexpected error handling file operations of bitget_api_perpetual_funding_BTC: list index out of range
2024-05-28 15:21:16,920 - ProcessCenter.ConsumerEngine - ERROR - Unexpected error handling file operations of gateio_api_perpetual_tta_btc: 'list' object has no attribute 'get'
2024-05-28 15:21:17,515 - ProcessCenter.ConsumerEngine - ERROR - Unexpected error handling file operations of binance_api_perpetual_inverse_oi_btc: 'NoneType' object has no attribute 'split'
2024-05-28 15:21:17,516 - ProcessCenter.ConsumerEngine - ERROR - Unexpected error handling file operations of binance_api_perpetual_inverse_oi_btc: 'NoneType' object has no attribute 'split'
2024-05-28 15:21:17,529 - ProcessCenter.ConsumerEngine - ERROR - Unexpected error handling file operations of binance_api_perpetual_inverse_oi_btc: 'NoneType' object has no attribute 'split'
2024-05-28 15:21:17,687 - ProcessCenter.ConsumerEngine - ERROR - Unexpected error handling file operations of bybit_api_perpetual_linear_funding_btc: bybit_on_message.bybit_api_fundperp_linear_inverse_perpetual_funding_future() missing 1 required positional argument: 'instrument'
2024-05-28 15:21:17,805 - ProcessCenter.ConsumerEngine - ERROR - Unexpected error handling file operations of gateio_api_perpetual_oi_btc: 'list' object has no attribute 'get'
2024-05-28 15:21:18,686 - ProcessCenter.ConsumerEngine - ERROR - Unexpected error handling file operations of binance_api_perpetual_inverse_gta_btc: Parse error at offset 13: The document root must not be followed by other values.
2024-05-28 15:21:18,847 - ProcessCenter.ConsumerEngine - ERROR - Unexpected error handling file operations of deribit_api_future_oifunding_btc: '@perpetual@deribit'
2024-05-28 15:21:18,916 - ProcessCenter.ConsumerEngine - ERROR - Unexpected error handling file operations of bitget_api_perpetual_funding_BTC: list index out of range
2024-05-28 15:21:19,411 - ProcessCenter.ConsumerEngine - ERROR - Unexpected error handling file operations of okx_api_perpetual_funding_btc: float() argument must be a string or a real number, not 'NoneType'
2024-05-28 15:21:19,952 - ProcessCenter.ConsumerEngine - ERROR - Unexpected error handling file operations of bitget_api_perpetual_funding_BTC: list index out of range
2024-05-28 15:21:20,637 - ProcessCenter.ConsumerEngine - ERROR - Unexpected error handling file operations of gateio_api_perpetual_funding_btc: gateio_on_message.gateio_api_perpetual_funding() missing 1 required positional argument: 'instrument'
2024-05-28 15:21:21,277 - ProcessCenter.ConsumerEngine - ERROR - Unexpected error handling file operations of bitget_api_perpetual_funding_BTC: list index out of range
2024-05-28 15:21:21,332 - ProcessCenter.ConsumerEngine - ERROR - Unexpected error handling file operations of gateio_api_perpetual_tta_btc: 'list' object has no attribute 'get'
2024-05-28 15:21:22,101 - ProcessCenter.ConsumerEngine - ERROR - Unexpected error handling file operations of bitget_api_perpetual_funding_BTC: list index out of range
2024-05-28 15:21:22,584 - ProcessCenter.ConsumerEngine - ERROR - Unexpected error handling file operations of bybit_api_perpetual_linear_funding_btc: bybit_on_message.bybit_api_fundperp_linear_inverse_perpetual_funding_future() missing 1 required positional argument: 'instrument'
2024-05-28 15:21:22,730 - ProcessCenter.ConsumerEngine - ERROR - Unexpected error handling file operations of gateio_api_perpetual_oi_btc: 'list' object has no attribute 'get'
2024-05-28 15:21:22,857 - ProcessCenter.ConsumerEngine - ERROR - Unexpected error handling file operations of binance_api_perpetual_inverse_oi_btc: 'NoneType' object has no attribute 'split'
2024-05-28 15:21:22,986 - ProcessCenter.ConsumerEngine - ERROR - Unexpected error handling file operations of binance_api_perpetual_inverse_gta_btc: Parse error at offset 8: The document root must not be followed by other values.
2024-05-28 15:21:23,007 - ProcessCenter.ConsumerEngine - ERROR - Unexpected error handling file operations of deribit_api_future_oifunding_btc: '@perpetual@deribit'
2024-05-28 15:21:23,341 - ProcessCenter.ConsumerEngine - ERROR - Unexpected error handling file operations of bitget_api_perpetual_funding_BTC: list index out of range
2024-05-28 15:21:23,397 - ProcessCenter.ConsumerEngine - ERROR - Unexpected error handling file operations of okx_api_perpetual_funding_btc: float() argument must be a string or a real number, not 'NoneType'
2024-05-28 15:21:23,848 - ProcessCenter.ConsumerEngine - ERROR - Unexpected error handling file operations of gateio_api_perpetual_funding_btc: gateio_on_message.gateio_api_perpetual_funding() missing 1 required positional argument: 'instrument'
2024-05-28 15:21:23,854 - ProcessCenter.ConsumerEngine - ERROR - Unexpected error handling file operations of bitget_api_perpetual_funding_BTC: list index out of range
2024-05-28 15:21:25,025 - ProcessCenter.ConsumerEngine - ERROR - Unexpected error handling file operations of gateio_api_perpetual_tta_btc: 'list' object has no attribute 'get'
2024-05-28 15:21:25,047 - ProcessCenter.ConsumerEngine - ERROR - Unexpected error handling file operations of bybit_api_perpetual_linear_funding_btc: bybit_on_message.bybit_api_fundperp_linear_inverse_perpetual_funding_future() missing 1 required positional argument: 'instrument'
2024-05-28 15:21:25,051 - ProcessCenter.ConsumerEngine - ERROR - Unexpected error handling file operations of gateio_api_perpetual_oi_btc: 'list' object has no attribute 'get'
2024-05-28 15:21:25,239 - ProcessCenter.ConsumerEngine - ERROR - Unexpected error handling file operations of bitget_api_perpetual_funding_BTC: list index out of range
2024-05-28 15:21:25,262 - ProcessCenter.ConsumerEngine - ERROR - Unexpected error handling file operations of binance_api_perpetual_inverse_gta_btc: Parse error at offset 8: The document root must not be followed by other values.
2024-05-28 15:21:25,309 - ProcessCenter.ConsumerEngine - ERROR - Unexpected error handling file operations of deribit_api_future_oifunding_btc: '@perpetual@deribit'
2024-05-28 15:21:25,385 - ProcessCenter.ConsumerEngine - ERROR - Unexpected error handling file operations of okx_api_perpetual_funding_btc: float() argument must be a string or a real number, not 'NoneType'
2024-05-28 15:21:25,504 - ProcessCenter.ConsumerEngine - ERROR - Unexpected error handling file operations of gateio_api_perpetual_funding_btc: gateio_on_message.gateio_api_perpetual_funding() missing 1 required positional argument: 'instrument'
2024-05-28 15:21:25,528 - ProcessCenter.ConsumerEngine - ERROR - Unexpected error handling file operations of bitget_api_perpetual_funding_BTC: list index out of range
2024-05-28 15:21:25,550 - ProcessCenter.ConsumerEngine - ERROR - Unexpected error handling file operations of bitget_api_perpetual_funding_BTC: list index out of range
2024-05-28 15:21:25,677 - ProcessCenter.ConsumerEngine - ERROR - Unexpected error handling file operations of gateio_api_perpetual_tta_btc: 'list' object has no attribute 'get'
2024-05-28 15:21:25,678 - ProcessCenter.ConsumerEngine - ERROR - Unexpected error handling file operations of bitget_api_perpetual_funding_BTC: list index out of range
2024-05-28 15:21:25,694 - ProcessCenter.ConsumerEngine - ERROR - Unexpected error handling file operations of bybit_api_perpetual_linear_funding_btc: bybit_on_message.bybit_api_fundperp_linear_inverse_perpetual_funding_future() missing 1 required positional argument: 'instrument'
2024-05-28 15:21:25,769 - ProcessCenter.ConsumerEngine - ERROR - Unexpected error handling file operations of gateio_api_perpetual_oi_btc: 'list' object has no attribute 'get'
2024-05-28 15:21:25,976 - ProcessCenter.ConsumerEngine - ERROR - Unexpected error handling file operations of binance_api_perpetual_inverse_gta_btc: Parse error at offset 8: The document root must not be followed by other values.
2024-05-28 15:21:26,103 - ProcessCenter.ConsumerEngine - ERROR - Unexpected error handling file operations of deribit_api_future_oifunding_btc: '@perpetual@deribit'
2024-05-28 15:21:26,248 - ProcessCenter.ConsumerEngine - ERROR - Unexpected error handling file operations of okx_api_perpetual_funding_btc: float() argument must be a string or a real number, not 'NoneType'
2024-05-28 15:21:26,668 - ProcessCenter.ConsumerEngine - ERROR - Unexpected error handling file operations of gateio_api_perpetual_funding_btc: gateio_on_message.gateio_api_perpetual_funding() missing 1 required positional argument: 'instrument'
2024-05-28 15:21:27,013 - ProcessCenter.ConsumerEngine - ERROR - Unexpected error handling file operations of gateio_api_perpetual_tta_btc: 'list' object has no attribute 'get'
2024-05-28 15:21:27,018 - ProcessCenter.ConsumerEngine - ERROR - Unexpected error handling file operations of bybit_api_perpetual_linear_funding_btc: bybit_on_message.bybit_api_fundperp_linear_inverse_perpetual_funding_future() missing 1 required positional argument: 'instrument'
2024-05-28 15:21:27,024 - ProcessCenter.ConsumerEngine - ERROR - Unexpected error handling file operations of gateio_api_perpetual_oi_btc: 'list' object has no attribute 'get'
2024-05-28 15:21:27,033 - ProcessCenter.ConsumerEngine - ERROR - Unexpected error handling file operations of binance_api_perpetual_inverse_gta_btc: Parse error at offset 8: The document root must not be followed by other values.
2024-05-28 15:21:27,149 - ProcessCenter.ConsumerEngine - ERROR - Unexpected error handling file operations of deribit_api_future_oifunding_btc: '@perpetual@deribit'
2024-05-28 15:21:27,228 - ProcessCenter.ConsumerEngine - INFO - [^-StreamApp]: Stopping...
2024-05-28 15:21:27,249 - ProcessCenter.ConsumerEngine - INFO - [^-StreamApp]: Wait for streams...
2024-05-28 15:21:27,360 - ProcessCenter.ConsumerEngine - INFO - [^-StreamApp]: Flush producer buffer...
2024-05-28 15:21:27,399 - ProcessCenter.ConsumerEngine - DEBUG - [^-StreamApp]: Shutting down...
2024-05-28 15:21:27,399 - ProcessCenter.ConsumerEngine - DEBUG - [^-StreamApp]: -Stopped!
2024-05-29 14:17:25,945 - ProcessCenter.ConsumerEngine - INFO - [^-StreamApp]: Starting...
2024-05-29 14:17:27,197 - ProcessCenter.ConsumerEngine - DEBUG - [^-StreamApp]: Started.
2024-05-29 14:17:39,890 - ProcessCenter.ConsumerEngine - INFO - [^-StreamApp]: Stopping...
2024-05-29 14:17:39,892 - ProcessCenter.ConsumerEngine - INFO - [^-StreamApp]: Wait for streams...
2024-05-29 14:17:39,900 - ProcessCenter.ConsumerEngine - INFO - [^-StreamApp]: Flush producer buffer...
2024-05-29 14:17:39,956 - ProcessCenter.ConsumerEngine - DEBUG - [^-StreamApp]: Shutting down...
2024-05-29 14:17:39,957 - ProcessCenter.ConsumerEngine - DEBUG - [^-StreamApp]: -Stopped!
2024-05-29 14:17:44,270 - ProcessCenter.ConsumerEngine - INFO - [^-StreamApp]: Starting...
2024-05-29 14:17:45,356 - ProcessCenter.ConsumerEngine - DEBUG - [^-StreamApp]: Started.
2024-05-29 14:18:28,440 - ProcessCenter.ConsumerEngine - INFO - [^-StreamApp]: Stopping...
2024-05-29 14:18:28,442 - ProcessCenter.ConsumerEngine - INFO - [^-StreamApp]: Wait for streams...
2024-05-29 14:18:28,448 - ProcessCenter.ConsumerEngine - INFO - [^-StreamApp]: Flush producer buffer...
2024-05-29 14:18:28,479 - ProcessCenter.ConsumerEngine - DEBUG - [^-StreamApp]: Shutting down...
2024-05-29 14:18:28,479 - ProcessCenter.ConsumerEngine - DEBUG - [^-StreamApp]: -Stopped!
2024-05-29 14:19:41,094 - ProcessCenter.ConsumerEngine - INFO - [^-StreamApp]: Starting...
2024-05-29 14:19:42,212 - ProcessCenter.ConsumerEngine - DEBUG - [^-StreamApp]: Started.
2024-05-29 14:20:59,143 - ProcessCenter.ConsumerEngine - INFO - [^-StreamApp]: Stopping...
2024-05-29 14:20:59,145 - ProcessCenter.ConsumerEngine - INFO - [^-StreamApp]: Wait for streams...
2024-05-29 14:20:59,149 - ProcessCenter.ConsumerEngine - INFO - [^-StreamApp]: Flush producer buffer...
2024-05-29 14:20:59,183 - ProcessCenter.ConsumerEngine - DEBUG - [^-StreamApp]: Shutting down...
2024-05-29 14:20:59,183 - ProcessCenter.ConsumerEngine - DEBUG - [^-StreamApp]: -Stopped!
