2024-05-14 21:57:38,836 - OriginHub.SupplyEngine - INFO - Exception raised while creating topics 'coroutine' object is not iterable
2024-05-14 21:57:51,624 - OriginHub.SupplyEngine - INFO - Exception raised while creating topics 'coroutine' object is not iterable
2024-05-15 07:40:28,874 - OriginHub.SupplyEngine - INFO - Topic already exists, skipping to the next iteration... KafkaError{code=TOPIC_ALREADY_EXISTS,val=36,str="Topic 'binance_api_perpetual_inverse_funding_btcfundperp' already exists."}
2024-05-15 07:40:28,874 - OriginHub.SupplyEngine - INFO - Topic already exists, skipping to the next iteration... KafkaError{code=TOPIC_ALREADY_EXISTS,val=36,str="Topic 'binance_api_perpetual_inverse_oi_btcoifutureperp' already exists."}
2024-05-15 07:40:28,875 - OriginHub.SupplyEngine - INFO - Topic already exists, skipping to the next iteration... KafkaError{code=TOPIC_ALREADY_EXISTS,val=36,str="Topic 'binance_api_perpetual_inverse_gta_btcposfutureperp' already exists."}
2024-05-15 07:40:28,875 - OriginHub.SupplyEngine - INFO - Topic already exists, skipping to the next iteration... KafkaError{code=TOPIC_ALREADY_EXISTS,val=36,str="Topic 'binance_api_option_option_oi_btcoioption' already exists."}
2024-05-15 07:48:05,437 - OriginHub.SupplyEngine - INFO - Topic already exists, skipping to the next iteration... KafkaError{code=TOPIC_ALREADY_EXISTS,val=36,str="Topic 'binance_api_perpetual_inverse_funding_btcfundperp' already exists."}
2024-05-15 07:48:05,438 - OriginHub.SupplyEngine - INFO - Topic already exists, skipping to the next iteration... KafkaError{code=TOPIC_ALREADY_EXISTS,val=36,str="Topic 'binance_api_perpetual_inverse_oi_btcoifutureperp' already exists."}
2024-05-15 07:48:05,438 - OriginHub.SupplyEngine - INFO - Topic already exists, skipping to the next iteration... KafkaError{code=TOPIC_ALREADY_EXISTS,val=36,str="Topic 'binance_api_perpetual_inverse_gta_btcposfutureperp' already exists."}
2024-05-15 07:48:05,438 - OriginHub.SupplyEngine - INFO - Topic already exists, skipping to the next iteration... KafkaError{code=TOPIC_ALREADY_EXISTS,val=36,str="Topic 'binance_api_option_option_oi_btcoioption' already exists."}
2024-05-15 07:49:05,995 - OriginHub.SupplyEngine - INFO - Topic already exists, skipping to the next iteration... KafkaError{code=TOPIC_ALREADY_EXISTS,val=36,str="Topic 'binance_api_perpetual_inverse_funding_btcfundperp' already exists."}
2024-05-15 07:49:05,996 - OriginHub.SupplyEngine - INFO - Topic already exists, skipping to the next iteration... KafkaError{code=TOPIC_ALREADY_EXISTS,val=36,str="Topic 'binance_api_perpetual_inverse_oi_btcoifutureperp' already exists."}
2024-05-15 07:49:05,996 - OriginHub.SupplyEngine - INFO - Topic already exists, skipping to the next iteration... KafkaError{code=TOPIC_ALREADY_EXISTS,val=36,str="Topic 'binance_api_perpetual_inverse_gta_btcposfutureperp' already exists."}
2024-05-15 07:49:05,996 - OriginHub.SupplyEngine - INFO - Topic already exists, skipping to the next iteration... KafkaError{code=TOPIC_ALREADY_EXISTS,val=36,str="Topic 'binance_api_option_option_oi_btcoioption' already exists."}
2024-05-15 07:50:21,383 - OriginHub.SupplyEngine - INFO - Topic already exists, skipping to the next iteration... KafkaError{code=TOPIC_ALREADY_EXISTS,val=36,str="Topic 'bybit_api_option_option_oioption_btc' already exists."}
2024-05-15 07:51:54,677 - OriginHub.SupplyEngine - INFO - Topic already exists, skipping to the next iteration... KafkaError{code=TOPIC_ALREADY_EXISTS,val=36,str="Topic 'binance_api_perpetual_inverse_funding_btcfundperp' already exists."}
2024-05-15 07:51:54,677 - OriginHub.SupplyEngine - INFO - Topic already exists, skipping to the next iteration... KafkaError{code=TOPIC_ALREADY_EXISTS,val=36,str="Topic 'binance_api_perpetual_inverse_oi_btcoifutureperp' already exists."}
2024-05-15 07:51:54,677 - OriginHub.SupplyEngine - INFO - Topic already exists, skipping to the next iteration... KafkaError{code=TOPIC_ALREADY_EXISTS,val=36,str="Topic 'binance_api_perpetual_inverse_gta_btcposfutureperp' already exists."}
2024-05-15 07:51:54,677 - OriginHub.SupplyEngine - INFO - Topic already exists, skipping to the next iteration... KafkaError{code=TOPIC_ALREADY_EXISTS,val=36,str="Topic 'binance_api_option_option_oi_btcoioption' already exists."}
2024-05-15 07:51:54,678 - OriginHub.SupplyEngine - INFO - Topic already exists, skipping to the next iteration... KafkaError{code=TOPIC_ALREADY_EXISTS,val=36,str="Topic 'bybit_api_option_option_oioption_btc' already exists."}
2024-05-15 07:57:07,787 - OriginHub.SupplyEngine - INFO - Topic already exists, skipping to the next iteration... KafkaError{code=TOPIC_ALREADY_EXISTS,val=36,str="Topic 'binance_api_perpetual_inverse_funding_btcfundperp' already exists."}
2024-05-15 07:57:07,788 - OriginHub.SupplyEngine - INFO - Topic already exists, skipping to the next iteration... KafkaError{code=TOPIC_ALREADY_EXISTS,val=36,str="Topic 'binance_api_perpetual_inverse_oi_btcoifutureperp' already exists."}
2024-05-15 07:57:07,788 - OriginHub.SupplyEngine - INFO - Topic already exists, skipping to the next iteration... KafkaError{code=TOPIC_ALREADY_EXISTS,val=36,str="Topic 'binance_api_perpetual_inverse_gta_btcposfutureperp' already exists."}
2024-05-15 07:57:07,788 - OriginHub.SupplyEngine - INFO - Topic already exists, skipping to the next iteration... KafkaError{code=TOPIC_ALREADY_EXISTS,val=36,str="Topic 'binance_api_option_option_oi_btcoioption' already exists."}
2024-05-15 07:57:07,788 - OriginHub.SupplyEngine - INFO - Topic already exists, skipping to the next iteration... KafkaError{code=TOPIC_ALREADY_EXISTS,val=36,str="Topic 'bybit_api_option_option_oioption_btc' already exists."}
2024-05-15 07:57:40,647 - OriginHub.SupplyEngine - INFO - Topic already exists, skipping to the next iteration... KafkaError{code=TOPIC_ALREADY_EXISTS,val=36,str="Topic 'binance_api_option_option_oi_btcoioption' already exists."}
2024-05-15 07:58:10,524 - OriginHub.SupplyEngine - INFO - Topic already exists, skipping to the next iteration... KafkaError{code=TOPIC_ALREADY_EXISTS,val=36,str="Topic 'binance_api_option_option_oi_btcoioption' already exists."}
2024-05-15 08:04:17,195 - OriginHub.SupplyEngine - INFO - Topic already exists, skipping to the next iteration... KafkaError{code=TOPIC_ALREADY_EXISTS,val=36,str="Topic 'binance_api_option_option_oi_btcoioption' already exists."}
2024-05-15 08:05:12,043 - OriginHub.SupplyEngine - INFO - Topic already exists, skipping to the next iteration... KafkaError{code=TOPIC_ALREADY_EXISTS,val=36,str="Topic 'binance_api_option_option_oi_btcoioption' already exists."}
2024-05-15 08:07:15,044 - OriginHub.SupplyEngine - INFO - Topic already exists, skipping to the next iteration... KafkaError{code=TOPIC_ALREADY_EXISTS,val=36,str="Topic 'binance_api_option_option_oi_btcoioption' already exists."}
2024-05-15 08:13:16,669 - OriginHub.SupplyEngine - INFO - Topic already exists, skipping to the next iteration... KafkaError{code=TOPIC_ALREADY_EXISTS,val=36,str="Topic 'binance_api_option_option_oi_btcoioption' already exists."}
2024-05-15 08:24:16,997 - OriginHub.SupplyEngine - INFO - Topic already exists, skipping to the next iteration... KafkaError{code=TOPIC_ALREADY_EXISTS,val=36,str="Topic 'binance_api_option_option_oi_btcoioption' already exists."}
2024-05-15 08:26:49,501 - OriginHub.SupplyEngine - INFO - Topic already exists, skipping to the next iteration... KafkaError{code=TOPIC_ALREADY_EXISTS,val=36,str="Topic 'binance_api_option_option_oi_btcoioption' already exists."}
2024-05-15 08:27:48,801 - OriginHub.SupplyEngine - INFO - Topic already exists, skipping to the next iteration... KafkaError{code=TOPIC_ALREADY_EXISTS,val=36,str="Topic 'binance_api_option_option_oi_btcoioption' already exists."}
2024-05-15 08:29:02,405 - OriginHub.SupplyEngine - INFO - Topic already exists, skipping to the next iteration... KafkaError{code=TOPIC_ALREADY_EXISTS,val=36,str="Topic 'binance_api_option_option_oi_btcoioption' already exists."}
2024-05-15 09:39:15,424 - OriginHub.SupplyEngine - INFO - Topic already exists, skipping to the next iteration... KafkaError{code=TOPIC_ALREADY_EXISTS,val=36,str="Topic 'binance_api_option_option_oi_btcoioption' already exists."}
2024-05-15 09:40:20,568 - OriginHub.SupplyEngine - INFO - Topic already exists, skipping to the next iteration... KafkaError{code=TOPIC_ALREADY_EXISTS,val=36,str="Topic 'binance_api_perpetual_inverse_funding_btcfundperp' already exists."}
2024-05-15 09:40:20,572 - OriginHub.SupplyEngine - INFO - Topic already exists, skipping to the next iteration... KafkaError{code=TOPIC_ALREADY_EXISTS,val=36,str="Topic 'binance_api_perpetual_inverse_oi_btcoifutureperp' already exists."}
2024-05-15 09:40:20,572 - OriginHub.SupplyEngine - INFO - Topic already exists, skipping to the next iteration... KafkaError{code=TOPIC_ALREADY_EXISTS,val=36,str="Topic 'binance_api_perpetual_inverse_gta_btcposfutureperp' already exists."}
2024-05-15 09:40:20,574 - OriginHub.SupplyEngine - INFO - Topic already exists, skipping to the next iteration... KafkaError{code=TOPIC_ALREADY_EXISTS,val=36,str="Topic 'binance_api_option_option_oi_btcoioption' already exists."}
2024-05-15 09:42:59,094 - OriginHub.SupplyEngine - INFO - Topic already exists, skipping to the next iteration... KafkaError{code=TOPIC_ALREADY_EXISTS,val=36,str="Topic 'binance_api_perpetual_inverse_funding_btcfundperp' already exists."}
2024-05-15 09:43:38,648 - OriginHub.SupplyEngine - INFO - Topic already exists, skipping to the next iteration... KafkaError{code=TOPIC_ALREADY_EXISTS,val=36,str="Topic 'binance_api_perpetual_inverse_funding_btcfundperp' already exists."}
2024-05-15 09:43:38,649 - OriginHub.SupplyEngine - INFO - Topic already exists, skipping to the next iteration... KafkaError{code=TOPIC_ALREADY_EXISTS,val=36,str="Topic 'binance_api_option_option_oi_btcoioption' already exists."}
2024-05-15 09:50:07,812 - OriginHub.SupplyEngine - INFO - Topic already exists, skipping to the next iteration... KafkaError{code=TOPIC_ALREADY_EXISTS,val=36,str="Topic 'binance_api_option_option_oi_btcoioption' already exists."}
2024-05-15 09:50:50,627 - OriginHub.SupplyEngine - INFO - Topic already exists, skipping to the next iteration... KafkaError{code=TOPIC_ALREADY_EXISTS,val=36,str="Topic 'binance_api_perpetual_inverse_gta_btcposfutureperp' already exists."}
2024-05-15 09:50:50,627 - OriginHub.SupplyEngine - INFO - Topic already exists, skipping to the next iteration... KafkaError{code=TOPIC_ALREADY_EXISTS,val=36,str="Topic 'binance_api_option_option_oi_btcoioption' already exists."}
2024-05-15 09:55:44,269 - OriginHub.SupplyEngine - INFO - Topic already exists, skipping to the next iteration... KafkaError{code=TOPIC_ALREADY_EXISTS,val=36,str="Topic 'binance_api_perpetual_inverse_gta_btcposfutureperp' already exists."}
2024-05-15 09:55:44,269 - OriginHub.SupplyEngine - INFO - Topic already exists, skipping to the next iteration... KafkaError{code=TOPIC_ALREADY_EXISTS,val=36,str="Topic 'binance_api_option_option_oi_btcoioption' already exists."}
2024-05-15 09:55:45,283 - OriginHub.SupplyEngine - ERROR - Error from binance_api_perpetual_inverse_gta_btc: update_wrapper() missing 1 required positional argument: 'wrapper'
Traceback (most recent call last):
  File "/workspaces/fastmoonStreams/OriginHub/ApiMixer.py", line 42, in wrapper
    task = asyncio.create_task(self.aiomethod())
TypeError: update_wrapper() missing 1 required positional argument: 'wrapper'
2024-05-15 09:56:35,546 - OriginHub.SupplyEngine - INFO - Topic already exists, skipping to the next iteration... KafkaError{code=TOPIC_ALREADY_EXISTS,val=36,str="Topic 'binance_api_perpetual_inverse_gta_btcposfutureperp' already exists."}
2024-05-15 09:56:35,547 - OriginHub.SupplyEngine - INFO - Topic already exists, skipping to the next iteration... KafkaError{code=TOPIC_ALREADY_EXISTS,val=36,str="Topic 'binance_api_option_option_oi_btcoioption' already exists."}
2024-05-15 09:57:52,468 - OriginHub.SupplyEngine - INFO - Topic already exists, skipping to the next iteration... KafkaError{code=TOPIC_ALREADY_EXISTS,val=36,str="Topic 'binance_api_perpetual_inverse_gta_btcposfutureperp' already exists."}
2024-05-15 09:57:52,468 - OriginHub.SupplyEngine - INFO - Topic already exists, skipping to the next iteration... KafkaError{code=TOPIC_ALREADY_EXISTS,val=36,str="Topic 'binance_api_option_option_oi_btcoioption' already exists."}
2024-05-15 09:57:53,479 - OriginHub.SupplyEngine - ERROR - Error from binance_api_perpetual_inverse_gta_btc: update_wrapper() missing 1 required positional argument: 'wrapper'
Traceback (most recent call last):
  File "/workspaces/fastmoonStreams/OriginHub/ApiMixer.py", line 42, in wrapper
    task = asyncio.create_task(self.aiomethod())
TypeError: update_wrapper() missing 1 required positional argument: 'wrapper'
2024-05-15 09:58:37,178 - OriginHub.SupplyEngine - INFO - Topic already exists, skipping to the next iteration... KafkaError{code=TOPIC_ALREADY_EXISTS,val=36,str="Topic 'binance_api_perpetual_inverse_gta_btcposfutureperp' already exists."}
2024-05-15 09:58:37,179 - OriginHub.SupplyEngine - INFO - Topic already exists, skipping to the next iteration... KafkaError{code=TOPIC_ALREADY_EXISTS,val=36,str="Topic 'binance_api_option_option_oi_btcoioption' already exists."}
2024-05-15 09:58:38,191 - OriginHub.SupplyEngine - ERROR - Error from binance_api_perpetual_inverse_gta_btc: update_wrapper() missing 1 required positional argument: 'wrapper'
Traceback (most recent call last):
  File "/workspaces/fastmoonStreams/OriginHub/ApiMixer.py", line 42, in wrapper
    task = asyncio.create_task(self.aiomethod())
TypeError: update_wrapper() missing 1 required positional argument: 'wrapper'
2024-05-15 10:00:05,490 - OriginHub.SupplyEngine - INFO - Topic already exists, skipping to the next iteration... KafkaError{code=TOPIC_ALREADY_EXISTS,val=36,str="Topic 'binance_api_perpetual_inverse_gta_btcposfutureperp' already exists."}
2024-05-15 10:00:05,491 - OriginHub.SupplyEngine - INFO - Topic already exists, skipping to the next iteration... KafkaError{code=TOPIC_ALREADY_EXISTS,val=36,str="Topic 'binance_api_option_option_oi_btcoioption' already exists."}
2024-05-15 10:02:47,478 - OriginHub.SupplyEngine - INFO - Topic already exists, skipping to the next iteration... KafkaError{code=TOPIC_ALREADY_EXISTS,val=36,str="Topic 'binance_api_perpetual_inverse_gta_btcposfutureperp' already exists."}
2024-05-15 10:02:47,483 - OriginHub.SupplyEngine - INFO - Topic already exists, skipping to the next iteration... KafkaError{code=TOPIC_ALREADY_EXISTS,val=36,str="Topic 'binance_api_option_option_oi_btcoioption' already exists."}
2024-05-15 10:03:28,101 - OriginHub.SupplyEngine - INFO - Topic already exists, skipping to the next iteration... KafkaError{code=TOPIC_ALREADY_EXISTS,val=36,str="Topic 'binance_api_perpetual_inverse_gta_btcposfutureperp' already exists."}
2024-05-15 10:03:28,101 - OriginHub.SupplyEngine - INFO - Topic already exists, skipping to the next iteration... KafkaError{code=TOPIC_ALREADY_EXISTS,val=36,str="Topic 'binance_api_option_option_oi_btcoioption' already exists."}
2024-05-15 10:10:15,293 - OriginHub.SupplyEngine - INFO - Topic already exists, skipping to the next iteration... KafkaError{code=TOPIC_ALREADY_EXISTS,val=36,str="Topic 'binance_api_perpetual_inverse_gta_btcposfutureperp' already exists."}
2024-05-15 10:10:15,294 - OriginHub.SupplyEngine - INFO - Topic already exists, skipping to the next iteration... KafkaError{code=TOPIC_ALREADY_EXISTS,val=36,str="Topic 'binance_api_option_option_oi_btcoioption' already exists."}
2024-05-15 10:10:16,304 - OriginHub.SupplyEngine - ERROR - Error from binance_api_perpetual_inverse_gta_btc: binance_aoihttp_posfutureperp_manager.aiomethod() missing 1 required positional argument: 'self'
Traceback (most recent call last):
  File "/workspaces/fastmoonStreams/OriginHub/ApiMixer.py", line 42, in wrapper
    task = asyncio.create_task(self.aiomethod())
TypeError: binance_aoihttp_posfutureperp_manager.aiomethod() missing 1 required positional argument: 'self'
2024-05-15 12:04:30,794 - OriginHub.SupplyEngine - INFO - Topic already exists, skipping to the next iteration... KafkaError{code=TOPIC_ALREADY_EXISTS,val=36,str="Topic 'binance_api_perpetual_inverse_gta_btcposfutureperp' already exists."}
2024-05-15 12:04:30,795 - OriginHub.SupplyEngine - INFO - Topic already exists, skipping to the next iteration... KafkaError{code=TOPIC_ALREADY_EXISTS,val=36,str="Topic 'binance_api_option_option_oi_btcoioption' already exists."}
2024-05-15 12:08:20,061 - OriginHub.SupplyEngine - INFO - Topic already exists, skipping to the next iteration... KafkaError{code=TOPIC_ALREADY_EXISTS,val=36,str="Topic 'binance_api_perpetual_inverse_gta_btcposfutureperp' already exists."}
2024-05-15 12:08:20,062 - OriginHub.SupplyEngine - INFO - Topic already exists, skipping to the next iteration... KafkaError{code=TOPIC_ALREADY_EXISTS,val=36,str="Topic 'binance_api_option_option_oi_btcoioption' already exists."}
2024-05-15 12:09:03,024 - OriginHub.SupplyEngine - INFO - Topic already exists, skipping to the next iteration... KafkaError{code=TOPIC_ALREADY_EXISTS,val=36,str="Topic 'binance_api_perpetual_inverse_gta_btcposfutureperp' already exists."}
2024-05-15 12:09:03,025 - OriginHub.SupplyEngine - INFO - Topic already exists, skipping to the next iteration... KafkaError{code=TOPIC_ALREADY_EXISTS,val=36,str="Topic 'binance_api_option_option_oi_btcoioption' already exists."}
2024-05-15 12:31:14,198 - OriginHub.SupplyEngine - INFO - Topic already exists, skipping to the next iteration... KafkaError{code=TOPIC_ALREADY_EXISTS,val=36,str="Topic 'binance_api_perpetual_inverse_funding_btcfundperp' already exists."}
2024-05-15 12:31:14,199 - OriginHub.SupplyEngine - INFO - Topic already exists, skipping to the next iteration... KafkaError{code=TOPIC_ALREADY_EXISTS,val=36,str="Topic 'binance_api_option_option_oi_btcoioption' already exists."}
2024-05-15 12:34:56,951 - OriginHub.SupplyEngine - INFO - Topic already exists, skipping to the next iteration... KafkaError{code=TOPIC_ALREADY_EXISTS,val=36,str="Topic 'binance_api_perpetual_inverse_funding_btcfundperp' already exists."}
2024-05-15 12:34:56,951 - OriginHub.SupplyEngine - INFO - Topic already exists, skipping to the next iteration... KafkaError{code=TOPIC_ALREADY_EXISTS,val=36,str="Topic 'binance_api_option_option_oi_btcoioption' already exists."}
2024-05-15 12:35:12,658 - OriginHub.SupplyEngine - INFO - Topic already exists, skipping to the next iteration... KafkaError{code=TOPIC_ALREADY_EXISTS,val=36,str="Topic 'binance_api_perpetual_inverse_funding_btcfundperp' already exists."}
2024-05-15 12:35:12,659 - OriginHub.SupplyEngine - INFO - Topic already exists, skipping to the next iteration... KafkaError{code=TOPIC_ALREADY_EXISTS,val=36,str="Topic 'binance_api_option_option_oi_btcoioption' already exists."}
2024-05-15 12:45:57,607 - OriginHub.SupplyEngine - INFO - Topic already exists, skipping to the next iteration... KafkaError{code=TOPIC_ALREADY_EXISTS,val=36,str="Topic 'binance_api_perpetual_inverse_funding_btcfundperp' already exists."}
2024-05-15 12:45:57,607 - OriginHub.SupplyEngine - INFO - Topic already exists, skipping to the next iteration... KafkaError{code=TOPIC_ALREADY_EXISTS,val=36,str="Topic 'binance_api_option_option_oi_btcoioption' already exists."}
2024-05-15 12:46:22,799 - OriginHub.SupplyEngine - INFO - Topic already exists, skipping to the next iteration... KafkaError{code=TOPIC_ALREADY_EXISTS,val=36,str="Topic 'binance_api_perpetual_inverse_funding_btcfundperp' already exists."}
2024-05-15 12:46:22,800 - OriginHub.SupplyEngine - INFO - Topic already exists, skipping to the next iteration... KafkaError{code=TOPIC_ALREADY_EXISTS,val=36,str="Topic 'binance_api_option_option_oi_btcoioption' already exists."}
2024-05-15 12:55:03,514 - OriginHub.SupplyEngine - INFO - Topic already exists, skipping to the next iteration... KafkaError{code=TOPIC_ALREADY_EXISTS,val=36,str="Topic 'binance_api_perpetual_inverse_funding_btcfundperp' already exists."}
2024-05-15 12:55:03,514 - OriginHub.SupplyEngine - INFO - Topic already exists, skipping to the next iteration... KafkaError{code=TOPIC_ALREADY_EXISTS,val=36,str="Topic 'binance_api_option_option_oi_btcoioption' already exists."}
2024-05-15 12:55:22,571 - OriginHub.SupplyEngine - INFO - Topic already exists, skipping to the next iteration... KafkaError{code=TOPIC_ALREADY_EXISTS,val=36,str="Topic 'binance_api_perpetual_inverse_funding_btcfundperp' already exists."}
2024-05-15 12:55:22,572 - OriginHub.SupplyEngine - INFO - Topic already exists, skipping to the next iteration... KafkaError{code=TOPIC_ALREADY_EXISTS,val=36,str="Topic 'binance_api_option_option_oi_btcoioption' already exists."}
2024-05-15 12:55:57,065 - OriginHub.SupplyEngine - INFO - Topic already exists, skipping to the next iteration... KafkaError{code=TOPIC_ALREADY_EXISTS,val=36,str="Topic 'binance_api_perpetual_inverse_gta_btcposfutureperp' already exists."}
2024-05-15 12:55:57,066 - OriginHub.SupplyEngine - INFO - Topic already exists, skipping to the next iteration... KafkaError{code=TOPIC_ALREADY_EXISTS,val=36,str="Topic 'binance_api_option_option_oi_btcoioption' already exists."}
2024-05-16 12:47:37,304 - OriginHub.SupplyEngine - INFO - Topic already exists, skipping to the next iteration... KafkaError{code=TOPIC_ALREADY_EXISTS,val=36,str="Topic 'binance_api_perpetual_inverse_gta_btcposfutureperp' already exists."}
2024-05-16 12:47:37,343 - OriginHub.SupplyEngine - INFO - Topic already exists, skipping to the next iteration... KafkaError{code=TOPIC_ALREADY_EXISTS,val=36,str="Topic 'binance_api_option_option_oi_btcoioption' already exists."}
2024-05-16 12:58:25,654 - OriginHub.SupplyEngine - INFO - Topic already exists, skipping to the next iteration... KafkaError{code=TOPIC_ALREADY_EXISTS,val=36,str="Topic 'binance_api_perpetual_inverse_gta_btcposfutureperp' already exists."}
2024-05-16 12:58:25,654 - OriginHub.SupplyEngine - INFO - Topic already exists, skipping to the next iteration... KafkaError{code=TOPIC_ALREADY_EXISTS,val=36,str="Topic 'binance_api_option_option_oi_btcoioption' already exists."}
2024-05-16 13:06:27,500 - OriginHub.SupplyEngine - INFO - Topic already exists, skipping to the next iteration... KafkaError{code=TOPIC_ALREADY_EXISTS,val=36,str="Topic 'binance_api_perpetual_inverse_gta_btcposfutureperp' already exists."}
2024-05-16 13:06:27,501 - OriginHub.SupplyEngine - INFO - Topic already exists, skipping to the next iteration... KafkaError{code=TOPIC_ALREADY_EXISTS,val=36,str="Topic 'binance_api_option_option_oi_btcoioption' already exists."}
2024-05-16 13:11:54,852 - OriginHub.SupplyEngine - INFO - Topic already exists, skipping to the next iteration... KafkaError{code=TOPIC_ALREADY_EXISTS,val=36,str="Topic 'binance_api_perpetual_inverse_gta_btcposfutureperp' already exists."}
2024-05-16 13:11:54,853 - OriginHub.SupplyEngine - INFO - Topic already exists, skipping to the next iteration... KafkaError{code=TOPIC_ALREADY_EXISTS,val=36,str="Topic 'binance_api_option_option_oi_btcoioption' already exists."}
2024-05-16 13:15:06,203 - OriginHub.SupplyEngine - INFO - Topic already exists, skipping to the next iteration... KafkaError{code=TOPIC_ALREADY_EXISTS,val=36,str="Topic 'binance_api_perpetual_inverse_gta_btcposfutureperp' already exists."}
2024-05-16 13:15:06,204 - OriginHub.SupplyEngine - INFO - Topic already exists, skipping to the next iteration... KafkaError{code=TOPIC_ALREADY_EXISTS,val=36,str="Topic 'binance_api_option_option_oi_btcoioption' already exists."}
2024-05-16 13:20:04,067 - OriginHub.SupplyEngine - INFO - Topic already exists, skipping to the next iteration... KafkaError{code=TOPIC_ALREADY_EXISTS,val=36,str="Topic 'binance_api_perpetual_inverse_gta_btcposfutureperp' already exists."}
2024-05-16 13:20:04,068 - OriginHub.SupplyEngine - INFO - Topic already exists, skipping to the next iteration... KafkaError{code=TOPIC_ALREADY_EXISTS,val=36,str="Topic 'binance_api_option_option_oi_btcoioption' already exists."}
2024-05-16 13:23:05,560 - OriginHub.SupplyEngine - INFO - Topic already exists, skipping to the next iteration... KafkaError{code=TOPIC_ALREADY_EXISTS,val=36,str="Topic 'binance_api_perpetual_inverse_gta_btcposfutureperp' already exists."}
2024-05-16 13:23:05,560 - OriginHub.SupplyEngine - INFO - Topic already exists, skipping to the next iteration... KafkaError{code=TOPIC_ALREADY_EXISTS,val=36,str="Topic 'binance_api_option_option_oi_btcoioption' already exists."}
2024-05-16 13:27:14,538 - OriginHub.SupplyEngine - INFO - Topic already exists, skipping to the next iteration... KafkaError{code=TOPIC_ALREADY_EXISTS,val=36,str="Topic 'binance_api_perpetual_inverse_gta_btcposfutureperp' already exists."}
2024-05-16 13:27:14,539 - OriginHub.SupplyEngine - INFO - Topic already exists, skipping to the next iteration... KafkaError{code=TOPIC_ALREADY_EXISTS,val=36,str="Topic 'binance_api_option_option_oi_btcoioption' already exists."}
2024-05-16 13:28:33,583 - OriginHub.SupplyEngine - INFO - Topic already exists, skipping to the next iteration... KafkaError{code=TOPIC_ALREADY_EXISTS,val=36,str="Topic 'binance_api_perpetual_inverse_gta_btcposfutureperp' already exists."}
2024-05-16 13:28:33,584 - OriginHub.SupplyEngine - INFO - Topic already exists, skipping to the next iteration... KafkaError{code=TOPIC_ALREADY_EXISTS,val=36,str="Topic 'binance_api_option_option_oi_btcoioption' already exists."}
2024-05-16 13:28:51,450 - OriginHub.SupplyEngine - INFO - Topic already exists, skipping to the next iteration... KafkaError{code=TOPIC_ALREADY_EXISTS,val=36,str="Topic 'binance_api_perpetual_inverse_gta_btcposfutureperp' already exists."}
2024-05-16 13:28:51,451 - OriginHub.SupplyEngine - INFO - Topic already exists, skipping to the next iteration... KafkaError{code=TOPIC_ALREADY_EXISTS,val=36,str="Topic 'binance_api_option_option_oi_btcoioption' already exists."}
2024-05-16 13:29:29,117 - OriginHub.SupplyEngine - INFO - Topic already exists, skipping to the next iteration... KafkaError{code=TOPIC_ALREADY_EXISTS,val=36,str="Topic 'binance_api_perpetual_inverse_gta_btcposfutureperp' already exists."}
2024-05-16 13:29:29,118 - OriginHub.SupplyEngine - INFO - Topic already exists, skipping to the next iteration... KafkaError{code=TOPIC_ALREADY_EXISTS,val=36,str="Topic 'binance_api_option_option_oi_btcoioption' already exists."}
2024-05-16 13:31:27,918 - OriginHub.SupplyEngine - INFO - Topic already exists, skipping to the next iteration... KafkaError{code=TOPIC_ALREADY_EXISTS,val=36,str="Topic 'binance_api_perpetual_inverse_gta_btcposfutureperp' already exists."}
2024-05-16 13:31:27,919 - OriginHub.SupplyEngine - INFO - Topic already exists, skipping to the next iteration... KafkaError{code=TOPIC_ALREADY_EXISTS,val=36,str="Topic 'binance_api_option_option_oi_btcoioption' already exists."}
2024-05-16 13:32:07,232 - OriginHub.SupplyEngine - INFO - Topic already exists, skipping to the next iteration... KafkaError{code=TOPIC_ALREADY_EXISTS,val=36,str="Topic 'binance_api_perpetual_inverse_gta_btcposfutureperp' already exists."}
2024-05-16 13:32:07,232 - OriginHub.SupplyEngine - INFO - Topic already exists, skipping to the next iteration... KafkaError{code=TOPIC_ALREADY_EXISTS,val=36,str="Topic 'binance_api_option_option_oi_btcoioption' already exists."}
2024-05-16 13:50:16,889 - OriginHub.SupplyEngine - INFO - Topic already exists, skipping to the next iteration... KafkaError{code=TOPIC_ALREADY_EXISTS,val=36,str="Topic 'binance_api_perpetual_inverse_gta_btcposfutureperp' already exists."}
2024-05-16 13:50:16,890 - OriginHub.SupplyEngine - INFO - Topic already exists, skipping to the next iteration... KafkaError{code=TOPIC_ALREADY_EXISTS,val=36,str="Topic 'binance_api_option_option_oi_btcoioption' already exists."}
2024-05-16 13:51:27,368 - OriginHub.SupplyEngine - INFO - Topic already exists, skipping to the next iteration... KafkaError{code=TOPIC_ALREADY_EXISTS,val=36,str="Topic 'binance_api_perpetual_inverse_gta_btcposfutureperp' already exists."}
2024-05-16 13:51:27,369 - OriginHub.SupplyEngine - INFO - Topic already exists, skipping to the next iteration... KafkaError{code=TOPIC_ALREADY_EXISTS,val=36,str="Topic 'binance_api_option_option_oi_btcoioption' already exists."}
2024-05-16 13:53:13,024 - OriginHub.SupplyEngine - INFO - Topic already exists, skipping to the next iteration... KafkaError{code=TOPIC_ALREADY_EXISTS,val=36,str="Topic 'binance_api_perpetual_inverse_gta_btcposfutureperp' already exists."}
2024-05-16 13:53:24,551 - OriginHub.SupplyEngine - INFO - Topic already exists, skipping to the next iteration... KafkaError{code=TOPIC_ALREADY_EXISTS,val=36,str="Topic 'binance_api_option_option_oi_btcoioption' already exists."}
2024-05-16 13:55:40,519 - OriginHub.SupplyEngine - INFO - Topic already exists, skipping to the next iteration... KafkaError{code=TOPIC_ALREADY_EXISTS,val=36,str="Topic 'binance_api_option_option_oi_btcoioption' already exists."}
2024-05-16 13:55:48,543 - OriginHub.SupplyEngine - INFO - Topic already exists, skipping to the next iteration... KafkaError{code=TOPIC_ALREADY_EXISTS,val=36,str="Topic 'binance_api_perpetual_inverse_gta_btcposfutureperp' already exists."}
2024-05-16 13:55:48,544 - OriginHub.SupplyEngine - INFO - Topic already exists, skipping to the next iteration... KafkaError{code=TOPIC_ALREADY_EXISTS,val=36,str="Topic 'binance_api_option_option_oi_btcoioption' already exists."}
2024-05-16 14:01:38,202 - OriginHub.SupplyEngine - INFO - Topic already exists, skipping to the next iteration... KafkaError{code=TOPIC_ALREADY_EXISTS,val=36,str="Topic 'binance_api_perpetual_inverse_oi_btcoifutureperp' already exists."}
2024-05-16 14:01:38,203 - OriginHub.SupplyEngine - INFO - Topic already exists, skipping to the next iteration... KafkaError{code=TOPIC_ALREADY_EXISTS,val=36,str="Topic 'binance_api_perpetual_inverse_gta_btcposfutureperp' already exists."}
2024-05-16 14:04:03,854 - OriginHub.SupplyEngine - INFO - Topic already exists, skipping to the next iteration... KafkaError{code=TOPIC_ALREADY_EXISTS,val=36,str="Topic 'binance_api_perpetual_inverse_oi_btcoifutureperp' already exists."}
2024-05-16 14:04:03,855 - OriginHub.SupplyEngine - INFO - Topic already exists, skipping to the next iteration... KafkaError{code=TOPIC_ALREADY_EXISTS,val=36,str="Topic 'binance_api_perpetual_inverse_gta_btcposfutureperp' already exists."}
2024-05-16 14:05:52,663 - OriginHub.SupplyEngine - INFO - Topic already exists, skipping to the next iteration... KafkaError{code=TOPIC_ALREADY_EXISTS,val=36,str="Topic 'binance_api_perpetual_inverse_oi_btcoifutureperp' already exists."}
2024-05-16 14:05:52,664 - OriginHub.SupplyEngine - INFO - Topic already exists, skipping to the next iteration... KafkaError{code=TOPIC_ALREADY_EXISTS,val=36,str="Topic 'binance_api_perpetual_inverse_gta_btcposfutureperp' already exists."}
2024-05-16 14:06:40,848 - OriginHub.SupplyEngine - INFO - Topic already exists, skipping to the next iteration... KafkaError{code=TOPIC_ALREADY_EXISTS,val=36,str="Topic 'binance_api_perpetual_inverse_oi_btcoifutureperp' already exists."}
2024-05-16 14:06:40,848 - OriginHub.SupplyEngine - INFO - Topic already exists, skipping to the next iteration... KafkaError{code=TOPIC_ALREADY_EXISTS,val=36,str="Topic 'binance_api_perpetual_inverse_gta_btcposfutureperp' already exists."}
2024-05-16 14:06:54,990 - OriginHub.SupplyEngine - INFO - Topic already exists, skipping to the next iteration... KafkaError{code=TOPIC_ALREADY_EXISTS,val=36,str="Topic 'binance_api_perpetual_inverse_oi_btcoifutureperp' already exists."}
2024-05-16 14:06:54,991 - OriginHub.SupplyEngine - INFO - Topic already exists, skipping to the next iteration... KafkaError{code=TOPIC_ALREADY_EXISTS,val=36,str="Topic 'binance_api_perpetual_inverse_gta_btcposfutureperp' already exists."}
2024-05-16 14:09:37,017 - OriginHub.SupplyEngine - INFO - Topic already exists, skipping to the next iteration... KafkaError{code=TOPIC_ALREADY_EXISTS,val=36,str="Topic 'binance_api_perpetual_inverse_oi_btcoifutureperp' already exists."}
2024-05-16 14:09:37,017 - OriginHub.SupplyEngine - INFO - Topic already exists, skipping to the next iteration... KafkaError{code=TOPIC_ALREADY_EXISTS,val=36,str="Topic 'binance_api_perpetual_inverse_gta_btcposfutureperp' already exists."}
2024-05-16 14:13:55,728 - OriginHub.SupplyEngine - INFO - Topic already exists, skipping to the next iteration... KafkaError{code=TOPIC_ALREADY_EXISTS,val=36,str="Topic 'binance_api_perpetual_inverse_oi_btcoifutureperp' already exists."}
2024-05-16 14:13:55,728 - OriginHub.SupplyEngine - INFO - Topic already exists, skipping to the next iteration... KafkaError{code=TOPIC_ALREADY_EXISTS,val=36,str="Topic 'binance_api_perpetual_inverse_gta_btcposfutureperp' already exists."}
2024-05-16 14:14:49,458 - OriginHub.SupplyEngine - INFO - Topic already exists, skipping to the next iteration... KafkaError{code=TOPIC_ALREADY_EXISTS,val=36,str="Topic 'binance_api_perpetual_inverse_oi_btcoifutureperp' already exists."}
2024-05-16 14:14:49,459 - OriginHub.SupplyEngine - INFO - Topic already exists, skipping to the next iteration... KafkaError{code=TOPIC_ALREADY_EXISTS,val=36,str="Topic 'binance_api_perpetual_inverse_gta_btcposfutureperp' already exists."}
